2024-10-24 16:47:50,165 file.manager INFO 2.0.2
2024-10-24 16:47:50,165 file.manager INFO Copyright (C) 2003-2024, Noriaki Ando and OpenRTM development team,
2024-10-24 16:47:50,165 file.manager INFO   Intelligent Systems Research Institute, AIST,
2024-10-24 16:47:50,165 file.manager INFO Copyright (C) 2024, Noriaki Ando and OpenRTM development team,
2024-10-24 16:47:50,165 file.manager INFO   Industrial Cyber-Physical Research Center, AIST,
2024-10-24 16:47:50,165 file.manager INFO   All right reserved.
2024-10-24 16:47:50,165 file.manager INFO Manager starting.
2024-10-24 16:47:50,165 file.manager INFO Starting local logging.
2024-10-24 16:47:50,170 file.manager.namingmanager INFO NameServer connection succeeded: corba/localhost
2024-10-24 16:47:54,296 file.ManagerServant INFO Master manager not found
2024-10-24 16:47:54,298 file.LocalServiceAdmin INFO All the local services are enabled.
2024-10-24 16:47:54,303 file.manager INFO Component type conf file: SevSeg.conf loaded.
2024-10-24 16:47:54,303 file.ec_base INFO setRate(1000000.000000) done
2024-10-24 16:47:54,303 file.ec_base INFO setRate(1000.000000) done
2024-10-24 16:47:54,304 file.rtobject INFO 1 execution context was created.
2024-10-24 16:47:54,304 file.rtobject INFO Initial active configuration set is default.
2024-10-24 16:48:08,382 file.ManagerServant INFO Master manager not found
2024-10-24 16:48:13,800 file.SdoServiceAdmin WARNING No available SDO service in the factory: 
2024-10-24 16:48:13,800 file.SdoServiceAdmin ERROR type  not exists.
2024-10-24 16:48:18,470 file.ManagerServant INFO Master manager not found
2024-10-24 16:48:28,597 file.ManagerServant INFO Master manager not found
2024-10-24 16:48:38,587 file.ManagerServant INFO Master manager not found
2024-10-24 16:48:48,704 file.ManagerServant INFO Master manager not found
2024-10-24 16:48:58,746 file.ManagerServant INFO Master manager not found
2024-10-24 16:49:08,762 file.ManagerServant INFO Master manager not found
2024-10-24 16:49:18,795 file.ManagerServant INFO Master manager not found
2024-10-24 16:49:28,810 file.ManagerServant INFO Master manager not found
2024-10-24 16:49:38,822 file.ManagerServant INFO Master manager not found
2024-10-24 16:49:48,819 file.ManagerServant INFO Master manager not found
2024-10-24 16:49:58,914 file.ManagerServant INFO Master manager not found
