2024-11-07 14:38:09,090 file.manager INFO 2.0.2
2024-11-07 14:38:09,090 file.manager INFO Copyright (C) 2003-2024, Noriaki Ando and OpenRTM development team,
2024-11-07 14:38:09,090 file.manager INFO   Intelligent Systems Research Institute, AIST,
2024-11-07 14:38:09,090 file.manager INFO Copyright (C) 2024, Noriaki Ando and OpenRTM development team,
2024-11-07 14:38:09,090 file.manager INFO   Industrial Cyber-Physical Research Center, AIST,
2024-11-07 14:38:09,090 file.manager INFO   All right reserved.
2024-11-07 14:38:09,090 file.manager INFO Manager starting.
2024-11-07 14:38:09,090 file.manager INFO Starting local logging.
2024-11-07 14:38:13,176 file.manager.namingmanager INFO NameServer connection failed: corba/localhost
2024-11-07 14:38:17,265 file.ManagerServant INFO Master manager not found
2024-11-07 14:38:17,281 file.LocalServiceAdmin INFO All the local services are enabled.
2024-11-07 14:38:17,285 file.manager INFO Component type conf file: SevSeg.conf loaded.
2024-11-07 14:38:17,285 file.ec_base INFO setRate(1000000.000000) done
2024-11-07 14:38:17,285 file.ec_base INFO setRate(1000.000000) done
2024-11-07 14:38:17,285 file.rtobject INFO 1 execution context was created.
2024-11-07 14:38:17,285 file.rtobject INFO Initial active configuration set is default.
2024-11-07 14:38:31,410 file.manager.namingmanager INFO NameServer connection failed: corba/localhost
2024-11-07 14:38:35,463 file.ManagerServant INFO Master manager not found
2024-11-07 14:38:41,424 file.manager.namingmanager INFO NameServer connection failed: corba/localhost
2024-11-07 14:38:45,523 file.ManagerServant INFO Master manager not found
2024-11-07 14:38:51,524 file.manager.namingmanager INFO NameServer connection failed: corba/localhost
2024-11-07 14:38:55,608 file.ManagerServant INFO Master manager not found
2024-11-07 14:39:01,570 file.manager.namingmanager INFO NameServer connection failed: corba/localhost
2024-11-07 14:39:05,643 file.ManagerServant INFO Master manager not found
2024-11-07 14:39:11,616 file.manager.namingmanager INFO NameServer connection failed: corba/localhost
2024-11-07 14:39:15,681 file.ManagerServant INFO Master manager not found
2024-11-07 14:39:21,692 file.manager.namingmanager INFO NameServer connection failed: corba/localhost
2024-11-07 14:39:25,791 file.ManagerServant INFO Master manager not found
2024-11-07 14:39:31,694 file.manager.namingmanager INFO NameServer connection failed: corba/localhost
2024-11-07 14:39:35,750 file.ManagerServant INFO Master manager not found
2024-11-07 14:39:41,745 file.manager.namingmanager INFO NameServer connection failed: corba/localhost
2024-11-07 14:39:45,808 file.ManagerServant INFO Master manager not found
2024-11-07 14:39:51,795 file.manager.namingmanager INFO NameServer connection failed: corba/localhost
2024-11-07 14:39:55,850 file.ManagerServant INFO Master manager not found
2024-11-07 14:40:01,819 file.manager.namingmanager INFO NameServer connection failed: corba/localhost
2024-11-07 14:40:05,886 file.ManagerServant INFO Master manager not found
2024-11-07 14:40:11,875 file.manager.namingmanager INFO NameServer connection failed: corba/localhost
2024-11-07 14:40:15,950 file.ManagerServant INFO Master manager not found
2024-11-07 14:40:21,902 file.manager.namingmanager INFO NameServer connection failed: corba/localhost
2024-11-07 14:40:25,948 file.ManagerServant INFO Master manager not found
2024-11-07 14:40:32,008 file.manager.namingmanager INFO NameServer connection failed: corba/localhost
2024-11-07 14:40:36,092 file.ManagerServant INFO Master manager not found
2024-11-07 14:40:42,049 file.manager.namingmanager INFO NameServer connection failed: corba/localhost
2024-11-07 14:40:46,099 file.ManagerServant INFO Master manager not found
2024-11-07 14:40:52,086 file.manager.namingmanager INFO NameServer connection failed: corba/localhost
2024-11-07 14:40:56,146 file.ManagerServant INFO Master manager not found
2024-11-07 14:40:58,076 file.manager.namingmanager INFO NameServer connection succeeded: corba/localhost
2024-11-07 14:40:58,077 file.manager.namingmanager INFO Connected to a name server: corba/localhost
2024-11-07 14:41:02,122 file.ManagerServant INFO Master manager not found
2024-11-07 14:41:12,251 file.ManagerServant INFO Master manager not found
2024-11-07 14:41:17,062 file.SdoServiceAdmin WARNING No available SDO service in the factory: 
2024-11-07 14:41:17,062 file.SdoServiceAdmin ERROR type  not exists.
2024-11-07 14:41:22,274 file.ManagerServant INFO Master manager not found
2024-11-07 14:41:32,296 file.ManagerServant INFO Master manager not found
2024-11-07 14:41:42,330 file.ManagerServant INFO Master manager not found
2024-11-07 14:41:52,348 file.ManagerServant INFO Master manager not found
2024-11-07 14:42:02,361 file.ManagerServant INFO Master manager not found
2024-11-07 14:42:12,392 file.ManagerServant INFO Master manager not found
2024-11-07 14:42:22,417 file.ManagerServant INFO Master manager not found
2024-11-07 14:42:32,414 file.ManagerServant INFO Master manager not found
2024-11-07 14:42:42,398 file.ManagerServant INFO Master manager not found
2024-11-07 14:42:52,494 file.ManagerServant INFO Master manager not found
2024-11-07 14:43:02,588 file.ManagerServant INFO Master manager not found
2024-11-07 14:43:12,689 file.ManagerServant INFO Master manager not found
2024-11-07 14:43:22,684 file.ManagerServant INFO Master manager not found
2024-11-07 14:43:32,809 file.ManagerServant INFO Master manager not found
2024-11-07 14:43:42,882 file.ManagerServant INFO Master manager not found
2024-11-07 14:43:52,865 file.ManagerServant INFO Master manager not found
2024-11-07 14:44:02,969 file.ManagerServant INFO Master manager not found
2024-11-07 14:44:12,960 file.ManagerServant INFO Master manager not found
2024-11-07 14:44:23,063 file.ManagerServant INFO Master manager not found
2024-11-07 14:44:33,087 file.ManagerServant INFO Master manager not found
2024-11-07 14:44:43,131 file.ManagerServant INFO Master manager not found
2024-11-07 14:44:53,171 file.ManagerServant INFO Master manager not found
2024-11-07 14:45:03,214 file.ManagerServant INFO Master manager not found
2024-11-07 14:45:13,253 file.ManagerServant INFO Master manager not found
2024-11-07 14:45:23,294 file.ManagerServant INFO Master manager not found
2024-11-07 14:45:33,321 file.ManagerServant INFO Master manager not found
2024-11-07 14:45:43,338 file.ManagerServant INFO Master manager not found
2024-11-07 14:45:53,349 file.ManagerServant INFO Master manager not found
2024-11-07 14:46:03,363 file.ManagerServant INFO Master manager not found
2024-11-07 14:46:13,391 file.ManagerServant INFO Master manager not found
2024-11-07 14:46:23,457 file.ManagerServant INFO Master manager not found
2024-11-07 14:46:33,486 file.ManagerServant INFO Master manager not found
2024-11-07 14:46:43,496 file.ManagerServant INFO Master manager not found
2024-11-07 14:46:53,546 file.ManagerServant INFO Master manager not found
2024-11-07 14:47:03,567 file.ManagerServant INFO Master manager not found
2024-11-07 14:47:13,601 file.ManagerServant INFO Master manager not found
2024-11-07 14:47:23,616 file.ManagerServant INFO Master manager not found
2024-11-07 14:47:33,641 file.ManagerServant INFO Master manager not found
2024-11-07 14:47:43,688 file.ManagerServant INFO Master manager not found
2024-11-07 14:47:53,703 file.ManagerServant INFO Master manager not found
2024-11-07 14:48:03,718 file.ManagerServant INFO Master manager not found
2024-11-07 14:48:13,718 file.ManagerServant INFO Master manager not found
2024-11-07 14:48:23,719 file.ManagerServant INFO Master manager not found
2024-11-07 14:48:33,739 file.ManagerServant INFO Master manager not found
2024-11-07 14:48:43,776 file.ManagerServant INFO Master manager not found
2024-11-07 14:48:53,764 file.ManagerServant INFO Master manager not found
2024-11-07 14:49:03,881 file.ManagerServant INFO Master manager not found
2024-11-07 14:49:13,882 file.ManagerServant INFO Master manager not found
2024-11-07 14:49:23,919 file.ManagerServant INFO Master manager not found
2024-11-07 14:49:33,944 file.ManagerServant INFO Master manager not found
2024-11-07 14:49:43,952 file.ManagerServant INFO Master manager not found
2024-11-07 14:49:53,970 file.ManagerServant INFO Master manager not found
2024-11-07 14:50:03,988 file.ManagerServant INFO Master manager not found
2024-11-07 14:50:13,989 file.ManagerServant INFO Master manager not found
2024-11-07 14:50:24,123 file.ManagerServant INFO Master manager not found
2024-11-07 14:50:34,136 file.ManagerServant INFO Master manager not found
2024-11-07 14:50:44,135 file.ManagerServant INFO Master manager not found
2024-11-07 14:50:54,152 file.ManagerServant INFO Master manager not found
2024-11-07 14:51:04,144 file.ManagerServant INFO Master manager not found
2024-11-07 14:51:14,245 file.ManagerServant INFO Master manager not found
2024-11-07 14:51:24,264 file.ManagerServant INFO Master manager not found
2024-11-07 14:51:34,268 file.ManagerServant INFO Master manager not found
2024-11-07 14:51:44,302 file.ManagerServant INFO Master manager not found
2024-11-07 14:51:54,325 file.ManagerServant INFO Master manager not found
2024-11-07 14:52:04,343 file.ManagerServant INFO Master manager not found
2024-11-07 14:52:14,374 file.ManagerServant INFO Master manager not found
2024-11-07 14:52:24,392 file.ManagerServant INFO Master manager not found
2024-11-07 14:52:34,388 file.ManagerServant INFO Master manager not found
2024-11-07 14:52:44,485 file.ManagerServant INFO Master manager not found
2024-11-07 14:52:54,596 file.ManagerServant INFO Master manager not found
2024-11-07 14:53:04,598 file.ManagerServant INFO Master manager not found
2024-11-07 14:53:14,616 file.ManagerServant INFO Master manager not found
2024-11-07 14:53:24,613 file.ManagerServant INFO Master manager not found
2024-11-07 14:53:34,693 file.ManagerServant INFO Master manager not found
2024-11-07 14:53:44,796 file.ManagerServant INFO Master manager not found
2024-11-07 14:53:54,832 file.ManagerServant INFO Master manager not found
2024-11-07 14:54:04,875 file.ManagerServant INFO Master manager not found
2024-11-07 14:54:14,905 file.ManagerServant INFO Master manager not found
2024-11-07 14:54:24,948 file.ManagerServant INFO Master manager not found
2024-11-07 14:54:34,974 file.ManagerServant INFO Master manager not found
2024-11-07 14:54:44,997 file.ManagerServant INFO Master manager not found
2024-11-07 14:54:55,016 file.ManagerServant INFO Master manager not found
2024-11-07 14:55:04,996 file.ManagerServant INFO Master manager not found
2024-11-07 14:55:15,052 file.ManagerServant INFO Master manager not found
2024-11-07 14:55:25,152 file.ManagerServant INFO Master manager not found
2024-11-07 14:55:35,166 file.ManagerServant INFO Master manager not found
2024-11-07 14:55:45,157 file.ManagerServant INFO Master manager not found
2024-11-07 14:55:55,267 file.ManagerServant INFO Master manager not found
2024-11-07 14:56:05,280 file.ManagerServant INFO Master manager not found
2024-11-07 14:56:15,305 file.ManagerServant INFO Master manager not found
2024-11-07 14:56:25,317 file.ManagerServant INFO Master manager not found
2024-11-07 14:56:35,342 file.ManagerServant INFO Master manager not found
2024-11-07 14:56:45,362 file.ManagerServant INFO Master manager not found
2024-11-07 14:56:55,361 file.ManagerServant INFO Master manager not found
2024-11-07 14:57:05,358 file.ManagerServant INFO Master manager not found
2024-11-07 14:57:15,455 file.ManagerServant INFO Master manager not found
2024-11-07 14:57:25,557 file.ManagerServant INFO Master manager not found
2024-11-07 14:57:35,552 file.ManagerServant INFO Master manager not found
2024-11-07 14:57:45,690 file.ManagerServant INFO Master manager not found
2024-11-07 14:57:55,710 file.ManagerServant INFO Master manager not found
2024-11-07 14:58:05,699 file.ManagerServant INFO Master manager not found
2024-11-07 14:58:15,812 file.ManagerServant INFO Master manager not found
2024-11-07 14:58:25,821 file.ManagerServant INFO Master manager not found
2024-11-07 14:58:35,809 file.ManagerServant INFO Master manager not found
2024-11-07 14:58:45,881 file.ManagerServant INFO Master manager not found
2024-11-07 14:58:55,990 file.ManagerServant INFO Master manager not found
2024-11-07 14:59:06,013 file.ManagerServant INFO Master manager not found
2024-11-07 14:59:15,984 file.ManagerServant INFO Master manager not found
2024-11-07 14:59:26,065 file.ManagerServant INFO Master manager not found
2024-11-07 14:59:36,157 file.ManagerServant INFO Master manager not found
2024-11-07 14:59:46,251 file.ManagerServant INFO Master manager not found
2024-11-07 14:59:56,363 file.ManagerServant INFO Master manager not found
2024-11-07 15:00:06,362 file.ManagerServant INFO Master manager not found
2024-11-07 15:00:16,485 file.ManagerServant INFO Master manager not found
2024-11-07 15:00:26,476 file.ManagerServant INFO Master manager not found
2024-11-07 15:00:36,558 file.ManagerServant INFO Master manager not found
2024-11-07 15:00:46,625 file.ManagerServant INFO Master manager not found
2024-11-07 15:00:56,709 file.ManagerServant INFO Master manager not found
2024-11-07 15:01:06,793 file.ManagerServant INFO Master manager not found
2024-11-07 15:01:16,915 file.ManagerServant INFO Master manager not found
2024-11-07 15:01:26,917 file.ManagerServant INFO Master manager not found
2024-11-07 15:01:36,910 file.ManagerServant INFO Master manager not found
2024-11-07 15:01:47,007 file.ManagerServant INFO Master manager not found
2024-11-07 15:01:57,061 file.ManagerServant INFO Master manager not found
2024-11-07 15:02:07,155 file.ManagerServant INFO Master manager not found
2024-11-07 15:02:17,223 file.ManagerServant INFO Master manager not found
2024-11-07 15:02:27,286 file.ManagerServant INFO Master manager not found
2024-11-07 15:02:37,402 file.ManagerServant INFO Master manager not found
2024-11-07 15:02:47,400 file.ManagerServant INFO Master manager not found
2024-11-07 15:02:57,485 file.ManagerServant INFO Master manager not found
2024-11-07 15:03:07,565 file.ManagerServant INFO Master manager not found
2024-11-07 15:03:17,642 file.ManagerServant INFO Master manager not found
2024-11-07 15:03:27,722 file.ManagerServant INFO Master manager not found
2024-11-07 15:03:37,844 file.ManagerServant INFO Master manager not found
2024-11-07 15:03:47,847 file.ManagerServant INFO Master manager not found
2024-11-07 15:03:57,850 file.ManagerServant INFO Master manager not found
2024-11-07 15:04:07,843 file.ManagerServant INFO Master manager not found
2024-11-07 15:04:17,911 file.ManagerServant INFO Master manager not found
2024-11-07 15:04:28,044 file.ManagerServant INFO Master manager not found
2024-11-07 15:04:38,057 file.ManagerServant INFO Master manager not found
2024-11-07 15:04:48,082 file.ManagerServant INFO Master manager not found
2024-11-07 15:04:58,068 file.ManagerServant INFO Master manager not found
2024-11-07 15:05:08,172 file.ManagerServant INFO Master manager not found
2024-11-07 15:05:18,188 file.ManagerServant INFO Master manager not found
2024-11-07 15:05:28,234 file.ManagerServant INFO Master manager not found
2024-11-07 15:05:38,234 file.ManagerServant INFO Master manager not found
2024-11-07 15:05:48,267 file.ManagerServant INFO Master manager not found
2024-11-07 15:05:58,265 file.ManagerServant INFO Master manager not found
2024-11-07 15:06:08,382 file.ManagerServant INFO Master manager not found
2024-11-07 15:06:18,386 file.ManagerServant INFO Master manager not found
2024-11-07 15:06:28,351 file.ManagerServant INFO Master manager not found
2024-11-07 15:06:38,459 file.ManagerServant INFO Master manager not found
2024-11-07 15:06:48,450 file.ManagerServant INFO Master manager not found
2024-11-07 15:06:58,519 file.ManagerServant INFO Master manager not found
2024-11-07 15:07:08,628 file.ManagerServant INFO Master manager not found
2024-11-07 15:07:18,654 file.ManagerServant INFO Master manager not found
2024-11-07 15:07:28,601 file.ManagerServant INFO Master manager not found
2024-11-07 15:07:38,727 file.ManagerServant INFO Master manager not found
2024-11-07 15:07:48,742 file.ManagerServant INFO Master manager not found
2024-11-07 15:07:58,747 file.ManagerServant INFO Master manager not found
2024-11-07 15:08:08,738 file.ManagerServant INFO Master manager not found
2024-11-07 15:08:18,821 file.ManagerServant INFO Master manager not found
2024-11-07 15:08:28,921 file.ManagerServant INFO Master manager not found
2024-11-07 15:08:39,024 file.ManagerServant INFO Master manager not found
2024-11-07 15:08:49,040 file.ManagerServant INFO Master manager not found
2024-11-07 15:08:59,083 file.ManagerServant INFO Master manager not found
2024-11-07 15:09:09,081 file.ManagerServant INFO Master manager not found
2024-11-07 15:09:19,088 file.ManagerServant INFO Master manager not found
2024-11-07 15:09:29,092 file.ManagerServant INFO Master manager not found
2024-11-07 15:09:39,099 file.ManagerServant INFO Master manager not found
2024-11-07 15:09:49,090 file.ManagerServant INFO Master manager not found
2024-11-07 15:09:59,197 file.ManagerServant INFO Master manager not found
2024-11-07 15:10:09,187 file.ManagerServant INFO Master manager not found
2024-11-07 15:10:19,283 file.ManagerServant INFO Master manager not found
2024-11-07 15:10:29,358 file.ManagerServant INFO Master manager not found
2024-11-07 15:10:39,492 file.ManagerServant INFO Master manager not found
2024-11-07 15:10:49,520 file.ManagerServant INFO Master manager not found
2024-11-07 15:10:59,513 file.ManagerServant INFO Master manager not found
2024-11-07 15:11:09,640 file.ManagerServant INFO Master manager not found
2024-11-07 15:11:19,664 file.ManagerServant INFO Master manager not found
2024-11-07 15:11:29,666 file.ManagerServant INFO Master manager not found
2024-11-07 15:11:39,725 file.ManagerServant INFO Master manager not found
2024-11-07 15:11:49,754 file.ManagerServant INFO Master manager not found
2024-11-07 15:11:59,786 file.ManagerServant INFO Master manager not found
2024-11-07 15:12:09,796 file.ManagerServant INFO Master manager not found
2024-11-07 15:12:19,775 file.ManagerServant INFO Master manager not found
2024-11-07 15:12:29,882 file.ManagerServant INFO Master manager not found
2024-11-07 15:12:39,899 file.ManagerServant INFO Master manager not found
2024-11-07 15:12:49,861 file.ManagerServant INFO Master manager not found
2024-11-07 15:12:59,942 file.ManagerServant INFO Master manager not found
2024-11-07 15:13:10,040 file.ManagerServant INFO Master manager not found
2024-11-07 15:13:20,125 file.ManagerServant INFO Master manager not found
2024-11-07 15:13:30,223 file.ManagerServant INFO Master manager not found
2024-11-07 15:13:40,337 file.ManagerServant INFO Master manager not found
2024-11-07 15:13:50,335 file.ManagerServant INFO Master manager not found
2024-11-07 15:14:00,419 file.ManagerServant INFO Master manager not found
2024-11-07 15:14:10,510 file.ManagerServant INFO Master manager not found
2024-11-07 15:14:20,604 file.ManagerServant INFO Master manager not found
2024-11-07 15:14:30,713 file.ManagerServant INFO Master manager not found
2024-11-07 15:14:40,679 file.ManagerServant INFO Master manager not found
2024-11-07 15:14:50,774 file.ManagerServant INFO Master manager not found
2024-11-07 15:15:00,851 file.ManagerServant INFO Master manager not found
2024-11-07 15:15:10,962 file.ManagerServant INFO Master manager not found
2024-11-07 15:15:20,922 file.ManagerServant INFO Master manager not found
2024-11-07 15:15:31,029 file.ManagerServant INFO Master manager not found
2024-11-07 15:15:41,044 file.ManagerServant INFO Master manager not found
2024-11-07 15:15:51,047 file.ManagerServant INFO Master manager not found
2024-11-07 15:16:01,039 file.ManagerServant INFO Master manager not found
2024-11-07 15:16:11,127 file.ManagerServant INFO Master manager not found
2024-11-07 15:16:21,223 file.ManagerServant INFO Master manager not found
2024-11-07 15:16:31,321 file.ManagerServant INFO Master manager not found
2024-11-07 15:16:41,411 file.ManagerServant INFO Master manager not found
2024-11-07 15:16:51,539 file.ManagerServant INFO Master manager not found
2024-11-07 15:17:01,567 file.ManagerServant INFO Master manager not found
2024-11-07 15:17:11,604 file.ManagerServant INFO Master manager not found
2024-11-07 15:17:21,609 file.ManagerServant INFO Master manager not found
2024-11-07 15:17:31,654 file.ManagerServant INFO Master manager not found
2024-11-07 15:17:41,672 file.ManagerServant INFO Master manager not found
2024-11-07 15:17:51,687 file.ManagerServant INFO Master manager not found
2024-11-07 15:18:01,684 file.ManagerServant INFO Master manager not found
2024-11-07 15:18:11,804 file.ManagerServant INFO Master manager not found
2024-11-07 15:18:21,821 file.ManagerServant INFO Master manager not found
2024-11-07 15:18:31,824 file.ManagerServant INFO Master manager not found
2024-11-07 15:18:41,826 file.ManagerServant INFO Master manager not found
2024-11-07 15:18:51,870 file.ManagerServant INFO Master manager not found
2024-11-07 15:19:01,895 file.ManagerServant INFO Master manager not found
2024-11-07 15:19:11,933 file.ManagerServant INFO Master manager not found
2024-11-07 15:19:21,921 file.ManagerServant INFO Master manager not found
2024-11-07 15:19:32,002 file.ManagerServant INFO Master manager not found
2024-11-07 15:19:42,143 file.ManagerServant INFO Master manager not found
2024-11-07 15:19:52,165 file.ManagerServant INFO Master manager not found
2024-11-07 15:20:02,209 file.ManagerServant INFO Master manager not found
2024-11-07 15:20:12,264 file.ManagerServant INFO Master manager not found
2024-11-07 15:20:22,254 file.ManagerServant INFO Master manager not found
2024-11-07 15:20:32,366 file.ManagerServant INFO Master manager not found
2024-11-07 15:20:42,387 file.ManagerServant INFO Master manager not found
2024-11-07 15:20:52,421 file.ManagerServant INFO Master manager not found
2024-11-07 15:21:02,454 file.ManagerServant INFO Master manager not found
2024-11-07 15:21:12,484 file.ManagerServant INFO Master manager not found
2024-11-07 15:21:22,517 file.ManagerServant INFO Master manager not found
2024-11-07 15:21:32,514 file.ManagerServant INFO Master manager not found
2024-11-07 15:21:42,644 file.ManagerServant INFO Master manager not found
2024-11-07 15:21:52,675 file.ManagerServant INFO Master manager not found
2024-11-07 15:22:02,679 file.ManagerServant INFO Master manager not found
2024-11-07 15:22:12,673 file.ManagerServant INFO Master manager not found
2024-11-07 15:22:22,784 file.ManagerServant INFO Master manager not found
2024-11-07 15:22:32,763 file.ManagerServant INFO Master manager not found
2024-11-07 15:22:42,860 file.ManagerServant INFO Master manager not found
2024-11-07 15:22:53,014 file.ManagerServant INFO Master manager not found
2024-11-07 15:23:02,994 file.ManagerServant INFO Master manager not found
2024-11-07 15:23:13,127 file.ManagerServant INFO Master manager not found
2024-11-07 15:23:23,147 file.ManagerServant INFO Master manager not found
2024-11-07 15:23:33,117 file.ManagerServant INFO Master manager not found
2024-11-07 15:23:43,202 file.ManagerServant INFO Master manager not found
2024-11-07 15:23:53,316 file.ManagerServant INFO Master manager not found
2024-11-07 15:24:03,293 file.ManagerServant INFO Master manager not found
2024-11-07 15:24:13,397 file.ManagerServant INFO Master manager not found
2024-11-07 15:24:23,411 file.ManagerServant INFO Master manager not found
2024-11-07 15:24:33,415 file.ManagerServant INFO Master manager not found
2024-11-07 15:24:43,391 file.ManagerServant INFO Master manager not found
2024-11-07 15:24:53,490 file.ManagerServant INFO Master manager not found
2024-11-07 15:25:03,469 file.ManagerServant INFO Master manager not found
2024-11-07 15:25:13,571 file.ManagerServant INFO Master manager not found
2024-11-07 15:25:23,568 file.ManagerServant INFO Master manager not found
2024-11-07 15:25:33,697 file.ManagerServant INFO Master manager not found
2024-11-07 15:25:43,683 file.ManagerServant INFO Master manager not found
2024-11-07 15:25:53,762 file.ManagerServant INFO Master manager not found
2024-11-07 15:26:03,833 file.ManagerServant INFO Master manager not found
2024-11-07 15:26:13,921 file.ManagerServant INFO Master manager not found
2024-11-07 15:26:24,026 file.ManagerServant INFO Master manager not found
2024-11-07 15:26:34,068 file.ManagerServant INFO Master manager not found
2024-11-07 15:26:44,116 file.ManagerServant INFO Master manager not found
2024-11-07 15:26:54,146 file.ManagerServant INFO Master manager not found
2024-11-07 15:27:04,138 file.ManagerServant INFO Master manager not found
2024-11-07 15:27:14,234 file.ManagerServant INFO Master manager not found
2024-11-07 15:27:24,382 file.ManagerServant INFO Master manager not found
2024-11-07 15:27:34,361 file.ManagerServant INFO Master manager not found
2024-11-07 15:27:44,458 file.ManagerServant INFO Master manager not found
2024-11-07 15:27:54,567 file.ManagerServant INFO Master manager not found
2024-11-07 15:28:04,554 file.ManagerServant INFO Master manager not found
2024-11-07 15:28:14,634 file.ManagerServant INFO Master manager not found
2024-11-07 15:28:24,723 file.ManagerServant INFO Master manager not found
2024-11-07 15:28:34,826 file.ManagerServant INFO Master manager not found
2024-11-07 15:28:44,835 file.ManagerServant INFO Master manager not found
2024-11-07 15:28:54,829 file.ManagerServant INFO Master manager not found
2024-11-07 15:29:04,910 file.ManagerServant INFO Master manager not found
2024-11-07 15:29:15,040 file.ManagerServant INFO Master manager not found
2024-11-07 15:29:25,061 file.ManagerServant INFO Master manager not found
2024-11-07 15:29:35,053 file.ManagerServant INFO Master manager not found
2024-11-07 15:29:45,164 file.ManagerServant INFO Master manager not found
2024-11-07 15:29:55,209 file.ManagerServant INFO Master manager not found
2024-11-07 15:30:05,223 file.ManagerServant INFO Master manager not found
2024-11-07 15:30:15,233 file.ManagerServant INFO Master manager not found
2024-11-07 15:30:25,231 file.ManagerServant INFO Master manager not found
2024-11-07 15:30:35,232 file.ManagerServant INFO Master manager not found
2024-11-07 15:30:45,334 file.ManagerServant INFO Master manager not found
2024-11-07 15:30:55,325 file.ManagerServant INFO Master manager not found
2024-11-07 15:31:05,400 file.ManagerServant INFO Master manager not found
2024-11-07 15:31:15,489 file.ManagerServant INFO Master manager not found
2024-11-07 15:31:25,583 file.ManagerServant INFO Master manager not found
2024-11-07 15:31:35,667 file.ManagerServant INFO Master manager not found
2024-11-07 15:31:45,782 file.ManagerServant INFO Master manager not found
2024-11-07 15:31:55,832 file.ManagerServant INFO Master manager not found
2024-11-07 15:32:05,859 file.ManagerServant INFO Master manager not found
2024-11-07 15:32:15,866 file.ManagerServant INFO Master manager not found
2024-11-07 15:32:25,889 file.ManagerServant INFO Master manager not found
2024-11-07 15:32:35,899 file.ManagerServant INFO Master manager not found
2024-11-07 15:32:45,908 file.ManagerServant INFO Master manager not found
2024-11-07 15:32:55,883 file.ManagerServant INFO Master manager not found
2024-11-07 15:33:05,952 file.ManagerServant INFO Master manager not found
2024-11-07 15:33:16,040 file.ManagerServant INFO Master manager not found
2024-11-07 15:33:26,136 file.ManagerServant INFO Master manager not found
2024-11-07 15:33:36,244 file.ManagerServant INFO Master manager not found
2024-11-07 15:33:46,247 file.ManagerServant INFO Master manager not found
2024-11-07 15:33:56,211 file.ManagerServant INFO Master manager not found
2024-11-07 15:34:06,347 file.ManagerServant INFO Master manager not found
2024-11-07 15:34:16,364 file.ManagerServant INFO Master manager not found
2024-11-07 15:34:26,376 file.ManagerServant INFO Master manager not found
