2024-11-07 17:03:59,676 file.manager INFO 2.0.2
2024-11-07 17:03:59,676 file.manager INFO Copyright (C) 2003-2024, Noriaki Ando and OpenRTM development team,
2024-11-07 17:03:59,676 file.manager INFO   Intelligent Systems Research Institute, AIST,
2024-11-07 17:03:59,676 file.manager INFO Copyright (C) 2024, Noriaki Ando and OpenRTM development team,
2024-11-07 17:03:59,676 file.manager INFO   Industrial Cyber-Physical Research Center, AIST,
2024-11-07 17:03:59,676 file.manager INFO   All right reserved.
2024-11-07 17:03:59,676 file.manager INFO Manager starting.
2024-11-07 17:03:59,676 file.manager INFO Starting local logging.
2024-11-07 17:03:59,676 file.manager.namingmanager INFO NameServer connection succeeded: corba/localhost
2024-11-07 17:04:03,778 file.ManagerServant INFO Master manager not found
2024-11-07 17:04:03,778 file.LocalServiceAdmin INFO All the local services are enabled.
2024-11-07 17:04:03,778 file.manager INFO Component type conf file: SevSeg.conf loaded.
2024-11-07 17:04:03,778 file.ec_base INFO setRate(1000000.000000) done
2024-11-07 17:04:03,778 file.ec_base INFO setRate(1000.000000) done
2024-11-07 17:04:03,778 file.rtobject INFO 1 execution context was created.
2024-11-07 17:04:03,778 file.rtobject INFO Initial active configuration set is default.
2024-11-07 17:04:15,400 file.SdoServiceAdmin WARNING No available SDO service in the factory: 
2024-11-07 17:04:15,401 file.SdoServiceAdmin ERROR type  not exists.
2024-11-07 17:04:17,933 file.ManagerServant INFO Master manager not found
2024-11-07 17:04:27,949 file.ManagerServant INFO Master manager not found
2024-11-07 17:04:38,002 file.ManagerServant INFO Master manager not found
2024-11-07 17:04:48,018 file.ManagerServant INFO Master manager not found
2024-11-07 17:04:58,008 file.ManagerServant INFO Master manager not found
2024-11-07 17:05:08,122 file.ManagerServant INFO Master manager not found
2024-11-07 17:05:18,125 file.ManagerServant INFO Master manager not found
2024-11-07 17:05:28,152 file.ManagerServant INFO Master manager not found
2024-11-07 17:05:38,167 file.ManagerServant INFO Master manager not found
2024-11-07 17:05:48,154 file.ManagerServant INFO Master manager not found
2024-11-07 17:05:58,263 file.ManagerServant INFO Master manager not found
2024-11-07 17:06:08,261 file.ManagerServant INFO Master manager not found
2024-11-07 17:06:18,342 file.ManagerServant INFO Master manager not found
2024-11-07 17:06:28,448 file.ManagerServant INFO Master manager not found
2024-11-07 17:06:38,503 file.ManagerServant INFO Master manager not found
2024-11-07 17:06:48,507 file.ManagerServant INFO Master manager not found
2024-11-07 17:06:58,497 file.ManagerServant INFO Master manager not found
2024-11-07 17:07:08,633 file.ManagerServant INFO Master manager not found
2024-11-07 17:07:18,638 file.ManagerServant INFO Master manager not found
2024-11-07 17:07:28,628 file.ManagerServant INFO Master manager not found
2024-11-07 17:07:38,699 file.ManagerServant INFO Master manager not found
2024-11-07 17:07:48,811 file.ManagerServant INFO Master manager not found
2024-11-07 17:07:58,774 file.ManagerServant INFO Master manager not found
2024-11-07 17:08:08,857 file.ManagerServant INFO Master manager not found
2024-11-07 17:08:18,947 file.ManagerServant INFO Master manager not found
2024-11-07 17:08:29,063 file.ManagerServant INFO Master manager not found
2024-11-07 17:08:39,082 file.ManagerServant INFO Master manager not found
2024-11-07 17:08:49,078 file.ManagerServant INFO Master manager not found
2024-11-07 17:08:59,190 file.ManagerServant INFO Master manager not found
2024-11-07 17:09:09,199 file.ManagerServant INFO Master manager not found
2024-11-07 17:09:19,252 file.ManagerServant INFO Master manager not found
2024-11-07 17:09:29,246 file.ManagerServant INFO Master manager not found
2024-11-07 17:09:39,279 file.ManagerServant INFO Master manager not found
2024-11-07 17:09:49,295 file.ManagerServant INFO Master manager not found
2024-11-07 17:09:59,322 file.ManagerServant INFO Master manager not found
2024-11-07 17:10:09,320 file.ManagerServant INFO Master manager not found
2024-11-07 17:10:19,323 file.ManagerServant INFO Master manager not found
2024-11-07 17:10:29,429 file.ManagerServant INFO Master manager not found
2024-11-07 17:10:39,553 file.ManagerServant INFO Master manager not found
2024-11-07 17:10:49,554 file.ManagerServant INFO Master manager not found
2024-11-07 17:10:59,537 file.ManagerServant INFO Master manager not found
2024-11-07 17:11:09,622 file.ManagerServant INFO Master manager not found
2024-11-07 17:11:19,740 file.ManagerServant INFO Master manager not found
2024-11-07 17:11:29,714 file.ManagerServant INFO Master manager not found
2024-11-07 17:11:39,773 file.ManagerServant INFO Master manager not found
2024-11-07 17:11:49,884 file.ManagerServant INFO Master manager not found
2024-11-07 17:11:59,839 file.ManagerServant INFO Master manager not found
2024-11-07 17:12:09,955 file.ManagerServant INFO Master manager not found
2024-11-07 17:12:19,986 file.ManagerServant INFO Master manager not found
2024-11-07 17:12:30,013 file.ManagerServant INFO Master manager not found
2024-11-07 17:12:40,034 file.ManagerServant INFO Master manager not found
2024-11-07 17:12:50,005 file.ManagerServant INFO Master manager not found
2024-11-07 17:13:00,113 file.ManagerServant INFO Master manager not found
2024-11-07 17:13:10,201 file.ManagerServant INFO Master manager not found
2024-11-07 17:13:20,325 file.ManagerServant INFO Master manager not found
2024-11-07 17:13:30,355 file.ManagerServant INFO Master manager not found
2024-11-07 17:13:40,362 file.ManagerServant INFO Master manager not found
2024-11-07 17:13:50,404 file.ManagerServant INFO Master manager not found
2024-11-07 17:14:00,400 file.ManagerServant INFO Master manager not found
2024-11-07 17:14:10,418 file.ManagerServant INFO Master manager not found
2024-11-07 17:14:20,407 file.ManagerServant INFO Master manager not found
2024-11-07 17:14:30,577 file.ManagerServant INFO Master manager not found
2024-11-07 17:14:40,582 file.ManagerServant INFO Master manager not found
2024-11-07 17:14:50,584 file.ManagerServant INFO Master manager not found
2024-11-07 17:15:00,623 file.ManagerServant INFO Master manager not found
2024-11-07 17:15:10,608 file.ManagerServant INFO Master manager not found
2024-11-07 17:15:20,697 file.ManagerServant INFO Master manager not found
2024-11-07 17:15:30,773 file.ManagerServant INFO Master manager not found
2024-11-07 17:15:40,872 file.ManagerServant INFO Master manager not found
2024-11-07 17:15:50,981 file.ManagerServant INFO Master manager not found
2024-11-07 17:16:00,986 file.ManagerServant INFO Master manager not found
2024-11-07 17:16:11,011 file.ManagerServant INFO Master manager not found
2024-11-07 17:16:21,042 file.ManagerServant INFO Master manager not found
2024-11-07 17:16:31,029 file.ManagerServant INFO Master manager not found
2024-11-07 17:16:41,129 file.ManagerServant INFO Master manager not found
2024-11-07 17:16:51,244 file.ManagerServant INFO Master manager not found
2024-11-07 17:17:01,246 file.ManagerServant INFO Master manager not found
2024-11-07 17:17:11,278 file.ManagerServant INFO Master manager not found
2024-11-07 17:17:21,309 file.ManagerServant INFO Master manager not found
2024-11-07 17:17:31,298 file.ManagerServant INFO Master manager not found
2024-11-07 17:17:41,381 file.ManagerServant INFO Master manager not found
2024-11-07 17:17:51,493 file.ManagerServant INFO Master manager not found
2024-11-07 17:18:01,469 file.ManagerServant INFO Master manager not found
2024-11-07 17:18:11,583 file.ManagerServant INFO Master manager not found
2024-11-07 17:18:21,572 file.ManagerServant INFO Master manager not found
2024-11-07 17:18:31,680 file.ManagerServant INFO Master manager not found
2024-11-07 17:18:41,623 file.ManagerServant INFO Master manager not found
2024-11-07 17:18:51,730 file.ManagerServant INFO Master manager not found
2024-11-07 17:19:01,716 file.ManagerServant INFO Master manager not found
2024-11-07 17:19:11,787 file.ManagerServant INFO Master manager not found
2024-11-07 17:19:21,875 file.ManagerServant INFO Master manager not found
2024-11-07 17:19:31,971 file.ManagerServant INFO Master manager not found
2024-11-07 17:19:42,082 file.ManagerServant INFO Master manager not found
2024-11-07 17:19:52,052 file.ManagerServant INFO Master manager not found
2024-11-07 17:20:02,151 file.ManagerServant INFO Master manager not found
2024-11-07 17:20:12,279 file.ManagerServant INFO Master manager not found
2024-11-07 17:20:22,329 file.ManagerServant INFO Master manager not found
2024-11-07 17:20:32,311 file.ManagerServant INFO Master manager not found
2024-11-07 17:20:42,412 file.ManagerServant INFO Master manager not found
2024-11-07 17:20:52,414 file.ManagerServant INFO Master manager not found
2024-11-07 17:21:02,404 file.ManagerServant INFO Master manager not found
2024-11-07 17:21:12,499 file.ManagerServant INFO Master manager not found
2024-11-07 17:21:22,633 file.ManagerServant INFO Master manager not found
2024-11-07 17:21:32,664 file.ManagerServant INFO Master manager not found
2024-11-07 17:21:42,685 file.ManagerServant INFO Master manager not found
