2024-11-07 17:22:03,156 file.manager INFO 2.0.2
2024-11-07 17:22:03,156 file.manager INFO Copyright (C) 2003-2024, Noriaki Ando and OpenRTM development team,
2024-11-07 17:22:03,156 file.manager INFO   Intelligent Systems Research Institute, AIST,
2024-11-07 17:22:03,156 file.manager INFO Copyright (C) 2024, Noriaki Ando and OpenRTM development team,
2024-11-07 17:22:03,156 file.manager INFO   Industrial Cyber-Physical Research Center, AIST,
2024-11-07 17:22:03,156 file.manager INFO   All right reserved.
2024-11-07 17:22:03,156 file.manager INFO Manager starting.
2024-11-07 17:22:03,156 file.manager INFO Starting local logging.
2024-11-07 17:22:03,156 file.manager.namingmanager INFO NameServer connection succeeded: corba/localhost
2024-11-07 17:22:07,271 file.ManagerServant INFO Master manager not found
2024-11-07 17:22:07,271 file.LocalServiceAdmin INFO All the local services are enabled.
2024-11-07 17:22:07,271 file.manager INFO Component type conf file: SevSeg.conf loaded.
2024-11-07 17:22:07,271 file.ec_base INFO setRate(1000000.000000) done
2024-11-07 17:22:07,271 file.ec_base INFO setRate(1000.000000) done
2024-11-07 17:22:07,271 file.rtobject INFO 1 execution context was created.
2024-11-07 17:22:07,286 file.rtobject INFO Initial active configuration set is default.
2024-11-07 17:22:21,420 file.ManagerServant INFO Master manager not found
2024-11-07 17:22:31,426 file.ManagerServant INFO Master manager not found
2024-11-07 17:22:41,433 file.ManagerServant INFO Master manager not found
2024-11-07 17:22:51,438 file.ManagerServant INFO Master manager not found
2024-11-07 17:23:01,460 file.ManagerServant INFO Master manager not found
2024-11-07 17:23:11,474 file.ManagerServant INFO Master manager not found
2024-11-07 17:23:21,520 file.ManagerServant INFO Master manager not found
2024-11-07 17:23:31,554 file.ManagerServant INFO Master manager not found
2024-11-07 17:23:41,594 file.ManagerServant INFO Master manager not found
2024-11-07 17:23:51,634 file.ManagerServant INFO Master manager not found
2024-11-07 17:24:01,604 file.ManagerServant INFO Master manager not found
2024-11-07 17:24:11,714 file.ManagerServant INFO Master manager not found
2024-11-07 17:24:21,726 file.ManagerServant INFO Master manager not found
2024-11-07 17:24:31,781 file.ManagerServant INFO Master manager not found
2024-11-07 17:24:41,755 file.ManagerServant INFO Master manager not found
2024-11-07 17:24:51,835 file.ManagerServant INFO Master manager not found
2024-11-07 17:25:01,892 file.ManagerServant INFO Master manager not found
2024-11-07 17:25:11,974 file.ManagerServant INFO Master manager not found
2024-11-07 17:25:22,056 file.ManagerServant INFO Master manager not found
2024-11-07 17:25:32,120 file.ManagerServant INFO Master manager not found
2024-11-07 17:25:42,222 file.ManagerServant INFO Master manager not found
2024-11-07 17:25:52,201 file.ManagerServant INFO Master manager not found
2024-11-07 17:26:02,315 file.ManagerServant INFO Master manager not found
2024-11-07 17:26:12,342 file.ManagerServant INFO Master manager not found
2024-11-07 17:26:22,364 file.ManagerServant INFO Master manager not found
2024-11-07 17:26:32,352 file.ManagerServant INFO Master manager not found
2024-11-07 17:26:42,441 file.ManagerServant INFO Master manager not found
2024-11-07 17:26:52,516 file.ManagerServant INFO Master manager not found
2024-11-07 17:27:02,655 file.ManagerServant INFO Master manager not found
2024-11-07 17:27:12,684 file.ManagerServant INFO Master manager not found
2024-11-07 17:27:22,671 file.ManagerServant INFO Master manager not found
2024-11-07 17:27:32,769 file.ManagerServant INFO Master manager not found
2024-11-07 17:27:42,874 file.ManagerServant INFO Master manager not found
2024-11-07 17:27:52,862 file.ManagerServant INFO Master manager not found
2024-11-07 17:28:02,942 file.ManagerServant INFO Master manager not found
2024-11-07 17:28:13,075 file.ManagerServant INFO Master manager not found
2024-11-07 17:28:23,117 file.ManagerServant INFO Master manager not found
2024-11-07 17:28:33,149 file.ManagerServant INFO Master manager not found
2024-11-07 17:28:43,167 file.ManagerServant INFO Master manager not found
2024-11-07 17:28:53,172 file.ManagerServant INFO Master manager not found
2024-11-07 17:29:03,196 file.ManagerServant INFO Master manager not found
2024-11-07 17:29:13,234 file.ManagerServant INFO Master manager not found
2024-11-07 17:29:23,269 file.ManagerServant INFO Master manager not found
2024-11-07 17:29:33,327 file.ManagerServant INFO Master manager not found
2024-11-07 17:29:43,370 file.ManagerServant INFO Master manager not found
2024-11-07 17:29:53,401 file.ManagerServant INFO Master manager not found
2024-11-07 17:30:03,404 file.ManagerServant INFO Master manager not found
2024-11-07 17:30:13,517 file.ManagerServant INFO Master manager not found
2024-11-07 17:30:23,540 file.ManagerServant INFO Master manager not found
2024-11-07 17:30:33,556 file.ManagerServant INFO Master manager not found
2024-11-07 17:30:43,601 file.ManagerServant INFO Master manager not found
2024-11-07 17:30:53,654 file.ManagerServant INFO Master manager not found
2024-11-07 17:31:03,685 file.ManagerServant INFO Master manager not found
2024-11-07 17:31:13,660 file.ManagerServant INFO Master manager not found
2024-11-07 17:31:23,761 file.ManagerServant INFO Master manager not found
2024-11-07 17:31:33,838 file.ManagerServant INFO Master manager not found
2024-11-07 17:31:43,935 file.ManagerServant INFO Master manager not found
2024-11-07 17:31:54,035 file.ManagerServant INFO Master manager not found
2024-11-07 17:32:04,103 file.ManagerServant INFO Master manager not found
2024-11-07 17:32:14,201 file.ManagerServant INFO Master manager not found
2024-11-07 17:32:24,328 file.ManagerServant INFO Master manager not found
2024-11-07 17:32:34,331 file.ManagerServant INFO Master manager not found
2024-11-07 17:32:44,331 file.ManagerServant INFO Master manager not found
2024-11-07 17:32:54,322 file.ManagerServant INFO Master manager not found
2024-11-07 17:33:04,433 file.ManagerServant INFO Master manager not found
2024-11-07 17:33:14,409 file.ManagerServant INFO Master manager not found
2024-11-07 17:33:24,525 file.ManagerServant INFO Master manager not found
2024-11-07 17:33:34,506 file.ManagerServant INFO Master manager not found
2024-11-07 17:33:44,609 file.ManagerServant INFO Master manager not found
2024-11-07 17:33:54,589 file.ManagerServant INFO Master manager not found
2024-11-07 17:34:04,668 file.ManagerServant INFO Master manager not found
2024-11-07 17:34:14,759 file.ManagerServant INFO Master manager not found
2024-11-07 17:34:24,865 file.ManagerServant INFO Master manager not found
2024-11-07 17:34:34,875 file.ManagerServant INFO Master manager not found
2024-11-07 17:34:44,877 file.ManagerServant INFO Master manager not found
2024-11-07 17:34:54,890 file.ManagerServant INFO Master manager not found
2024-11-07 17:35:04,885 file.ManagerServant INFO Master manager not found
2024-11-07 17:35:14,982 file.ManagerServant INFO Master manager not found
2024-11-07 17:35:25,099 file.ManagerServant INFO Master manager not found
2024-11-07 17:35:35,094 file.ManagerServant INFO Master manager not found
2024-11-07 17:35:45,192 file.ManagerServant INFO Master manager not found
2024-11-07 17:35:55,280 file.ManagerServant INFO Master manager not found
2024-11-07 17:36:05,401 file.ManagerServant INFO Master manager not found
2024-11-07 17:36:15,422 file.ManagerServant INFO Master manager not found
2024-11-07 17:36:25,429 file.ManagerServant INFO Master manager not found
2024-11-07 17:36:35,407 file.ManagerServant INFO Master manager not found
2024-11-07 17:36:45,491 file.ManagerServant INFO Master manager not found
2024-11-07 17:36:55,590 file.ManagerServant INFO Master manager not found
2024-11-07 17:37:05,672 file.ManagerServant INFO Master manager not found
2024-11-07 17:37:15,789 file.ManagerServant INFO Master manager not found
2024-11-07 17:37:25,803 file.ManagerServant INFO Master manager not found
2024-11-07 17:37:35,800 file.ManagerServant INFO Master manager not found
2024-11-07 17:37:45,918 file.ManagerServant INFO Master manager not found
2024-11-07 17:37:55,921 file.ManagerServant INFO Master manager not found
2024-11-07 17:38:05,921 file.ManagerServant INFO Master manager not found
2024-11-07 17:38:16,003 file.ManagerServant INFO Master manager not found
2024-11-07 17:38:26,104 file.ManagerServant INFO Master manager not found
2024-11-07 17:38:36,212 file.ManagerServant INFO Master manager not found
2024-11-07 17:38:46,225 file.ManagerServant INFO Master manager not found
2024-11-07 17:38:56,254 file.ManagerServant INFO Master manager not found
2024-11-07 17:39:06,290 file.ManagerServant INFO Master manager not found
2024-11-07 17:39:16,281 file.ManagerServant INFO Master manager not found
2024-11-07 17:39:26,394 file.ManagerServant INFO Master manager not found
2024-11-07 17:39:36,396 file.ManagerServant INFO Master manager not found
2024-11-07 17:39:46,497 file.ManagerServant INFO Master manager not found
2024-11-07 17:39:56,477 file.ManagerServant INFO Master manager not found
2024-11-07 17:40:06,558 file.ManagerServant INFO Master manager not found
2024-11-07 17:40:16,647 file.ManagerServant INFO Master manager not found
2024-11-07 17:40:26,734 file.ManagerServant INFO Master manager not found
2024-11-07 17:40:36,855 file.ManagerServant INFO Master manager not found
2024-11-07 17:40:46,887 file.ManagerServant INFO Master manager not found
2024-11-07 17:40:56,910 file.ManagerServant INFO Master manager not found
2024-11-07 17:41:06,917 file.ManagerServant INFO Master manager not found
2024-11-07 17:41:16,921 file.ManagerServant INFO Master manager not found
2024-11-07 17:41:26,924 file.ManagerServant INFO Master manager not found
2024-11-07 17:41:36,895 file.ManagerServant INFO Master manager not found
2024-11-07 17:41:46,994 file.ManagerServant INFO Master manager not found
2024-11-07 17:41:57,125 file.ManagerServant INFO Master manager not found
2024-11-07 17:42:07,103 file.ManagerServant INFO Master manager not found
2024-11-07 17:42:17,235 file.ManagerServant INFO Master manager not found
2024-11-07 17:42:27,243 file.ManagerServant INFO Master manager not found
2024-11-07 17:42:37,294 file.ManagerServant INFO Master manager not found
2024-11-07 17:42:47,317 file.ManagerServant INFO Master manager not found
2024-11-07 17:42:57,337 file.ManagerServant INFO Master manager not found
2024-11-07 17:43:07,344 file.ManagerServant INFO Master manager not found
2024-11-07 17:43:17,344 file.ManagerServant INFO Master manager not found
2024-11-07 17:43:27,483 file.ManagerServant INFO Master manager not found
2024-11-07 17:43:37,473 file.ManagerServant INFO Master manager not found
2024-11-07 17:43:47,583 file.ManagerServant INFO Master manager not found
2024-11-07 17:43:57,586 file.ManagerServant INFO Master manager not found
2024-11-07 17:44:07,680 file.ManagerServant INFO Master manager not found
2024-11-07 17:44:17,762 file.ManagerServant INFO Master manager not found
2024-11-07 17:44:27,875 file.ManagerServant INFO Master manager not found
2024-11-07 17:44:37,890 file.ManagerServant INFO Master manager not found
2024-11-07 17:44:47,904 file.ManagerServant INFO Master manager not found
2024-11-07 17:44:57,945 file.ManagerServant INFO Master manager not found
2024-11-07 17:45:07,951 file.ManagerServant INFO Master manager not found
2024-11-07 17:45:17,963 file.ManagerServant INFO Master manager not found
2024-11-07 17:45:27,994 file.ManagerServant INFO Master manager not found
2024-11-07 17:45:37,999 file.ManagerServant INFO Master manager not found
2024-11-07 17:45:48,008 file.ManagerServant INFO Master manager not found
2024-11-07 17:45:58,039 file.ManagerServant INFO Master manager not found
2024-11-07 17:46:08,053 file.ManagerServant INFO Master manager not found
2024-11-07 17:46:18,051 file.ManagerServant INFO Master manager not found
2024-11-07 17:46:28,192 file.ManagerServant INFO Master manager not found
2024-11-07 17:46:38,196 file.ManagerServant INFO Master manager not found
2024-11-07 17:46:48,227 file.ManagerServant INFO Master manager not found
2024-11-07 17:46:58,235 file.ManagerServant INFO Master manager not found
2024-11-07 17:47:08,274 file.ManagerServant INFO Master manager not found
2024-11-07 17:47:18,325 file.ManagerServant INFO Master manager not found
2024-11-07 17:47:28,337 file.ManagerServant INFO Master manager not found
2024-11-07 17:47:38,395 file.ManagerServant INFO Master manager not found
2024-11-07 17:47:48,443 file.ManagerServant INFO Master manager not found
2024-11-07 17:47:58,464 file.ManagerServant INFO Master manager not found
2024-11-07 17:48:08,517 file.ManagerServant INFO Master manager not found
2024-11-07 17:48:18,538 file.ManagerServant INFO Master manager not found
2024-11-07 17:48:28,573 file.ManagerServant INFO Master manager not found
2024-11-07 17:48:38,599 file.ManagerServant INFO Master manager not found
2024-11-07 17:48:48,641 file.ManagerServant INFO Master manager not found
2024-11-07 17:48:58,684 file.ManagerServant INFO Master manager not found
2024-11-07 17:49:08,706 file.ManagerServant INFO Master manager not found
2024-11-07 17:49:18,760 file.ManagerServant INFO Master manager not found
2024-11-07 17:49:28,780 file.ManagerServant INFO Master manager not found
2024-11-07 17:49:38,825 file.ManagerServant INFO Master manager not found
2024-11-07 17:49:48,870 file.ManagerServant INFO Master manager not found
2024-11-07 17:49:58,922 file.ManagerServant INFO Master manager not found
2024-11-07 17:50:08,918 file.ManagerServant INFO Master manager not found
2024-11-07 17:50:18,951 file.ManagerServant INFO Master manager not found
2024-11-07 17:50:28,988 file.ManagerServant INFO Master manager not found
2024-11-07 17:50:39,012 file.ManagerServant INFO Master manager not found
2024-11-07 17:50:49,065 file.ManagerServant INFO Master manager not found
2024-11-07 17:50:59,109 file.ManagerServant INFO Master manager not found
2024-11-07 17:51:09,134 file.ManagerServant INFO Master manager not found
2024-11-07 17:51:19,181 file.ManagerServant INFO Master manager not found
2024-11-07 17:51:29,189 file.ManagerServant INFO Master manager not found
2024-11-07 17:51:39,232 file.ManagerServant INFO Master manager not found
2024-11-07 17:51:49,272 file.ManagerServant INFO Master manager not found
2024-11-07 17:51:59,323 file.ManagerServant INFO Master manager not found
2024-11-07 17:52:09,343 file.ManagerServant INFO Master manager not found
2024-11-07 17:52:19,369 file.ManagerServant INFO Master manager not found
2024-11-07 17:52:29,391 file.ManagerServant INFO Master manager not found
2024-11-07 17:52:39,418 file.ManagerServant INFO Master manager not found
2024-11-07 17:52:49,460 file.ManagerServant INFO Master manager not found
2024-11-07 17:52:59,476 file.ManagerServant INFO Master manager not found
2024-11-07 17:53:09,501 file.ManagerServant INFO Master manager not found
2024-11-07 17:53:19,541 file.ManagerServant INFO Master manager not found
2024-11-07 17:53:29,556 file.ManagerServant INFO Master manager not found
2024-11-07 17:53:39,564 file.ManagerServant INFO Master manager not found
2024-11-07 17:53:49,625 file.ManagerServant INFO Master manager not found
2024-11-07 17:53:59,696 file.ManagerServant INFO Master manager not found
2024-11-07 17:54:09,794 file.ManagerServant INFO Master manager not found
2024-11-07 17:54:19,820 file.ManagerServant INFO Master manager not found
2024-11-07 17:54:29,815 file.ManagerServant INFO Master manager not found
2024-11-07 17:54:39,819 file.ManagerServant INFO Master manager not found
2024-11-07 17:54:49,838 file.ManagerServant INFO Master manager not found
2024-11-07 17:54:59,843 file.ManagerServant INFO Master manager not found
2024-11-07 17:55:09,876 file.ManagerServant INFO Master manager not found
2024-11-07 17:55:19,903 file.ManagerServant INFO Master manager not found
2024-11-07 17:55:29,928 file.ManagerServant INFO Master manager not found
2024-11-07 17:55:39,958 file.ManagerServant INFO Master manager not found
2024-11-07 17:55:49,951 file.ManagerServant INFO Master manager not found
2024-11-07 17:56:00,095 file.ManagerServant INFO Master manager not found
2024-11-07 17:56:10,097 file.ManagerServant INFO Master manager not found
2024-11-07 17:56:20,101 file.ManagerServant INFO Master manager not found
2024-11-07 17:56:30,122 file.ManagerServant INFO Master manager not found
2024-11-07 17:56:40,155 file.ManagerServant INFO Master manager not found
2024-11-07 17:56:50,181 file.ManagerServant INFO Master manager not found
2024-11-07 17:57:00,217 file.ManagerServant INFO Master manager not found
2024-11-07 17:57:10,217 file.ManagerServant INFO Master manager not found
2024-11-07 17:57:20,269 file.ManagerServant INFO Master manager not found
2024-11-07 17:57:30,282 file.ManagerServant INFO Master manager not found
2024-11-07 17:57:40,299 file.ManagerServant INFO Master manager not found
2024-11-07 17:57:50,330 file.ManagerServant INFO Master manager not found
2024-11-07 17:58:00,340 file.ManagerServant INFO Master manager not found
2024-11-07 17:58:10,385 file.ManagerServant INFO Master manager not found
2024-11-07 17:58:20,432 file.ManagerServant INFO Master manager not found
2024-11-07 17:58:30,476 file.ManagerServant INFO Master manager not found
2024-11-07 17:58:40,501 file.ManagerServant INFO Master manager not found
2024-11-07 17:58:50,505 file.ManagerServant INFO Master manager not found
2024-11-07 17:59:00,599 file.ManagerServant INFO Master manager not found
2024-11-07 17:59:10,701 file.ManagerServant INFO Master manager not found
2024-11-07 17:59:20,792 file.ManagerServant INFO Master manager not found
2024-11-07 17:59:30,891 file.ManagerServant INFO Master manager not found
2024-11-07 17:59:40,971 file.ManagerServant INFO Master manager not found
2024-11-07 17:59:51,062 file.ManagerServant INFO Master manager not found
2024-11-07 18:00:01,152 file.ManagerServant INFO Master manager not found
2024-11-07 18:00:11,281 file.ManagerServant INFO Master manager not found
2024-11-07 18:00:21,316 file.ManagerServant INFO Master manager not found
2024-11-07 18:00:31,334 file.ManagerServant INFO Master manager not found
2024-11-07 18:00:41,369 file.ManagerServant INFO Master manager not found
2024-11-07 18:00:51,398 file.ManagerServant INFO Master manager not found
2024-11-07 18:01:01,448 file.ManagerServant INFO Master manager not found
2024-11-07 18:01:11,471 file.ManagerServant INFO Master manager not found
2024-11-07 18:01:21,500 file.ManagerServant INFO Master manager not found
2024-11-07 18:01:31,515 file.ManagerServant INFO Master manager not found
2024-11-07 18:01:41,529 file.ManagerServant INFO Master manager not found
2024-11-07 18:01:51,556 file.ManagerServant INFO Master manager not found
2024-11-07 18:02:01,592 file.ManagerServant INFO Master manager not found
2024-11-07 18:02:11,613 file.ManagerServant INFO Master manager not found
2024-11-07 18:02:21,653 file.ManagerServant INFO Master manager not found
2024-11-07 18:02:31,694 file.ManagerServant INFO Master manager not found
2024-11-07 18:02:41,711 file.ManagerServant INFO Master manager not found
2024-11-07 18:02:51,726 file.ManagerServant INFO Master manager not found
2024-11-07 18:03:01,757 file.ManagerServant INFO Master manager not found
2024-11-07 18:03:11,760 file.ManagerServant INFO Master manager not found
2024-11-07 18:03:21,789 file.ManagerServant INFO Master manager not found
2024-11-07 18:03:31,799 file.ManagerServant INFO Master manager not found
2024-11-07 18:03:41,817 file.ManagerServant INFO Master manager not found
2024-11-07 18:03:51,834 file.ManagerServant INFO Master manager not found
2024-11-07 18:04:01,843 file.ManagerServant INFO Master manager not found
2024-11-07 18:04:11,880 file.ManagerServant INFO Master manager not found
2024-11-07 18:04:21,905 file.ManagerServant INFO Master manager not found
2024-11-07 18:04:31,937 file.ManagerServant INFO Master manager not found
2024-11-07 18:04:41,958 file.ManagerServant INFO Master manager not found
2024-11-07 18:04:51,982 file.ManagerServant INFO Master manager not found
2024-11-07 18:05:01,999 file.ManagerServant INFO Master manager not found
2024-11-07 18:05:12,033 file.ManagerServant INFO Master manager not found
2024-11-07 18:05:22,053 file.ManagerServant INFO Master manager not found
2024-11-07 18:05:32,108 file.ManagerServant INFO Master manager not found
2024-11-07 18:05:42,124 file.ManagerServant INFO Master manager not found
2024-11-07 18:05:52,116 file.ManagerServant INFO Master manager not found
2024-11-07 18:06:02,222 file.ManagerServant INFO Master manager not found
2024-11-07 18:06:12,221 file.ManagerServant INFO Master manager not found
2024-11-07 18:06:22,312 file.ManagerServant INFO Master manager not found
2024-11-07 18:06:32,422 file.ManagerServant INFO Master manager not found
2024-11-07 18:06:42,411 file.ManagerServant INFO Master manager not found
2024-11-07 18:06:52,517 file.ManagerServant INFO Master manager not found
2024-11-07 18:07:02,513 file.ManagerServant INFO Master manager not found
2024-11-07 18:07:12,531 file.ManagerServant INFO Master manager not found
2024-11-07 18:07:22,541 file.ManagerServant INFO Master manager not found
2024-11-07 18:07:32,568 file.ManagerServant INFO Master manager not found
2024-11-07 18:07:42,586 file.ManagerServant INFO Master manager not found
2024-11-07 18:07:52,621 file.ManagerServant INFO Master manager not found
2024-11-07 18:08:02,626 file.ManagerServant INFO Master manager not found
2024-11-07 18:08:12,657 file.ManagerServant INFO Master manager not found
2024-11-07 18:08:22,683 file.ManagerServant INFO Master manager not found
2024-11-07 18:08:32,705 file.ManagerServant INFO Master manager not found
2024-11-07 18:08:42,741 file.ManagerServant INFO Master manager not found
2024-11-07 18:08:52,745 file.ManagerServant INFO Master manager not found
2024-11-07 18:09:02,749 file.ManagerServant INFO Master manager not found
2024-11-07 18:09:12,758 file.ManagerServant INFO Master manager not found
2024-11-07 18:09:22,783 file.ManagerServant INFO Master manager not found
2024-11-07 18:09:32,786 file.ManagerServant INFO Master manager not found
2024-11-07 18:09:42,807 file.ManagerServant INFO Master manager not found
2024-11-07 18:09:52,846 file.ManagerServant INFO Master manager not found
2024-11-07 18:10:02,859 file.ManagerServant INFO Master manager not found
2024-11-07 18:10:12,874 file.ManagerServant INFO Master manager not found
2024-11-07 18:10:22,887 file.ManagerServant INFO Master manager not found
2024-11-07 18:10:32,935 file.ManagerServant INFO Master manager not found
2024-11-07 18:10:42,954 file.ManagerServant INFO Master manager not found
2024-11-07 18:10:52,974 file.ManagerServant INFO Master manager not found
2024-11-07 18:11:03,000 file.ManagerServant INFO Master manager not found
2024-11-07 18:11:12,989 file.ManagerServant INFO Master manager not found
2024-11-07 18:11:23,090 file.ManagerServant INFO Master manager not found
2024-11-07 18:11:33,078 file.ManagerServant INFO Master manager not found
2024-11-07 18:11:43,157 file.ManagerServant INFO Master manager not found
2024-11-07 18:11:53,251 file.ManagerServant INFO Master manager not found
2024-11-07 18:12:03,343 file.ManagerServant INFO Master manager not found
2024-11-07 18:12:13,437 file.ManagerServant INFO Master manager not found
2024-11-07 18:12:23,554 file.ManagerServant INFO Master manager not found
2024-11-07 18:12:33,532 file.ManagerServant INFO Master manager not found
2024-11-07 18:12:43,685 file.ManagerServant INFO Master manager not found
2024-11-07 18:12:53,714 file.ManagerServant INFO Master manager not found
2024-11-07 18:13:03,739 file.ManagerServant INFO Master manager not found
2024-11-07 18:13:13,764 file.ManagerServant INFO Master manager not found
2024-11-07 18:13:23,783 file.ManagerServant INFO Master manager not found
2024-11-07 18:13:33,792 file.ManagerServant INFO Master manager not found
2024-11-07 18:13:43,819 file.ManagerServant INFO Master manager not found
2024-11-07 18:13:53,834 file.ManagerServant INFO Master manager not found
2024-11-07 18:14:03,849 file.ManagerServant INFO Master manager not found
2024-11-07 18:14:13,862 file.ManagerServant INFO Master manager not found
2024-11-07 18:14:23,889 file.ManagerServant INFO Master manager not found
2024-11-07 18:14:33,923 file.ManagerServant INFO Master manager not found
2024-11-07 18:14:43,956 file.ManagerServant INFO Master manager not found
2024-11-07 18:14:53,983 file.ManagerServant INFO Master manager not found
2024-11-07 18:15:04,015 file.ManagerServant INFO Master manager not found
2024-11-07 18:15:14,043 file.ManagerServant INFO Master manager not found
2024-11-07 18:15:24,069 file.ManagerServant INFO Master manager not found
2024-11-07 18:15:34,089 file.ManagerServant INFO Master manager not found
2024-11-07 18:15:44,093 file.ManagerServant INFO Master manager not found
2024-11-07 18:15:54,189 file.ManagerServant INFO Master manager not found
2024-11-07 18:16:04,274 file.ManagerServant INFO Master manager not found
2024-11-07 18:16:14,389 file.ManagerServant INFO Master manager not found
2024-11-07 18:16:24,397 file.ManagerServant INFO Master manager not found
2024-11-07 18:16:34,446 file.ManagerServant INFO Master manager not found
2024-11-07 18:16:44,475 file.ManagerServant INFO Master manager not found
2024-11-07 18:16:54,507 file.ManagerServant INFO Master manager not found
2024-11-07 18:17:04,539 file.ManagerServant INFO Master manager not found
2024-11-07 18:17:14,533 file.ManagerServant INFO Master manager not found
2024-11-07 18:17:24,651 file.ManagerServant INFO Master manager not found
2024-11-07 18:17:34,703 file.ManagerServant INFO Master manager not found
2024-11-07 18:17:44,741 file.ManagerServant INFO Master manager not found
2024-11-07 18:17:54,770 file.ManagerServant INFO Master manager not found
2024-11-07 18:18:04,827 file.ManagerServant INFO Master manager not found
2024-11-07 18:18:14,854 file.ManagerServant INFO Master manager not found
2024-11-07 18:18:24,907 file.ManagerServant INFO Master manager not found
2024-11-07 18:18:34,967 file.ManagerServant INFO Master manager not found
2024-11-07 18:18:44,992 file.ManagerServant INFO Master manager not found
2024-11-07 18:18:55,006 file.ManagerServant INFO Master manager not found
2024-11-07 18:19:05,032 file.ManagerServant INFO Master manager not found
2024-11-07 18:19:15,046 file.ManagerServant INFO Master manager not found
2024-11-07 18:19:25,092 file.ManagerServant INFO Master manager not found
2024-11-07 18:19:35,114 file.ManagerServant INFO Master manager not found
2024-11-07 18:19:45,143 file.ManagerServant INFO Master manager not found
2024-11-07 18:19:55,145 file.ManagerServant INFO Master manager not found
2024-11-07 18:20:05,198 file.ManagerServant INFO Master manager not found
2024-11-07 18:20:15,203 file.ManagerServant INFO Master manager not found
2024-11-07 18:20:25,233 file.ManagerServant INFO Master manager not found
2024-11-07 18:20:35,245 file.ManagerServant INFO Master manager not found
2024-11-07 18:20:45,250 file.ManagerServant INFO Master manager not found
2024-11-07 18:20:55,272 file.ManagerServant INFO Master manager not found
2024-11-07 18:21:05,301 file.ManagerServant INFO Master manager not found
2024-11-07 18:21:15,302 file.ManagerServant INFO Master manager not found
2024-11-07 18:21:25,293 file.ManagerServant INFO Master manager not found
2024-11-07 18:21:35,411 file.ManagerServant INFO Master manager not found
2024-11-07 18:21:45,447 file.ManagerServant INFO Master manager not found
2024-11-07 18:21:55,462 file.ManagerServant INFO Master manager not found
2024-11-07 18:22:05,463 file.ManagerServant INFO Master manager not found
2024-11-07 18:22:15,468 file.ManagerServant INFO Master manager not found
2024-11-07 18:22:25,476 file.ManagerServant INFO Master manager not found
2024-11-07 18:22:35,477 file.ManagerServant INFO Master manager not found
2024-11-07 18:22:45,470 file.ManagerServant INFO Master manager not found
2024-11-07 18:22:55,577 file.ManagerServant INFO Master manager not found
2024-11-07 18:23:05,584 file.ManagerServant INFO Master manager not found
2024-11-07 18:23:15,613 file.ManagerServant INFO Master manager not found
2024-11-07 18:23:25,607 file.ManagerServant INFO Master manager not found
2024-11-07 18:23:35,752 file.ManagerServant INFO Master manager not found
2024-11-07 18:23:45,756 file.ManagerServant INFO Master manager not found
2024-11-07 18:23:55,802 file.ManagerServant INFO Master manager not found
2024-11-07 18:24:05,813 file.ManagerServant INFO Master manager not found
2024-11-07 18:24:15,825 file.ManagerServant INFO Master manager not found
2024-11-07 18:24:25,869 file.ManagerServant INFO Master manager not found
2024-11-07 18:24:35,865 file.ManagerServant INFO Master manager not found
2024-11-07 18:24:46,011 file.ManagerServant INFO Master manager not found
2024-11-07 18:24:56,028 file.ManagerServant INFO Master manager not found
2024-11-07 18:25:06,063 file.ManagerServant INFO Master manager not found
2024-11-07 18:25:16,063 file.ManagerServant INFO Master manager not found
2024-11-07 18:25:26,190 file.ManagerServant INFO Master manager not found
2024-11-07 18:25:36,213 file.ManagerServant INFO Master manager not found
2024-11-07 18:25:46,245 file.ManagerServant INFO Master manager not found
2024-11-07 18:25:56,284 file.ManagerServant INFO Master manager not found
2024-11-07 18:26:06,318 file.ManagerServant INFO Master manager not found
2024-11-07 18:26:16,359 file.ManagerServant INFO Master manager not found
2024-11-07 18:26:26,378 file.ManagerServant INFO Master manager not found
2024-11-07 18:26:36,385 file.ManagerServant INFO Master manager not found
2024-11-07 18:26:46,445 file.ManagerServant INFO Master manager not found
2024-11-07 18:26:56,444 file.ManagerServant INFO Master manager not found
2024-11-07 18:27:06,488 file.ManagerServant INFO Master manager not found
2024-11-07 18:27:16,541 file.ManagerServant INFO Master manager not found
2024-11-07 18:27:26,586 file.ManagerServant INFO Master manager not found
2024-11-07 18:27:36,632 file.ManagerServant INFO Master manager not found
2024-11-07 18:27:46,663 file.ManagerServant INFO Master manager not found
2024-11-07 18:27:56,658 file.ManagerServant INFO Master manager not found
2024-11-07 18:28:06,772 file.ManagerServant INFO Master manager not found
2024-11-07 18:28:16,784 file.ManagerServant INFO Master manager not found
2024-11-07 18:28:26,805 file.ManagerServant INFO Master manager not found
2024-11-07 18:28:36,811 file.ManagerServant INFO Master manager not found
2024-11-07 18:28:46,825 file.ManagerServant INFO Master manager not found
2024-11-07 18:28:56,844 file.ManagerServant INFO Master manager not found
2024-11-07 18:29:06,881 file.ManagerServant INFO Master manager not found
2024-11-07 18:29:16,901 file.ManagerServant INFO Master manager not found
2024-11-07 18:29:26,901 file.ManagerServant INFO Master manager not found
2024-11-07 18:29:37,003 file.ManagerServant INFO Master manager not found
2024-11-07 18:29:47,020 file.ManagerServant INFO Master manager not found
