2024-11-07 16:01:38,236 file.manager INFO 2.0.2
2024-11-07 16:01:38,236 file.manager INFO Copyright (C) 2003-2024, Noriaki Ando and OpenRTM development team,
2024-11-07 16:01:38,236 file.manager INFO   Intelligent Systems Research Institute, AIST,
2024-11-07 16:01:38,237 file.manager INFO Copyright (C) 2024, Noriaki Ando and OpenRTM development team,
2024-11-07 16:01:38,237 file.manager INFO   Industrial Cyber-Physical Research Center, AIST,
2024-11-07 16:01:38,237 file.manager INFO   All right reserved.
2024-11-07 16:01:38,237 file.manager INFO Manager starting.
2024-11-07 16:01:38,237 file.manager INFO Starting local logging.
2024-11-07 16:01:38,241 file.manager.namingmanager INFO NameServer connection succeeded: corba/localhost
2024-11-07 16:01:42,364 file.ManagerServant INFO Master manager not found
2024-11-07 16:01:42,365 file.LocalServiceAdmin INFO All the local services are enabled.
2024-11-07 16:01:42,367 file.manager INFO Component type conf file: SevSeg.conf loaded.
2024-11-07 16:01:42,368 file.ec_base INFO setRate(1000000.000000) done
2024-11-07 16:01:42,368 file.ec_base INFO setRate(1000.000000) done
2024-11-07 16:01:42,368 file.rtobject INFO 1 execution context was created.
2024-11-07 16:01:42,369 file.rtobject INFO Initial active configuration set is default.
2024-11-07 16:01:55,534 file.SdoServiceAdmin WARNING No available SDO service in the factory: 
2024-11-07 16:01:55,534 file.SdoServiceAdmin ERROR type  not exists.
2024-11-07 16:01:56,215 file.ec_worker ERROR State of the RTC is not ACTIVE_STATE.
2024-11-07 16:01:56,462 file.ManagerServant INFO Master manager not found
2024-11-07 16:02:06,588 file.ManagerServant INFO Master manager not found
2024-11-07 16:02:16,605 file.ManagerServant INFO Master manager not found
2024-11-07 16:02:26,650 file.ManagerServant INFO Master manager not found
2024-11-07 16:02:36,674 file.ManagerServant INFO Master manager not found
2024-11-07 16:02:46,668 file.ManagerServant INFO Master manager not found
2024-11-07 16:02:56,765 file.ManagerServant INFO Master manager not found
2024-11-07 16:03:06,708 file.ManagerServant INFO Master manager not found
2024-11-07 16:03:16,832 file.ManagerServant INFO Master manager not found
2024-11-07 16:03:26,813 file.ManagerServant INFO Master manager not found
2024-11-07 16:03:36,903 file.ManagerServant INFO Master manager not found
2024-11-07 16:03:46,998 file.ManagerServant INFO Master manager not found
2024-11-07 16:03:57,106 file.ManagerServant INFO Master manager not found
2024-11-07 16:04:07,083 file.ManagerServant INFO Master manager not found
2024-11-07 16:04:17,165 file.ManagerServant INFO Master manager not found
2024-11-07 16:04:27,266 file.ManagerServant INFO Master manager not found
2024-11-07 16:04:37,234 file.ManagerServant INFO Master manager not found
2024-11-07 16:04:47,372 file.ManagerServant INFO Master manager not found
