2024-11-07 15:34:50,542 file.manager INFO 2.0.2
2024-11-07 15:34:50,542 file.manager INFO Copyright (C) 2003-2024, Noriaki Ando and OpenRTM development team,
2024-11-07 15:34:50,542 file.manager INFO   Intelligent Systems Research Institute, AIST,
2024-11-07 15:34:50,542 file.manager INFO Copyright (C) 2024, Noriaki Ando and OpenRTM development team,
2024-11-07 15:34:50,542 file.manager INFO   Industrial Cyber-Physical Research Center, AIST,
2024-11-07 15:34:50,542 file.manager INFO   All right reserved.
2024-11-07 15:34:50,542 file.manager INFO Manager starting.
2024-11-07 15:34:50,542 file.manager INFO Starting local logging.
2024-11-07 15:34:50,547 file.manager.namingmanager INFO NameServer connection succeeded: corba/localhost
2024-11-07 15:34:54,680 file.ManagerServant INFO Master manager not found
2024-11-07 15:34:54,681 file.LocalServiceAdmin INFO All the local services are enabled.
2024-11-07 15:34:54,683 file.manager INFO Component type conf file: SevSeg.conf loaded.
2024-11-07 15:34:54,683 file.ec_base INFO setRate(1000000.000000) done
2024-11-07 15:34:54,684 file.ec_base INFO setRate(1000.000000) done
2024-11-07 15:34:54,684 file.rtobject INFO 1 execution context was created.
2024-11-07 15:34:54,686 file.rtobject INFO Initial active configuration set is default.
2024-11-07 15:35:02,744 file.SdoServiceAdmin WARNING No available SDO service in the factory: 
2024-11-07 15:35:02,744 file.SdoServiceAdmin ERROR type  not exists.
2024-11-07 15:35:08,811 file.ManagerServant INFO Master manager not found
2024-11-07 15:35:18,836 file.ManagerServant INFO Master manager not found
2024-11-07 15:35:28,864 file.ManagerServant INFO Master manager not found
2024-11-07 15:35:38,907 file.ManagerServant INFO Master manager not found
2024-11-07 15:35:48,944 file.ManagerServant INFO Master manager not found
2024-11-07 15:35:58,959 file.ManagerServant INFO Master manager not found
2024-11-07 15:36:08,939 file.ManagerServant INFO Master manager not found
2024-11-07 15:36:19,064 file.ManagerServant INFO Master manager not found
2024-11-07 15:36:29,112 file.ManagerServant INFO Master manager not found
2024-11-07 15:36:39,128 file.ManagerServant INFO Master manager not found
2024-11-07 15:36:49,172 file.ManagerServant INFO Master manager not found
2024-11-07 15:36:59,202 file.ManagerServant INFO Master manager not found
2024-11-07 15:37:09,212 file.ManagerServant INFO Master manager not found
2024-11-07 15:37:19,215 file.ManagerServant INFO Master manager not found
2024-11-07 15:37:29,195 file.ManagerServant INFO Master manager not found
2024-11-07 15:37:39,289 file.ManagerServant INFO Master manager not found
2024-11-07 15:37:49,388 file.ManagerServant INFO Master manager not found
2024-11-07 15:37:59,429 file.ManagerServant INFO Master manager not found
2024-11-07 15:38:09,443 file.ManagerServant INFO Master manager not found
2024-11-07 15:38:19,453 file.ManagerServant INFO Master manager not found
2024-11-07 15:38:29,445 file.ManagerServant INFO Master manager not found
2024-11-07 15:38:39,582 file.ManagerServant INFO Master manager not found
2024-11-07 15:38:49,578 file.ManagerServant INFO Master manager not found
2024-11-07 15:38:59,680 file.ManagerServant INFO Master manager not found
2024-11-07 15:39:09,753 file.ManagerServant INFO Master manager not found
2024-11-07 15:39:19,834 file.ManagerServant INFO Master manager not found
2024-11-07 15:39:29,911 file.ManagerServant INFO Master manager not found
2024-11-07 15:39:40,023 file.ManagerServant INFO Master manager not found
2024-11-07 15:39:49,978 file.ManagerServant INFO Master manager not found
2024-11-07 15:40:00,059 file.ManagerServant INFO Master manager not found
2024-11-07 15:40:10,145 file.ManagerServant INFO Master manager not found
2024-11-07 15:40:20,266 file.ManagerServant INFO Master manager not found
2024-11-07 15:40:30,233 file.ManagerServant INFO Master manager not found
2024-11-07 15:40:40,326 file.ManagerServant INFO Master manager not found
2024-11-07 15:40:50,408 file.ManagerServant INFO Master manager not found
2024-11-07 15:41:00,496 file.ManagerServant INFO Master manager not found
2024-11-07 15:41:10,616 file.ManagerServant INFO Master manager not found
2024-11-07 15:41:20,616 file.ManagerServant INFO Master manager not found
2024-11-07 15:41:30,610 file.ManagerServant INFO Master manager not found
2024-11-07 15:41:40,760 file.ManagerServant INFO Master manager not found
2024-11-07 15:41:50,793 file.ManagerServant INFO Master manager not found
2024-11-07 15:42:00,791 file.ManagerServant INFO Master manager not found
2024-11-07 15:42:10,888 file.ManagerServant INFO Master manager not found
2024-11-07 15:42:20,994 file.ManagerServant INFO Master manager not found
2024-11-07 15:42:31,006 file.ManagerServant INFO Master manager not found
2024-11-07 15:42:40,996 file.ManagerServant INFO Master manager not found
2024-11-07 15:42:51,082 file.ManagerServant INFO Master manager not found
2024-11-07 15:43:01,173 file.ManagerServant INFO Master manager not found
2024-11-07 15:43:11,292 file.ManagerServant INFO Master manager not found
2024-11-07 15:43:21,320 file.ManagerServant INFO Master manager not found
2024-11-07 15:43:31,325 file.ManagerServant INFO Master manager not found
2024-11-07 15:43:41,289 file.ManagerServant INFO Master manager not found
2024-11-07 15:43:51,386 file.ManagerServant INFO Master manager not found
2024-11-07 15:44:01,479 file.ManagerServant INFO Master manager not found
2024-11-07 15:44:11,586 file.ManagerServant INFO Master manager not found
2024-11-07 15:44:21,570 file.ManagerServant INFO Master manager not found
2024-11-07 15:44:31,712 file.ManagerServant INFO Master manager not found
2024-11-07 15:44:41,713 file.ManagerServant INFO Master manager not found
2024-11-07 15:44:51,806 file.ManagerServant INFO Master manager not found
2024-11-07 15:45:01,888 file.ManagerServant INFO Master manager not found
2024-11-07 15:45:12,020 file.ManagerServant INFO Master manager not found
2024-11-07 15:45:22,044 file.ManagerServant INFO Master manager not found
2024-11-07 15:45:32,036 file.ManagerServant INFO Master manager not found
2024-11-07 15:45:42,149 file.ManagerServant INFO Master manager not found
2024-11-07 15:45:52,141 file.ManagerServant INFO Master manager not found
2024-11-07 15:46:02,222 file.ManagerServant INFO Master manager not found
2024-11-07 15:46:12,335 file.ManagerServant INFO Master manager not found
2024-11-07 15:46:22,380 file.ManagerServant INFO Master manager not found
2024-11-07 15:46:32,409 file.ManagerServant INFO Master manager not found
2024-11-07 15:46:42,398 file.ManagerServant INFO Master manager not found
2024-11-07 15:46:52,483 file.ManagerServant INFO Master manager not found
2024-11-07 15:47:02,568 file.ManagerServant INFO Master manager not found
2024-11-07 15:47:12,671 file.ManagerServant INFO Master manager not found
2024-11-07 15:47:22,661 file.ManagerServant INFO Master manager not found
2024-11-07 15:47:32,754 file.ManagerServant INFO Master manager not found
2024-11-07 15:47:42,855 file.ManagerServant INFO Master manager not found
2024-11-07 15:47:52,846 file.ManagerServant INFO Master manager not found
2024-11-07 15:48:02,953 file.ManagerServant INFO Master manager not found
2024-11-07 15:48:12,918 file.ManagerServant INFO Master manager not found
2024-11-07 15:48:23,016 file.ManagerServant INFO Master manager not found
2024-11-07 15:48:33,116 file.ManagerServant INFO Master manager not found
2024-11-07 15:48:43,232 file.ManagerServant INFO Master manager not found
2024-11-07 15:48:53,249 file.ManagerServant INFO Master manager not found
2024-11-07 15:49:03,274 file.ManagerServant INFO Master manager not found
2024-11-07 15:49:13,271 file.ManagerServant INFO Master manager not found
2024-11-07 15:49:23,357 file.ManagerServant INFO Master manager not found
2024-11-07 15:49:33,486 file.ManagerServant INFO Master manager not found
2024-11-07 15:49:43,537 file.ManagerServant INFO Master manager not found
2024-11-07 15:49:53,578 file.ManagerServant INFO Master manager not found
2024-11-07 15:50:03,600 file.ManagerServant INFO Master manager not found
2024-11-07 15:50:13,621 file.ManagerServant INFO Master manager not found
2024-11-07 15:50:23,652 file.ManagerServant INFO Master manager not found
2024-11-07 15:50:33,686 file.ManagerServant INFO Master manager not found
2024-11-07 15:50:43,717 file.ManagerServant INFO Master manager not found
2024-11-07 15:50:53,715 file.ManagerServant INFO Master manager not found
2024-11-07 15:51:03,800 file.ManagerServant INFO Master manager not found
2024-11-07 15:51:13,897 file.ManagerServant INFO Master manager not found
2024-11-07 15:51:23,953 file.ManagerServant INFO Master manager not found
2024-11-07 15:51:34,020 file.ManagerServant INFO Master manager not found
2024-11-07 15:51:44,139 file.ManagerServant INFO Master manager not found
2024-11-07 15:51:54,141 file.ManagerServant INFO Master manager not found
2024-11-07 15:52:04,247 file.ManagerServant INFO Master manager not found
2024-11-07 15:52:14,262 file.ManagerServant INFO Master manager not found
2024-11-07 15:52:24,237 file.ManagerServant INFO Master manager not found
2024-11-07 15:52:34,310 file.ManagerServant INFO Master manager not found
2024-11-07 15:52:44,426 file.ManagerServant INFO Master manager not found
2024-11-07 15:52:54,452 file.ManagerServant INFO Master manager not found
2024-11-07 15:53:04,471 file.ManagerServant INFO Master manager not found
2024-11-07 15:53:14,498 file.ManagerServant INFO Master manager not found
2024-11-07 15:53:24,503 file.ManagerServant INFO Master manager not found
2024-11-07 15:53:34,564 file.ManagerServant INFO Master manager not found
2024-11-07 15:53:44,679 file.ManagerServant INFO Master manager not found
2024-11-07 15:53:54,675 file.ManagerServant INFO Master manager not found
2024-11-07 15:54:04,771 file.ManagerServant INFO Master manager not found
2024-11-07 15:54:14,824 file.ManagerServant INFO Master manager not found
2024-11-07 15:54:24,905 file.ManagerServant INFO Master manager not found
2024-11-07 15:54:35,019 file.ManagerServant INFO Master manager not found
2024-11-07 15:54:45,033 file.ManagerServant INFO Master manager not found
2024-11-07 15:54:55,034 file.ManagerServant INFO Master manager not found
