2024-10-24 17:04:31,939 file.manager INFO 2.0.2
2024-10-24 17:04:31,939 file.manager INFO Copyright (C) 2003-2024, Noriaki Ando and OpenRTM development team,
2024-10-24 17:04:31,939 file.manager INFO   Intelligent Systems Research Institute, AIST,
2024-10-24 17:04:31,939 file.manager INFO Copyright (C) 2024, Noriaki Ando and OpenRTM development team,
2024-10-24 17:04:31,939 file.manager INFO   Industrial Cyber-Physical Research Center, AIST,
2024-10-24 17:04:31,939 file.manager INFO   All right reserved.
2024-10-24 17:04:31,939 file.manager INFO Manager starting.
2024-10-24 17:04:31,939 file.manager INFO Starting local logging.
2024-10-24 17:04:31,943 file.manager.namingmanager INFO NameServer connection succeeded: corba/localhost
2024-10-24 17:04:36,058 file.ManagerServant INFO Master manager not found
2024-10-24 17:04:36,059 file.LocalServiceAdmin INFO All the local services are enabled.
2024-10-24 17:04:36,063 file.manager INFO Component type conf file: SevSeg.conf loaded.
2024-10-24 17:04:36,065 file.ec_base INFO setRate(1000000.000000) done
2024-10-24 17:04:36,065 file.ec_base INFO setRate(1000.000000) done
2024-10-24 17:04:36,065 file.rtobject INFO 1 execution context was created.
2024-10-24 17:04:36,065 file.rtobject INFO Initial active configuration set is default.
2024-10-24 17:04:46,496 file.SdoServiceAdmin WARNING No available SDO service in the factory: 
2024-10-24 17:04:46,496 file.SdoServiceAdmin ERROR type  not exists.
2024-10-24 17:04:50,160 file.ManagerServant INFO Master manager not found
2024-10-24 17:05:00,291 file.ManagerServant INFO Master manager not found
2024-10-24 17:05:10,325 file.ManagerServant INFO Master manager not found
2024-10-24 17:05:20,369 file.ManagerServant INFO Master manager not found
2024-10-24 17:05:30,377 file.ManagerServant INFO Master manager not found
2024-10-24 17:05:40,367 file.ManagerServant INFO Master manager not found
2024-10-24 17:05:50,504 file.ManagerServant INFO Master manager not found
2024-10-24 17:06:00,534 file.ManagerServant INFO Master manager not found
2024-10-24 17:06:10,546 file.ManagerServant INFO Master manager not found
2024-10-24 17:06:20,571 file.ManagerServant INFO Master manager not found
2024-10-24 17:06:30,608 file.ManagerServant INFO Master manager not found
2024-10-24 17:06:40,634 file.ManagerServant INFO Master manager not found
2024-10-24 17:06:50,643 file.ManagerServant INFO Master manager not found
2024-10-24 17:07:00,662 file.ManagerServant INFO Master manager not found
2024-10-24 17:07:10,708 file.ManagerServant INFO Master manager not found
2024-10-24 17:07:20,755 file.ManagerServant INFO Master manager not found
2024-10-24 17:07:30,778 file.ManagerServant INFO Master manager not found
2024-10-24 17:07:40,817 file.ManagerServant INFO Master manager not found
2024-10-24 17:07:50,859 file.ManagerServant INFO Master manager not found
2024-10-24 17:08:00,890 file.ManagerServant INFO Master manager not found
2024-10-24 17:08:10,913 file.ManagerServant INFO Master manager not found
2024-10-24 17:08:20,948 file.ManagerServant INFO Master manager not found
2024-10-24 17:08:30,976 file.ManagerServant INFO Master manager not found
2024-10-24 17:08:41,016 file.ManagerServant INFO Master manager not found
2024-10-24 17:08:51,033 file.ManagerServant INFO Master manager not found
2024-10-24 17:09:01,065 file.ManagerServant INFO Master manager not found
2024-10-24 17:09:11,092 file.ManagerServant INFO Master manager not found
2024-10-24 17:09:21,119 file.ManagerServant INFO Master manager not found
2024-10-24 17:09:31,162 file.ManagerServant INFO Master manager not found
2024-10-24 17:09:41,197 file.ManagerServant INFO Master manager not found
2024-10-24 17:09:51,180 file.ManagerServant INFO Master manager not found
2024-10-24 17:10:01,298 file.ManagerServant INFO Master manager not found
2024-10-24 17:10:11,333 file.ManagerServant INFO Master manager not found
2024-10-24 17:10:21,351 file.ManagerServant INFO Master manager not found
2024-10-24 17:10:31,373 file.ManagerServant INFO Master manager not found
2024-10-24 17:10:41,425 file.ManagerServant INFO Master manager not found
2024-10-24 17:10:51,460 file.ManagerServant INFO Master manager not found
2024-10-24 17:11:01,466 file.ManagerServant INFO Master manager not found
2024-10-24 17:11:11,478 file.ManagerServant INFO Master manager not found
2024-10-24 17:11:21,499 file.ManagerServant INFO Master manager not found
2024-10-24 17:11:31,503 file.ManagerServant INFO Master manager not found
2024-10-24 17:11:41,504 file.ManagerServant INFO Master manager not found
2024-10-24 17:11:51,529 file.ManagerServant INFO Master manager not found
2024-10-24 17:12:01,561 file.ManagerServant INFO Master manager not found
2024-10-24 17:12:11,560 file.ManagerServant INFO Master manager not found
2024-10-24 17:12:21,598 file.ManagerServant INFO Master manager not found
2024-10-24 17:12:31,623 file.ManagerServant INFO Master manager not found
2024-10-24 17:12:41,653 file.ManagerServant INFO Master manager not found
2024-10-24 17:12:51,714 file.ManagerServant INFO Master manager not found
2024-10-24 17:13:01,742 file.ManagerServant INFO Master manager not found
2024-10-24 17:13:11,781 file.ManagerServant INFO Master manager not found
2024-10-24 17:13:21,770 file.ManagerServant INFO Master manager not found
2024-10-24 17:13:31,910 file.ManagerServant INFO Master manager not found
2024-10-24 17:13:41,954 file.ManagerServant INFO Master manager not found
2024-10-24 17:13:51,986 file.ManagerServant INFO Master manager not found
2024-10-24 17:14:02,009 file.ManagerServant INFO Master manager not found
2024-10-24 17:14:12,015 file.ManagerServant INFO Master manager not found
2024-10-24 17:14:22,010 file.ManagerServant INFO Master manager not found
2024-10-24 17:14:32,110 file.ManagerServant INFO Master manager not found
2024-10-24 17:14:42,115 file.ManagerServant INFO Master manager not found
2024-10-24 17:14:52,127 file.ManagerServant INFO Master manager not found
2024-10-24 17:15:02,153 file.ManagerServant INFO Master manager not found
2024-10-24 17:15:12,192 file.ManagerServant INFO Master manager not found
2024-10-24 17:15:22,209 file.ManagerServant INFO Master manager not found
2024-10-24 17:15:32,278 file.ManagerServant INFO Master manager not found
2024-10-24 17:15:42,295 file.ManagerServant INFO Master manager not found
2024-10-24 17:15:52,301 file.ManagerServant INFO Master manager not found
2024-10-24 17:16:02,340 file.ManagerServant INFO Master manager not found
2024-10-24 17:16:12,373 file.ManagerServant INFO Master manager not found
2024-10-24 17:16:22,393 file.ManagerServant INFO Master manager not found
2024-10-24 17:16:32,426 file.ManagerServant INFO Master manager not found
2024-10-24 17:16:42,434 file.ManagerServant INFO Master manager not found
2024-10-24 17:16:52,466 file.ManagerServant INFO Master manager not found
2024-10-24 17:17:02,476 file.ManagerServant INFO Master manager not found
2024-10-24 17:17:12,505 file.ManagerServant INFO Master manager not found
2024-10-24 17:17:22,548 file.ManagerServant INFO Master manager not found
2024-10-24 17:17:32,584 file.ManagerServant INFO Master manager not found
2024-10-24 17:17:42,609 file.ManagerServant INFO Master manager not found
2024-10-24 17:17:52,651 file.ManagerServant INFO Master manager not found
2024-10-24 17:18:02,686 file.ManagerServant INFO Master manager not found
2024-10-24 17:18:12,692 file.ManagerServant INFO Master manager not found
2024-10-24 17:18:22,726 file.ManagerServant INFO Master manager not found
2024-10-24 17:18:32,742 file.ManagerServant INFO Master manager not found
2024-10-24 17:18:42,750 file.ManagerServant INFO Master manager not found
2024-10-24 17:18:52,787 file.ManagerServant INFO Master manager not found
2024-10-24 17:19:02,801 file.ManagerServant INFO Master manager not found
2024-10-24 17:19:12,844 file.ManagerServant INFO Master manager not found
2024-10-24 17:19:22,884 file.ManagerServant INFO Master manager not found
2024-10-24 17:19:32,935 file.ManagerServant INFO Master manager not found
2024-10-24 17:19:42,964 file.ManagerServant INFO Master manager not found
2024-10-24 17:19:52,992 file.ManagerServant INFO Master manager not found
2024-10-24 17:20:03,018 file.ManagerServant INFO Master manager not found
2024-10-24 17:20:13,012 file.ManagerServant INFO Master manager not found
2024-10-24 17:20:23,149 file.ManagerServant INFO Master manager not found
2024-10-24 17:20:33,183 file.ManagerServant INFO Master manager not found
2024-10-24 17:20:43,227 file.ManagerServant INFO Master manager not found
2024-10-24 17:20:53,265 file.ManagerServant INFO Master manager not found
2024-10-24 17:21:03,303 file.ManagerServant INFO Master manager not found
2024-10-24 17:21:13,332 file.ManagerServant INFO Master manager not found
2024-10-24 17:21:23,323 file.ManagerServant INFO Master manager not found
2024-10-24 17:21:33,387 file.ManagerServant INFO Master manager not found
2024-10-24 17:21:43,495 file.ManagerServant INFO Master manager not found
2024-10-24 17:21:53,542 file.ManagerServant INFO Master manager not found
2024-10-24 17:22:03,588 file.ManagerServant INFO Master manager not found
2024-10-24 17:22:13,560 file.ManagerServant INFO Master manager not found
2024-10-24 17:22:23,660 file.ManagerServant INFO Master manager not found
2024-10-24 17:22:33,784 file.ManagerServant INFO Master manager not found
2024-10-24 17:22:43,802 file.ManagerServant INFO Master manager not found
2024-10-24 17:22:53,830 file.ManagerServant INFO Master manager not found
2024-10-24 17:23:03,866 file.ManagerServant INFO Master manager not found
2024-10-24 17:23:13,860 file.ManagerServant INFO Master manager not found
2024-10-24 17:23:23,983 file.ManagerServant INFO Master manager not found
2024-10-24 17:23:33,999 file.ManagerServant INFO Master manager not found
2024-10-24 17:23:44,023 file.ManagerServant INFO Master manager not found
2024-10-24 17:23:54,046 file.ManagerServant INFO Master manager not found
2024-10-24 17:24:04,043 file.ManagerServant INFO Master manager not found
2024-10-24 17:24:14,205 file.ManagerServant INFO Master manager not found
2024-10-24 17:24:24,238 file.ManagerServant INFO Master manager not found
2024-10-24 17:24:34,269 file.ManagerServant INFO Master manager not found
2024-10-24 17:24:44,298 file.ManagerServant INFO Master manager not found
2024-10-24 17:24:54,310 file.ManagerServant INFO Master manager not found
2024-10-24 17:25:04,305 file.ManagerServant INFO Master manager not found
2024-10-24 17:25:14,417 file.ManagerServant INFO Master manager not found
2024-10-24 17:25:24,475 file.ManagerServant INFO Master manager not found
2024-10-24 17:25:34,480 file.ManagerServant INFO Master manager not found
2024-10-24 17:25:44,476 file.ManagerServant INFO Master manager not found
2024-10-24 17:25:54,593 file.ManagerServant INFO Master manager not found
2024-10-24 17:26:04,578 file.ManagerServant INFO Master manager not found
2024-10-24 17:26:14,677 file.ManagerServant INFO Master manager not found
2024-10-24 17:26:24,809 file.ManagerServant INFO Master manager not found
2024-10-24 17:26:34,829 file.ManagerServant INFO Master manager not found
2024-10-24 17:26:44,852 file.ManagerServant INFO Master manager not found
2024-10-24 17:26:54,828 file.ManagerServant INFO Master manager not found
2024-10-24 17:27:04,953 file.ManagerServant INFO Master manager not found
2024-10-24 17:27:14,993 file.ManagerServant INFO Master manager not found
2024-10-24 17:27:24,966 file.ManagerServant INFO Master manager not found
2024-10-24 17:27:35,065 file.ManagerServant INFO Master manager not found
2024-10-24 17:27:45,219 file.ManagerServant INFO Master manager not found
2024-10-24 17:27:55,233 file.ManagerServant INFO Master manager not found
2024-10-24 17:28:05,287 file.ManagerServant INFO Master manager not found
2024-10-24 17:28:15,298 file.ManagerServant INFO Master manager not found
2024-10-24 17:28:25,316 file.ManagerServant INFO Master manager not found
2024-10-24 17:28:35,360 file.ManagerServant INFO Master manager not found
2024-10-24 17:28:45,368 file.ManagerServant INFO Master manager not found
2024-10-24 17:28:55,402 file.ManagerServant INFO Master manager not found
2024-10-24 17:29:05,427 file.ManagerServant INFO Master manager not found
2024-10-24 17:29:15,454 file.ManagerServant INFO Master manager not found
2024-10-24 17:29:25,476 file.ManagerServant INFO Master manager not found
2024-10-24 17:29:35,495 file.ManagerServant INFO Master manager not found
2024-10-24 17:29:45,528 file.ManagerServant INFO Master manager not found
2024-10-24 17:29:55,580 file.ManagerServant INFO Master manager not found
2024-10-24 17:30:05,591 file.ManagerServant INFO Master manager not found
2024-10-24 17:30:15,605 file.ManagerServant INFO Master manager not found
2024-10-24 17:30:25,649 file.ManagerServant INFO Master manager not found
2024-10-24 17:30:35,697 file.ManagerServant INFO Master manager not found
2024-10-24 17:30:45,721 file.ManagerServant INFO Master manager not found
2024-10-24 17:30:55,769 file.ManagerServant INFO Master manager not found
2024-10-24 17:31:05,831 file.ManagerServant INFO Master manager not found
2024-10-24 17:31:15,849 file.ManagerServant INFO Master manager not found
2024-10-24 17:31:25,894 file.ManagerServant INFO Master manager not found
2024-10-24 17:31:35,939 file.ManagerServant INFO Master manager not found
2024-10-24 17:31:45,961 file.ManagerServant INFO Master manager not found
2024-10-24 17:31:55,968 file.ManagerServant INFO Master manager not found
2024-10-24 17:32:06,002 file.ManagerServant INFO Master manager not found
2024-10-24 17:32:16,050 file.ManagerServant INFO Master manager not found
2024-10-24 17:32:26,110 file.ManagerServant INFO Master manager not found
2024-10-24 17:32:36,150 file.ManagerServant INFO Master manager not found
2024-10-24 17:32:46,209 file.ManagerServant INFO Master manager not found
2024-10-24 17:32:56,184 file.ManagerServant INFO Master manager not found
2024-10-24 17:33:06,349 file.ManagerServant INFO Master manager not found
2024-10-24 17:33:16,386 file.ManagerServant INFO Master manager not found
2024-10-24 17:33:26,385 file.ManagerServant INFO Master manager not found
2024-10-24 17:33:36,460 file.ManagerServant INFO Master manager not found
2024-10-24 17:33:46,575 file.ManagerServant INFO Master manager not found
2024-10-24 17:33:56,558 file.ManagerServant INFO Master manager not found
2024-10-24 17:34:06,635 file.ManagerServant INFO Master manager not found
2024-10-24 17:34:16,706 file.ManagerServant INFO Master manager not found
2024-10-24 17:34:26,830 file.ManagerServant INFO Master manager not found
2024-10-24 17:34:36,835 file.ManagerServant INFO Master manager not found
2024-10-24 17:34:46,817 file.ManagerServant INFO Master manager not found
2024-10-24 17:34:56,885 file.ManagerServant INFO Master manager not found
2024-10-24 17:35:06,959 file.ManagerServant INFO Master manager not found
2024-10-24 17:35:17,035 file.ManagerServant INFO Master manager not found
2024-10-24 17:35:27,138 file.ManagerServant INFO Master manager not found
2024-10-24 17:35:37,107 file.ManagerServant INFO Master manager not found
2024-10-24 17:35:47,200 file.ManagerServant INFO Master manager not found
2024-10-24 17:35:57,284 file.ManagerServant INFO Master manager not found
2024-10-24 17:36:07,377 file.ManagerServant INFO Master manager not found
2024-10-24 17:36:17,478 file.ManagerServant INFO Master manager not found
2024-10-24 17:36:27,447 file.ManagerServant INFO Master manager not found
2024-10-24 17:36:37,539 file.ManagerServant INFO Master manager not found
2024-10-24 17:36:47,636 file.ManagerServant INFO Master manager not found
2024-10-24 17:36:57,763 file.ManagerServant INFO Master manager not found
2024-10-24 17:37:07,755 file.ManagerServant INFO Master manager not found
2024-10-24 17:37:17,822 file.ManagerServant INFO Master manager not found
2024-10-24 17:37:27,936 file.ManagerServant INFO Master manager not found
2024-10-24 17:37:37,919 file.ManagerServant INFO Master manager not found
2024-10-24 17:37:48,015 file.ManagerServant INFO Master manager not found
2024-10-24 17:37:58,133 file.ManagerServant INFO Master manager not found
2024-10-24 17:38:08,110 file.ManagerServant INFO Master manager not found
2024-10-24 17:38:18,228 file.ManagerServant INFO Master manager not found
2024-10-24 17:38:28,265 file.ManagerServant INFO Master manager not found
2024-10-24 17:38:38,227 file.ManagerServant INFO Master manager not found
2024-10-24 17:38:48,341 file.ManagerServant INFO Master manager not found
2024-10-24 17:38:58,372 file.ManagerServant INFO Master manager not found
2024-10-24 17:39:08,378 file.ManagerServant INFO Master manager not found
2024-10-24 17:39:18,399 file.ManagerServant INFO Master manager not found
2024-10-24 17:39:28,414 file.ManagerServant INFO Master manager not found
