2024-10-24 17:39:36,410 file.manager INFO 2.0.2
2024-10-24 17:39:36,410 file.manager INFO Copyright (C) 2003-2024, Noriaki Ando and OpenRTM development team,
2024-10-24 17:39:36,410 file.manager INFO   Intelligent Systems Research Institute, AIST,
2024-10-24 17:39:36,411 file.manager INFO Copyright (C) 2024, Noriaki Ando and OpenRTM development team,
2024-10-24 17:39:36,411 file.manager INFO   Industrial Cyber-Physical Research Center, AIST,
2024-10-24 17:39:36,411 file.manager INFO   All right reserved.
2024-10-24 17:39:36,411 file.manager INFO Manager starting.
2024-10-24 17:39:36,411 file.manager INFO Starting local logging.
2024-10-24 17:39:36,414 file.manager.namingmanager INFO NameServer connection succeeded: corba/localhost
2024-10-24 17:39:40,514 file.ManagerServant INFO Master manager not found
2024-10-24 17:39:40,514 file.LocalServiceAdmin INFO All the local services are enabled.
2024-10-24 17:39:40,520 file.manager INFO Component type conf file: SevSeg.conf loaded.
2024-10-24 17:39:40,521 file.ec_base INFO setRate(1000000.000000) done
2024-10-24 17:39:40,521 file.ec_base INFO setRate(1000.000000) done
2024-10-24 17:39:40,521 file.rtobject INFO 1 execution context was created.
2024-10-24 17:39:40,521 file.rtobject INFO Initial active configuration set is default.
2024-10-24 17:39:54,623 file.ManagerServant INFO Master manager not found
2024-10-24 17:40:04,724 file.ManagerServant INFO Master manager not found
2024-10-24 17:40:09,597 file.SdoServiceAdmin WARNING No available SDO service in the factory: 
2024-10-24 17:40:09,597 file.SdoServiceAdmin ERROR type  not exists.
2024-10-24 17:40:14,710 file.ManagerServant INFO Master manager not found
2024-10-24 17:40:24,776 file.ManagerServant INFO Master manager not found
2024-10-24 17:40:34,897 file.ManagerServant INFO Master manager not found
2024-10-24 17:40:44,880 file.ManagerServant INFO Master manager not found
2024-10-24 17:40:54,963 file.ManagerServant INFO Master manager not found
2024-10-24 17:41:05,052 file.ManagerServant INFO Master manager not found
2024-10-24 17:41:15,156 file.ManagerServant INFO Master manager not found
2024-10-24 17:41:25,153 file.ManagerServant INFO Master manager not found
2024-10-24 17:41:35,273 file.ManagerServant INFO Master manager not found
2024-10-24 17:41:45,285 file.ManagerServant INFO Master manager not found
2024-10-24 17:41:55,309 file.ManagerServant INFO Master manager not found
2024-10-24 17:42:05,304 file.ManagerServant INFO Master manager not found
2024-10-24 17:42:15,406 file.ManagerServant INFO Master manager not found
2024-10-24 17:42:25,389 file.ManagerServant INFO Master manager not found
2024-10-24 17:42:35,500 file.ManagerServant INFO Master manager not found
2024-10-24 17:42:45,528 file.ManagerServant INFO Master manager not found
2024-10-24 17:42:55,558 file.ManagerServant INFO Master manager not found
2024-10-24 17:43:05,621 file.ManagerServant INFO Master manager not found
2024-10-24 17:43:15,601 file.ManagerServant INFO Master manager not found
2024-10-24 17:43:25,707 file.ManagerServant INFO Master manager not found
2024-10-24 17:43:35,688 file.ManagerServant INFO Master manager not found
2024-10-24 17:43:45,782 file.ManagerServant INFO Master manager not found
2024-10-24 17:43:55,848 file.ManagerServant INFO Master manager not found
2024-10-24 17:44:05,913 file.ManagerServant INFO Master manager not found
2024-10-24 17:44:15,979 file.ManagerServant INFO Master manager not found
2024-10-24 17:44:26,074 file.ManagerServant INFO Master manager not found
2024-10-24 17:44:36,191 file.ManagerServant INFO Master manager not found
2024-10-24 17:44:46,190 file.ManagerServant INFO Master manager not found
2024-10-24 17:44:56,193 file.ManagerServant INFO Master manager not found
2024-10-24 17:45:06,250 file.ManagerServant INFO Master manager not found
2024-10-24 17:45:16,339 file.ManagerServant INFO Master manager not found
2024-10-24 17:45:26,404 file.ManagerServant INFO Master manager not found
2024-10-24 17:45:36,469 file.ManagerServant INFO Master manager not found
2024-10-24 17:45:46,551 file.ManagerServant INFO Master manager not found
2024-10-24 17:45:56,680 file.ManagerServant INFO Master manager not found
2024-10-24 17:46:06,681 file.ManagerServant INFO Master manager not found
2024-10-24 17:46:16,793 file.ManagerServant INFO Master manager not found
2024-10-24 17:46:26,796 file.ManagerServant INFO Master manager not found
2024-10-24 17:46:36,815 file.ManagerServant INFO Master manager not found
2024-10-24 17:46:46,852 file.ManagerServant INFO Master manager not found
2024-10-24 17:46:56,854 file.ManagerServant INFO Master manager not found
2024-10-24 17:47:06,938 file.ManagerServant INFO Master manager not found
2024-10-24 17:47:17,010 file.ManagerServant INFO Master manager not found
2024-10-24 17:47:27,102 file.ManagerServant INFO Master manager not found
2024-10-24 17:47:37,199 file.ManagerServant INFO Master manager not found
2024-10-24 17:47:47,287 file.ManagerServant INFO Master manager not found
2024-10-24 17:47:57,359 file.ManagerServant INFO Master manager not found
2024-10-24 17:48:07,451 file.ManagerServant INFO Master manager not found
2024-10-24 17:48:17,530 file.ManagerServant INFO Master manager not found
2024-10-24 17:48:27,618 file.ManagerServant INFO Master manager not found
2024-10-24 17:48:37,694 file.ManagerServant INFO Master manager not found
2024-10-24 17:48:47,796 file.ManagerServant INFO Master manager not found
2024-10-24 17:48:57,780 file.ManagerServant INFO Master manager not found
2024-10-24 17:49:07,854 file.ManagerServant INFO Master manager not found
2024-10-24 17:49:17,950 file.ManagerServant INFO Master manager not found
2024-10-24 17:49:28,017 file.ManagerServant INFO Master manager not found
2024-10-24 17:49:38,093 file.ManagerServant INFO Master manager not found
2024-10-24 17:49:48,190 file.ManagerServant INFO Master manager not found
2024-10-24 17:49:58,274 file.ManagerServant INFO Master manager not found
2024-10-24 17:50:08,375 file.ManagerServant INFO Master manager not found
2024-10-24 17:50:18,389 file.ManagerServant INFO Master manager not found
2024-10-24 17:50:28,387 file.ManagerServant INFO Master manager not found
2024-10-24 17:50:38,479 file.ManagerServant INFO Master manager not found
2024-10-24 17:50:48,578 file.ManagerServant INFO Master manager not found
2024-10-24 17:50:58,653 file.ManagerServant INFO Master manager not found
2024-10-24 17:51:08,742 file.ManagerServant INFO Master manager not found
2024-10-24 17:51:18,831 file.ManagerServant INFO Master manager not found
2024-10-24 17:51:28,912 file.ManagerServant INFO Master manager not found
2024-10-24 17:51:38,991 file.ManagerServant INFO Master manager not found
2024-10-24 17:51:49,085 file.ManagerServant INFO Master manager not found
2024-10-24 17:51:59,182 file.ManagerServant INFO Master manager not found
2024-10-24 17:52:09,276 file.ManagerServant INFO Master manager not found
2024-10-24 17:52:19,374 file.ManagerServant INFO Master manager not found
2024-10-24 17:52:29,448 file.ManagerServant INFO Master manager not found
2024-10-24 17:52:39,505 file.ManagerServant INFO Master manager not found
2024-10-24 17:52:49,616 file.ManagerServant INFO Master manager not found
2024-10-24 17:52:59,593 file.ManagerServant INFO Master manager not found
2024-10-24 17:53:09,674 file.ManagerServant INFO Master manager not found
2024-10-24 17:53:19,754 file.ManagerServant INFO Master manager not found
2024-10-24 17:53:29,791 file.ManagerServant INFO Master manager not found
2024-10-24 17:53:39,873 file.ManagerServant INFO Master manager not found
2024-10-24 17:53:49,936 file.ManagerServant INFO Master manager not found
2024-10-24 17:54:00,018 file.ManagerServant INFO Master manager not found
2024-10-24 17:54:10,118 file.ManagerServant INFO Master manager not found
2024-10-24 17:54:20,117 file.ManagerServant INFO Master manager not found
2024-10-24 17:54:30,228 file.ManagerServant INFO Master manager not found
2024-10-24 17:54:40,247 file.ManagerServant INFO Master manager not found
2024-10-24 17:54:50,234 file.ManagerServant INFO Master manager not found
2024-10-24 17:55:00,329 file.ManagerServant INFO Master manager not found
2024-10-24 17:55:10,429 file.ManagerServant INFO Master manager not found
2024-10-24 17:55:20,523 file.ManagerServant INFO Master manager not found
2024-10-24 17:55:30,622 file.ManagerServant INFO Master manager not found
2024-10-24 17:55:40,723 file.ManagerServant INFO Master manager not found
2024-10-24 17:55:50,809 file.ManagerServant INFO Master manager not found
2024-10-24 17:56:00,909 file.ManagerServant INFO Master manager not found
2024-10-24 17:56:10,984 file.ManagerServant INFO Master manager not found
2024-10-24 17:56:21,061 file.ManagerServant INFO Master manager not found
2024-10-24 17:56:31,174 file.ManagerServant INFO Master manager not found
2024-10-24 17:56:41,185 file.ManagerServant INFO Master manager not found
2024-10-24 17:56:51,189 file.ManagerServant INFO Master manager not found
2024-10-24 17:57:01,162 file.ManagerServant INFO Master manager not found
2024-10-24 17:57:11,249 file.ManagerServant INFO Master manager not found
2024-10-24 17:57:21,346 file.ManagerServant INFO Master manager not found
2024-10-24 17:57:31,352 file.ManagerServant INFO Master manager not found
2024-10-24 17:57:41,336 file.ManagerServant INFO Master manager not found
2024-10-24 17:57:51,443 file.ManagerServant INFO Master manager not found
2024-10-24 17:58:01,455 file.ManagerServant INFO Master manager not found
2024-10-24 17:58:11,442 file.ManagerServant INFO Master manager not found
2024-10-24 17:58:21,523 file.ManagerServant INFO Master manager not found
2024-10-24 17:58:31,637 file.ManagerServant INFO Master manager not found
2024-10-24 17:58:41,623 file.ManagerServant INFO Master manager not found
2024-10-24 17:58:51,698 file.ManagerServant INFO Master manager not found
2024-10-24 17:59:01,792 file.ManagerServant INFO Master manager not found
2024-10-24 17:59:11,897 file.ManagerServant INFO Master manager not found
2024-10-24 17:59:21,866 file.ManagerServant INFO Master manager not found
2024-10-24 17:59:31,944 file.ManagerServant INFO Master manager not found
2024-10-24 17:59:42,062 file.ManagerServant INFO Master manager not found
2024-10-24 17:59:52,077 file.ManagerServant INFO Master manager not found
2024-10-24 18:00:02,116 file.ManagerServant INFO Master manager not found
2024-10-24 18:00:12,120 file.ManagerServant INFO Master manager not found
2024-10-24 18:00:22,134 file.ManagerServant INFO Master manager not found
2024-10-24 18:00:32,134 file.ManagerServant INFO Master manager not found
2024-10-24 18:00:42,246 file.ManagerServant INFO Master manager not found
2024-10-24 18:00:52,282 file.ManagerServant INFO Master manager not found
2024-10-24 18:01:02,309 file.ManagerServant INFO Master manager not found
2024-10-24 18:01:12,324 file.ManagerServant INFO Master manager not found
2024-10-24 18:01:22,352 file.ManagerServant INFO Master manager not found
2024-10-24 18:01:32,406 file.ManagerServant INFO Master manager not found
2024-10-24 18:01:42,399 file.ManagerServant INFO Master manager not found
2024-10-24 18:01:52,487 file.ManagerServant INFO Master manager not found
2024-10-24 18:02:02,565 file.ManagerServant INFO Master manager not found
2024-10-24 18:02:12,657 file.ManagerServant INFO Master manager not found
2024-10-24 18:02:22,724 file.ManagerServant INFO Master manager not found
2024-10-24 18:02:32,799 file.ManagerServant INFO Master manager not found
2024-10-24 18:02:42,873 file.ManagerServant INFO Master manager not found
2024-10-24 18:02:52,963 file.ManagerServant INFO Master manager not found
2024-10-24 18:03:03,051 file.ManagerServant INFO Master manager not found
2024-10-24 18:03:13,135 file.ManagerServant INFO Master manager not found
2024-10-24 18:03:23,214 file.ManagerServant INFO Master manager not found
2024-10-24 18:03:33,301 file.ManagerServant INFO Master manager not found
2024-10-24 18:03:43,393 file.ManagerServant INFO Master manager not found
2024-10-24 18:03:53,473 file.ManagerServant INFO Master manager not found
2024-10-24 18:04:03,546 file.ManagerServant INFO Master manager not found
2024-10-24 18:04:13,619 file.ManagerServant INFO Master manager not found
2024-10-24 18:04:23,689 file.ManagerServant INFO Master manager not found
2024-10-24 18:04:33,762 file.ManagerServant INFO Master manager not found
2024-10-24 18:04:43,841 file.ManagerServant INFO Master manager not found
2024-10-24 18:04:53,917 file.ManagerServant INFO Master manager not found
2024-10-24 18:05:04,008 file.ManagerServant INFO Master manager not found
2024-10-24 18:05:14,087 file.ManagerServant INFO Master manager not found
2024-10-24 18:05:24,171 file.ManagerServant INFO Master manager not found
2024-10-24 18:05:34,253 file.ManagerServant INFO Master manager not found
2024-10-24 18:05:44,335 file.ManagerServant INFO Master manager not found
2024-10-24 18:05:54,418 file.ManagerServant INFO Master manager not found
2024-10-24 18:06:04,510 file.ManagerServant INFO Master manager not found
2024-10-24 18:06:14,586 file.ManagerServant INFO Master manager not found
2024-10-24 18:06:24,673 file.ManagerServant INFO Master manager not found
2024-10-24 18:06:34,753 file.ManagerServant INFO Master manager not found
2024-10-24 18:06:44,856 file.ManagerServant INFO Master manager not found
2024-10-24 18:06:54,880 file.ManagerServant INFO Master manager not found
2024-10-24 18:07:04,853 file.ManagerServant INFO Master manager not found
2024-10-24 18:07:14,938 file.ManagerServant INFO Master manager not found
2024-10-24 18:07:25,048 file.ManagerServant INFO Master manager not found
2024-10-24 18:07:35,081 file.ManagerServant INFO Master manager not found
2024-10-24 18:07:45,086 file.ManagerServant INFO Master manager not found
2024-10-24 18:07:55,058 file.ManagerServant INFO Master manager not found
2024-10-24 18:08:05,175 file.ManagerServant INFO Master manager not found
2024-10-24 18:08:15,166 file.ManagerServant INFO Master manager not found
2024-10-24 18:08:25,265 file.ManagerServant INFO Master manager not found
2024-10-24 18:08:35,355 file.ManagerServant INFO Master manager not found
2024-10-24 18:08:45,430 file.ManagerServant INFO Master manager not found
2024-10-24 18:08:55,491 file.ManagerServant INFO Master manager not found
2024-10-24 18:09:05,581 file.ManagerServant INFO Master manager not found
2024-10-24 18:09:15,661 file.ManagerServant INFO Master manager not found
2024-10-24 18:09:25,752 file.ManagerServant INFO Master manager not found
2024-10-24 18:09:35,854 file.ManagerServant INFO Master manager not found
2024-10-24 18:09:45,822 file.ManagerServant INFO Master manager not found
2024-10-24 18:09:55,927 file.ManagerServant INFO Master manager not found
2024-10-24 18:10:05,914 file.ManagerServant INFO Master manager not found
2024-10-24 18:10:15,982 file.ManagerServant INFO Master manager not found
2024-10-24 18:10:26,069 file.ManagerServant INFO Master manager not found
2024-10-24 18:10:36,153 file.ManagerServant INFO Master manager not found
2024-10-24 18:10:46,213 file.ManagerServant INFO Master manager not found
2024-10-24 18:10:56,299 file.ManagerServant INFO Master manager not found
2024-10-24 18:11:06,396 file.ManagerServant INFO Master manager not found
2024-10-24 18:11:16,515 file.ManagerServant INFO Master manager not found
2024-10-24 18:11:26,483 file.ManagerServant INFO Master manager not found
2024-10-24 18:11:36,553 file.ManagerServant INFO Master manager not found
2024-10-24 18:11:46,642 file.ManagerServant INFO Master manager not found
2024-10-24 18:11:56,730 file.ManagerServant INFO Master manager not found
2024-10-24 18:12:06,799 file.ManagerServant INFO Master manager not found
2024-10-24 18:12:16,887 file.ManagerServant INFO Master manager not found
2024-10-24 18:12:26,976 file.ManagerServant INFO Master manager not found
2024-10-24 18:12:37,059 file.ManagerServant INFO Master manager not found
2024-10-24 18:12:47,157 file.ManagerServant INFO Master manager not found
2024-10-24 18:12:57,123 file.ManagerServant INFO Master manager not found
2024-10-24 18:13:07,199 file.ManagerServant INFO Master manager not found
2024-10-24 18:13:17,320 file.ManagerServant INFO Master manager not found
2024-10-24 18:13:27,296 file.ManagerServant INFO Master manager not found
2024-10-24 18:13:37,380 file.ManagerServant INFO Master manager not found
2024-10-24 18:13:47,445 file.ManagerServant INFO Master manager not found
2024-10-24 18:13:57,558 file.ManagerServant INFO Master manager not found
2024-10-24 18:14:07,584 file.ManagerServant INFO Master manager not found
2024-10-24 18:14:17,638 file.ManagerServant INFO Master manager not found
2024-10-24 18:14:27,695 file.ManagerServant INFO Master manager not found
2024-10-24 18:14:37,725 file.ManagerServant INFO Master manager not found
2024-10-24 18:14:47,726 file.ManagerServant INFO Master manager not found
2024-10-24 18:14:57,767 file.ManagerServant INFO Master manager not found
2024-10-24 18:15:07,783 file.ManagerServant INFO Master manager not found
2024-10-24 18:15:17,798 file.ManagerServant INFO Master manager not found
2024-10-24 18:15:27,850 file.ManagerServant INFO Master manager not found
2024-10-24 18:15:37,885 file.ManagerServant INFO Master manager not found
2024-10-24 18:15:47,928 file.ManagerServant INFO Master manager not found
2024-10-24 18:15:57,913 file.ManagerServant INFO Master manager not found
2024-10-24 18:16:08,018 file.ManagerServant INFO Master manager not found
2024-10-24 18:16:18,011 file.ManagerServant INFO Master manager not found
2024-10-24 18:16:28,117 file.ManagerServant INFO Master manager not found
2024-10-24 18:16:38,138 file.ManagerServant INFO Master manager not found
2024-10-24 18:16:48,161 file.ManagerServant INFO Master manager not found
2024-10-24 18:16:58,214 file.ManagerServant INFO Master manager not found
2024-10-24 18:17:08,228 file.ManagerServant INFO Master manager not found
2024-10-24 18:17:18,239 file.ManagerServant INFO Master manager not found
2024-10-24 18:17:28,204 file.ManagerServant INFO Master manager not found
2024-10-24 18:17:38,275 file.ManagerServant INFO Master manager not found
2024-10-24 18:17:48,348 file.ManagerServant INFO Master manager not found
2024-10-24 18:17:58,427 file.ManagerServant INFO Master manager not found
2024-10-24 18:18:08,558 file.ManagerServant INFO Master manager not found
2024-10-24 18:18:18,574 file.ManagerServant INFO Master manager not found
2024-10-24 18:18:28,618 file.ManagerServant INFO Master manager not found
2024-10-24 18:18:38,645 file.ManagerServant INFO Master manager not found
2024-10-24 18:18:48,649 file.ManagerServant INFO Master manager not found
2024-10-24 18:18:58,613 file.ManagerServant INFO Master manager not found
2024-10-24 18:19:08,687 file.ManagerServant INFO Master manager not found
2024-10-24 18:19:09,150 file.ec_worker ERROR State of the RTC is not INACTIVE_STATE.
2024-10-24 18:19:18,827 file.ManagerServant INFO Master manager not found
2024-10-24 18:19:28,869 file.ManagerServant INFO Master manager not found
2024-10-24 18:19:38,876 file.ManagerServant INFO Master manager not found
2024-10-24 18:19:48,896 file.ManagerServant INFO Master manager not found
2024-10-24 18:19:58,898 file.ManagerServant INFO Master manager not found
2024-10-24 18:20:08,993 file.ManagerServant INFO Master manager not found
2024-10-24 18:20:19,082 file.ManagerServant INFO Master manager not found
2024-10-24 18:20:29,163 file.ManagerServant INFO Master manager not found
2024-10-24 18:20:39,275 file.ManagerServant INFO Master manager not found
2024-10-24 18:20:49,286 file.ManagerServant INFO Master manager not found
2024-10-24 18:20:59,270 file.ManagerServant INFO Master manager not found
2024-10-24 18:21:09,378 file.ManagerServant INFO Master manager not found
2024-10-24 18:21:19,377 file.ManagerServant INFO Master manager not found
2024-10-24 18:21:29,383 file.ManagerServant INFO Master manager not found
2024-10-24 18:21:39,415 file.ManagerServant INFO Master manager not found
2024-10-24 18:21:49,419 file.ManagerServant INFO Master manager not found
2024-10-24 18:21:59,426 file.ManagerServant INFO Master manager not found
2024-10-24 18:22:09,430 file.ManagerServant INFO Master manager not found
2024-10-24 18:22:19,408 file.ManagerServant INFO Master manager not found
2024-10-24 18:22:29,488 file.ManagerServant INFO Master manager not found
2024-10-24 18:22:39,606 file.ManagerServant INFO Master manager not found
2024-10-24 18:22:49,603 file.ManagerServant INFO Master manager not found
2024-10-24 18:22:59,694 file.ManagerServant INFO Master manager not found
2024-10-24 18:23:09,776 file.ManagerServant INFO Master manager not found
2024-10-24 18:23:19,904 file.ManagerServant INFO Master manager not found
2024-10-24 18:23:29,920 file.ManagerServant INFO Master manager not found
2024-10-24 18:23:39,911 file.ManagerServant INFO Master manager not found
2024-10-24 18:23:49,990 file.ManagerServant INFO Master manager not found
2024-10-24 18:24:00,040 file.ManagerServant INFO Master manager not found
2024-10-24 18:24:10,136 file.ManagerServant INFO Master manager not found
2024-10-24 18:24:20,217 file.ManagerServant INFO Master manager not found
2024-10-24 18:24:30,328 file.ManagerServant INFO Master manager not found
2024-10-24 18:24:40,299 file.ManagerServant INFO Master manager not found
2024-10-24 18:24:50,349 file.ManagerServant INFO Master manager not found
2024-10-24 18:25:00,415 file.ManagerServant INFO Master manager not found
2024-10-24 18:25:10,498 file.ManagerServant INFO Master manager not found
2024-10-24 18:25:20,561 file.ManagerServant INFO Master manager not found
2024-10-24 18:25:30,653 file.ManagerServant INFO Master manager not found
2024-10-24 18:25:40,753 file.ManagerServant INFO Master manager not found
2024-10-24 18:25:50,835 file.ManagerServant INFO Master manager not found
2024-10-24 18:26:00,918 file.ManagerServant INFO Master manager not found
2024-10-24 18:26:10,996 file.ManagerServant INFO Master manager not found
2024-10-24 18:26:21,120 file.ManagerServant INFO Master manager not found
2024-10-24 18:26:31,152 file.ManagerServant INFO Master manager not found
2024-10-24 18:26:41,164 file.ManagerServant INFO Master manager not found
2024-10-24 18:26:51,193 file.ManagerServant INFO Master manager not found
2024-10-24 18:27:01,192 file.ManagerServant INFO Master manager not found
2024-10-24 18:27:11,285 file.ManagerServant INFO Master manager not found
2024-10-24 18:27:21,367 file.ManagerServant INFO Master manager not found
2024-10-24 18:27:31,441 file.ManagerServant INFO Master manager not found
2024-10-24 18:27:41,559 file.ManagerServant INFO Master manager not found
2024-10-24 18:27:51,613 file.ManagerServant INFO Master manager not found
2024-10-24 18:28:01,645 file.ManagerServant INFO Master manager not found
2024-10-24 18:28:11,630 file.ManagerServant INFO Master manager not found
2024-10-24 18:28:21,697 file.ManagerServant INFO Master manager not found
2024-10-24 18:28:31,834 file.ManagerServant INFO Master manager not found
2024-10-24 18:28:41,859 file.ManagerServant INFO Master manager not found
2024-10-24 18:28:51,895 file.ManagerServant INFO Master manager not found
2024-10-24 18:29:01,918 file.ManagerServant INFO Master manager not found
2024-10-24 18:29:11,948 file.ManagerServant INFO Master manager not found
2024-10-24 18:29:21,979 file.ManagerServant INFO Master manager not found
2024-10-24 18:29:32,008 file.ManagerServant INFO Master manager not found
2024-10-24 18:29:41,999 file.ManagerServant INFO Master manager not found
2024-10-24 18:29:52,135 file.ManagerServant INFO Master manager not found
2024-10-24 18:30:02,141 file.ManagerServant INFO Master manager not found
2024-10-24 18:30:12,184 file.ManagerServant INFO Master manager not found
2024-10-24 18:30:22,196 file.ManagerServant INFO Master manager not found
2024-10-24 18:30:32,212 file.ManagerServant INFO Master manager not found
2024-10-24 18:30:42,247 file.ManagerServant INFO Master manager not found
2024-10-24 18:30:52,268 file.ManagerServant INFO Master manager not found
2024-10-24 18:31:02,254 file.ManagerServant INFO Master manager not found
2024-10-24 18:31:12,344 file.ManagerServant INFO Master manager not found
2024-10-24 18:31:22,466 file.ManagerServant INFO Master manager not found
2024-10-24 18:31:32,446 file.ManagerServant INFO Master manager not found
2024-10-24 18:31:42,554 file.ManagerServant INFO Master manager not found
2024-10-24 18:31:52,576 file.ManagerServant INFO Master manager not found
2024-10-24 18:32:02,588 file.ManagerServant INFO Master manager not found
2024-10-24 18:32:12,579 file.ManagerServant INFO Master manager not found
2024-10-24 18:32:22,670 file.ManagerServant INFO Master manager not found
2024-10-24 18:32:32,764 file.ManagerServant INFO Master manager not found
2024-10-24 18:32:42,821 file.ManagerServant INFO Master manager not found
2024-10-24 18:32:52,887 file.ManagerServant INFO Master manager not found
2024-10-24 18:33:02,952 file.ManagerServant INFO Master manager not found
2024-10-24 18:33:13,015 file.ManagerServant INFO Master manager not found
2024-10-24 18:33:23,091 file.ManagerServant INFO Master manager not found
2024-10-24 18:33:33,177 file.ManagerServant INFO Master manager not found
2024-10-24 18:33:43,275 file.ManagerServant INFO Master manager not found
2024-10-24 18:33:53,352 file.ManagerServant INFO Master manager not found
2024-10-24 18:34:03,438 file.ManagerServant INFO Master manager not found
2024-10-24 18:34:13,520 file.ManagerServant INFO Master manager not found
2024-10-24 18:34:23,649 file.ManagerServant INFO Master manager not found
2024-10-24 18:34:33,656 file.ManagerServant INFO Master manager not found
2024-10-24 18:34:43,642 file.ManagerServant INFO Master manager not found
2024-10-24 18:34:53,720 file.ManagerServant INFO Master manager not found
2024-10-24 18:35:03,881 file.ManagerServant INFO Master manager not found
2024-10-24 18:35:13,913 file.ManagerServant INFO Master manager not found
2024-10-24 18:35:23,938 file.ManagerServant INFO Master manager not found
2024-10-24 18:35:33,949 file.ManagerServant INFO Master manager not found
2024-10-24 18:35:43,933 file.ManagerServant INFO Master manager not found
2024-10-24 18:35:54,002 file.ManagerServant INFO Master manager not found
2024-10-24 18:36:04,099 file.ManagerServant INFO Master manager not found
2024-10-24 18:36:14,173 file.ManagerServant INFO Master manager not found
2024-10-24 18:36:24,283 file.ManagerServant INFO Master manager not found
2024-10-24 18:36:34,246 file.ManagerServant INFO Master manager not found
2024-10-24 18:36:44,361 file.ManagerServant INFO Master manager not found
2024-10-24 18:36:54,376 file.ManagerServant INFO Master manager not found
2024-10-24 18:37:04,375 file.ManagerServant INFO Master manager not found
2024-10-24 18:37:14,407 file.ManagerServant INFO Master manager not found
2024-10-24 18:37:24,402 file.ManagerServant INFO Master manager not found
2024-10-24 18:37:34,498 file.ManagerServant INFO Master manager not found
2024-10-24 18:37:44,617 file.ManagerServant INFO Master manager not found
2024-10-24 18:37:54,658 file.ManagerServant INFO Master manager not found
2024-10-24 18:38:04,684 file.ManagerServant INFO Master manager not found
2024-10-24 18:38:14,718 file.ManagerServant INFO Master manager not found
2024-10-24 18:38:24,763 file.ManagerServant INFO Master manager not found
2024-10-24 18:38:34,798 file.ManagerServant INFO Master manager not found
2024-10-24 18:38:44,848 file.ManagerServant INFO Master manager not found
2024-10-24 18:38:54,893 file.ManagerServant INFO Master manager not found
2024-10-24 18:39:04,922 file.ManagerServant INFO Master manager not found
2024-10-24 18:39:14,911 file.ManagerServant INFO Master manager not found
2024-10-24 18:39:24,987 file.ManagerServant INFO Master manager not found
2024-10-24 18:39:35,113 file.ManagerServant INFO Master manager not found
2024-10-24 18:39:45,103 file.ManagerServant INFO Master manager not found
2024-10-24 18:39:55,231 file.ManagerServant INFO Master manager not found
2024-10-24 18:40:05,230 file.ManagerServant INFO Master manager not found
2024-10-24 18:40:15,253 file.ManagerServant INFO Master manager not found
2024-10-24 18:40:25,251 file.ManagerServant INFO Master manager not found
2024-10-24 18:40:35,315 file.ManagerServant INFO Master manager not found
2024-10-24 18:40:45,426 file.ManagerServant INFO Master manager not found
2024-10-24 18:40:55,416 file.ManagerServant INFO Master manager not found
2024-10-24 18:41:05,479 file.ManagerServant INFO Master manager not found
2024-10-24 18:41:15,561 file.ManagerServant INFO Master manager not found
2024-10-24 18:41:25,678 file.ManagerServant INFO Master manager not found
2024-10-24 18:41:35,676 file.ManagerServant INFO Master manager not found
2024-10-24 18:41:45,742 file.ManagerServant INFO Master manager not found
2024-10-24 18:41:55,806 file.ManagerServant INFO Master manager not found
2024-10-24 18:42:05,870 file.ManagerServant INFO Master manager not found
2024-10-24 18:42:15,953 file.ManagerServant INFO Master manager not found
2024-10-24 18:42:26,015 file.ManagerServant INFO Master manager not found
2024-10-24 18:42:36,115 file.ManagerServant INFO Master manager not found
2024-10-24 18:42:46,235 file.ManagerServant INFO Master manager not found
2024-10-24 18:42:56,260 file.ManagerServant INFO Master manager not found
2024-10-24 18:43:06,263 file.ManagerServant INFO Master manager not found
2024-10-24 18:43:16,264 file.ManagerServant INFO Master manager not found
2024-10-24 18:43:26,382 file.ManagerServant INFO Master manager not found
2024-10-24 18:43:36,397 file.ManagerServant INFO Master manager not found
2024-10-24 18:43:46,447 file.ManagerServant INFO Master manager not found
2024-10-24 18:43:56,510 file.ManagerServant INFO Master manager not found
2024-10-24 18:44:06,545 file.ManagerServant INFO Master manager not found
2024-10-24 18:44:16,558 file.ManagerServant INFO Master manager not found
2024-10-24 18:44:26,541 file.ManagerServant INFO Master manager not found
2024-10-24 18:44:36,667 file.ManagerServant INFO Master manager not found
2024-10-24 18:44:46,653 file.ManagerServant INFO Master manager not found
2024-10-24 18:44:56,757 file.ManagerServant INFO Master manager not found
2024-10-24 18:45:06,761 file.ManagerServant INFO Master manager not found
2024-10-24 18:45:16,787 file.ManagerServant INFO Master manager not found
2024-10-24 18:45:26,792 file.ManagerServant INFO Master manager not found
2024-10-24 18:45:36,798 file.ManagerServant INFO Master manager not found
2024-10-24 18:45:46,833 file.ManagerServant INFO Master manager not found
2024-10-24 18:45:56,866 file.ManagerServant INFO Master manager not found
2024-10-24 18:46:06,871 file.ManagerServant INFO Master manager not found
2024-10-24 18:46:16,905 file.ManagerServant INFO Master manager not found
2024-10-24 18:46:26,932 file.ManagerServant INFO Master manager not found
2024-10-24 18:46:36,941 file.ManagerServant INFO Master manager not found
2024-10-24 18:46:46,985 file.ManagerServant INFO Master manager not found
2024-10-24 18:46:57,033 file.ManagerServant INFO Master manager not found
2024-10-24 18:47:07,058 file.ManagerServant INFO Master manager not found
2024-10-24 18:47:17,087 file.ManagerServant INFO Master manager not found
2024-10-24 18:47:27,123 file.ManagerServant INFO Master manager not found
2024-10-24 18:47:37,155 file.ManagerServant INFO Master manager not found
2024-10-24 18:47:47,175 file.ManagerServant INFO Master manager not found
2024-10-24 18:47:57,233 file.ManagerServant INFO Master manager not found
2024-10-24 18:48:07,248 file.ManagerServant INFO Master manager not found
2024-10-24 18:48:17,273 file.ManagerServant INFO Master manager not found
2024-10-24 18:48:27,303 file.ManagerServant INFO Master manager not found
2024-10-24 18:48:37,326 file.ManagerServant INFO Master manager not found
2024-10-24 18:48:47,330 file.ManagerServant INFO Master manager not found
2024-10-24 18:48:57,331 file.ManagerServant INFO Master manager not found
2024-10-24 18:49:07,376 file.ManagerServant INFO Master manager not found
2024-10-24 18:49:17,406 file.ManagerServant INFO Master manager not found
2024-10-24 18:49:27,423 file.ManagerServant INFO Master manager not found
2024-10-24 18:49:37,443 file.ManagerServant INFO Master manager not found
2024-10-24 18:49:47,490 file.ManagerServant INFO Master manager not found
2024-10-24 18:49:57,531 file.ManagerServant INFO Master manager not found
2024-10-24 18:50:07,547 file.ManagerServant INFO Master manager not found
2024-10-24 18:50:17,582 file.ManagerServant INFO Master manager not found
2024-10-24 18:50:27,625 file.ManagerServant INFO Master manager not found
2024-10-24 18:50:37,644 file.ManagerServant INFO Master manager not found
2024-10-24 18:50:47,657 file.ManagerServant INFO Master manager not found
2024-10-24 18:50:57,687 file.ManagerServant INFO Master manager not found
2024-10-24 18:51:07,740 file.ManagerServant INFO Master manager not found
2024-10-24 18:51:17,768 file.ManagerServant INFO Master manager not found
2024-10-24 18:51:27,763 file.ManagerServant INFO Master manager not found
2024-10-24 18:51:37,869 file.ManagerServant INFO Master manager not found
2024-10-24 18:51:47,884 file.ManagerServant INFO Master manager not found
2024-10-24 18:51:57,924 file.ManagerServant INFO Master manager not found
2024-10-24 18:52:07,956 file.ManagerServant INFO Master manager not found
2024-10-24 18:52:17,986 file.ManagerServant INFO Master manager not found
2024-10-24 18:52:27,987 file.ManagerServant INFO Master manager not found
2024-10-24 18:52:37,962 file.ManagerServant INFO Master manager not found
2024-10-24 18:52:48,082 file.ManagerServant INFO Master manager not found
2024-10-24 18:52:58,077 file.ManagerServant INFO Master manager not found
2024-10-24 18:53:08,192 file.ManagerServant INFO Master manager not found
2024-10-24 18:53:18,205 file.ManagerServant INFO Master manager not found
2024-10-24 18:53:28,212 file.ManagerServant INFO Master manager not found
2024-10-24 18:53:38,242 file.ManagerServant INFO Master manager not found
2024-10-24 18:53:48,251 file.ManagerServant INFO Master manager not found
2024-10-24 18:53:58,289 file.ManagerServant INFO Master manager not found
2024-10-24 18:54:08,289 file.ManagerServant INFO Master manager not found
2024-10-24 18:54:18,319 file.ManagerServant INFO Master manager not found
2024-10-24 18:54:28,331 file.ManagerServant INFO Master manager not found
2024-10-24 18:54:38,354 file.ManagerServant INFO Master manager not found
2024-10-24 18:54:48,364 file.ManagerServant INFO Master manager not found
2024-10-24 18:54:58,411 file.ManagerServant INFO Master manager not found
2024-10-24 18:55:08,467 file.ManagerServant INFO Master manager not found
2024-10-24 18:55:18,526 file.ManagerServant INFO Master manager not found
2024-10-24 18:55:28,576 file.ManagerServant INFO Master manager not found
2024-10-24 18:55:38,620 file.ManagerServant INFO Master manager not found
2024-10-24 18:55:48,670 file.ManagerServant INFO Master manager not found
2024-10-24 18:55:58,712 file.ManagerServant INFO Master manager not found
2024-10-24 18:56:08,736 file.ManagerServant INFO Master manager not found
2024-10-24 18:56:18,790 file.ManagerServant INFO Master manager not found
2024-10-24 18:56:28,807 file.ManagerServant INFO Master manager not found
2024-10-24 18:56:38,836 file.ManagerServant INFO Master manager not found
2024-10-24 18:56:48,878 file.ManagerServant INFO Master manager not found
2024-10-24 18:56:58,926 file.ManagerServant INFO Master manager not found
2024-10-24 18:57:08,972 file.ManagerServant INFO Master manager not found
2024-10-24 18:57:18,992 file.ManagerServant INFO Master manager not found
2024-10-24 18:57:28,989 file.ManagerServant INFO Master manager not found
2024-10-24 18:57:39,006 file.ManagerServant INFO Master manager not found
2024-10-24 18:57:49,025 file.ManagerServant INFO Master manager not found
2024-10-24 18:57:59,060 file.ManagerServant INFO Master manager not found
2024-10-24 18:58:09,056 file.ManagerServant INFO Master manager not found
2024-10-24 18:58:19,178 file.ManagerServant INFO Master manager not found
2024-10-24 18:58:29,177 file.ManagerServant INFO Master manager not found
2024-10-24 18:58:39,193 file.ManagerServant INFO Master manager not found
2024-10-24 18:58:49,205 file.ManagerServant INFO Master manager not found
2024-10-24 18:58:59,190 file.ManagerServant INFO Master manager not found
2024-10-24 18:59:09,296 file.ManagerServant INFO Master manager not found
2024-10-24 18:59:19,318 file.ManagerServant INFO Master manager not found
2024-10-24 18:59:29,370 file.ManagerServant INFO Master manager not found
2024-10-24 18:59:39,387 file.ManagerServant INFO Master manager not found
2024-10-24 18:59:49,437 file.ManagerServant INFO Master manager not found
2024-10-24 18:59:59,425 file.ManagerServant INFO Master manager not found
2024-10-24 19:00:09,544 file.ManagerServant INFO Master manager not found
2024-10-24 19:00:19,545 file.ManagerServant INFO Master manager not found
2024-10-24 19:00:29,657 file.ManagerServant INFO Master manager not found
2024-10-24 19:00:39,696 file.ManagerServant INFO Master manager not found
2024-10-24 19:00:49,731 file.ManagerServant INFO Master manager not found
2024-10-24 19:00:59,737 file.ManagerServant INFO Master manager not found
2024-10-24 19:01:09,750 file.ManagerServant INFO Master manager not found
2024-10-24 19:01:19,756 file.ManagerServant INFO Master manager not found
2024-10-24 19:01:29,779 file.ManagerServant INFO Master manager not found
2024-10-24 19:01:39,783 file.ManagerServant INFO Master manager not found
2024-10-24 19:01:49,825 file.ManagerServant INFO Master manager not found
2024-10-24 19:01:59,835 file.ManagerServant INFO Master manager not found
2024-10-24 19:02:09,826 file.ManagerServant INFO Master manager not found
2024-10-24 19:02:19,948 file.ManagerServant INFO Master manager not found
2024-10-24 19:02:29,958 file.ManagerServant INFO Master manager not found
2024-10-24 19:02:39,944 file.ManagerServant INFO Master manager not found
2024-10-24 19:02:50,023 file.ManagerServant INFO Master manager not found
2024-10-24 19:03:00,145 file.ManagerServant INFO Master manager not found
2024-10-24 19:03:10,136 file.ManagerServant INFO Master manager not found
2024-10-24 19:03:20,262 file.ManagerServant INFO Master manager not found
2024-10-24 19:03:30,286 file.ManagerServant INFO Master manager not found
2024-10-24 19:03:40,295 file.ManagerServant INFO Master manager not found
2024-10-24 19:03:50,312 file.ManagerServant INFO Master manager not found
2024-10-24 19:04:00,344 file.ManagerServant INFO Master manager not found
2024-10-24 19:04:10,336 file.ManagerServant INFO Master manager not found
2024-10-24 19:04:20,460 file.ManagerServant INFO Master manager not found
2024-10-24 19:04:30,458 file.ManagerServant INFO Master manager not found
2024-10-24 19:04:40,592 file.ManagerServant INFO Master manager not found
2024-10-24 19:04:50,593 file.ManagerServant INFO Master manager not found
2024-10-24 19:05:00,635 file.ManagerServant INFO Master manager not found
2024-10-24 19:05:10,679 file.ManagerServant INFO Master manager not found
2024-10-24 19:05:20,725 file.ManagerServant INFO Master manager not found
2024-10-24 19:05:30,779 file.ManagerServant INFO Master manager not found
2024-10-24 19:05:40,834 file.ManagerServant INFO Master manager not found
2024-10-24 19:05:50,847 file.ManagerServant INFO Master manager not found
2024-10-24 19:06:00,856 file.ManagerServant INFO Master manager not found
2024-10-24 19:06:10,847 file.ManagerServant INFO Master manager not found
2024-10-24 19:06:20,974 file.ManagerServant INFO Master manager not found
2024-10-24 19:06:30,973 file.ManagerServant INFO Master manager not found
2024-10-24 19:06:40,966 file.ManagerServant INFO Master manager not found
2024-10-24 19:06:51,095 file.ManagerServant INFO Master manager not found
2024-10-24 19:07:01,111 file.ManagerServant INFO Master manager not found
2024-10-24 19:07:11,098 file.ManagerServant INFO Master manager not found
2024-10-24 19:07:21,235 file.ManagerServant INFO Master manager not found
2024-10-24 19:07:31,244 file.ManagerServant INFO Master manager not found
2024-10-24 19:07:41,242 file.ManagerServant INFO Master manager not found
2024-10-24 19:07:51,354 file.ManagerServant INFO Master manager not found
2024-10-24 19:08:01,375 file.ManagerServant INFO Master manager not found
2024-10-24 19:08:11,377 file.ManagerServant INFO Master manager not found
2024-10-24 19:08:21,396 file.ManagerServant INFO Master manager not found
2024-10-24 19:08:31,415 file.ManagerServant INFO Master manager not found
2024-10-24 19:08:41,430 file.ManagerServant INFO Master manager not found
2024-10-24 19:08:51,420 file.ManagerServant INFO Master manager not found
2024-10-24 19:09:01,501 file.ManagerServant INFO Master manager not found
2024-10-24 19:09:11,596 file.ManagerServant INFO Master manager not found
2024-10-24 19:09:21,706 file.ManagerServant INFO Master manager not found
2024-10-24 19:09:31,699 file.ManagerServant INFO Master manager not found
2024-10-24 19:09:41,853 file.ManagerServant INFO Master manager not found
2024-10-24 19:09:51,866 file.ManagerServant INFO Master manager not found
2024-10-24 19:10:01,870 file.ManagerServant INFO Master manager not found
2024-10-24 19:10:11,894 file.ManagerServant INFO Master manager not found
2024-10-24 19:10:21,881 file.ManagerServant INFO Master manager not found
2024-10-24 19:10:31,981 file.ManagerServant INFO Master manager not found
2024-10-24 19:10:42,086 file.ManagerServant INFO Master manager not found
2024-10-24 19:10:52,107 file.ManagerServant INFO Master manager not found
2024-10-24 19:11:02,181 file.ManagerServant INFO Master manager not found
2024-10-24 19:11:12,249 file.ManagerServant INFO Master manager not found
2024-10-24 19:11:22,305 file.ManagerServant INFO Master manager not found
2024-10-24 19:11:32,339 file.ManagerServant INFO Master manager not found
2024-10-24 19:11:42,350 file.ManagerServant INFO Master manager not found
2024-10-24 19:11:52,370 file.ManagerServant INFO Master manager not found
2024-10-24 19:12:02,391 file.ManagerServant INFO Master manager not found
2024-10-24 19:12:12,453 file.ManagerServant INFO Master manager not found
2024-10-24 19:12:22,475 file.ManagerServant INFO Master manager not found
2024-10-24 19:12:32,497 file.ManagerServant INFO Master manager not found
2024-10-24 19:12:42,548 file.ManagerServant INFO Master manager not found
2024-10-24 19:12:52,596 file.ManagerServant INFO Master manager not found
2024-10-24 19:13:02,615 file.ManagerServant INFO Master manager not found
2024-10-24 19:13:12,622 file.ManagerServant INFO Master manager not found
2024-10-24 19:13:22,664 file.ManagerServant INFO Master manager not found
2024-10-24 19:13:32,688 file.ManagerServant INFO Master manager not found
2024-10-24 19:13:42,721 file.ManagerServant INFO Master manager not found
2024-10-24 19:13:52,752 file.ManagerServant INFO Master manager not found
2024-10-24 19:14:02,806 file.ManagerServant INFO Master manager not found
2024-10-24 19:14:12,861 file.ManagerServant INFO Master manager not found
2024-10-24 19:14:22,901 file.ManagerServant INFO Master manager not found
2024-10-24 19:14:32,933 file.ManagerServant INFO Master manager not found
2024-10-24 19:14:42,941 file.ManagerServant INFO Master manager not found
2024-10-24 19:14:52,997 file.ManagerServant INFO Master manager not found
2024-10-24 19:15:03,047 file.ManagerServant INFO Master manager not found
2024-10-24 19:15:13,069 file.ManagerServant INFO Master manager not found
2024-10-24 19:15:23,140 file.ManagerServant INFO Master manager not found
2024-10-24 19:15:33,181 file.ManagerServant INFO Master manager not found
2024-10-24 19:15:43,231 file.ManagerServant INFO Master manager not found
2024-10-24 19:15:53,272 file.ManagerServant INFO Master manager not found
2024-10-24 19:16:03,302 file.ManagerServant INFO Master manager not found
2024-10-24 19:16:13,348 file.ManagerServant INFO Master manager not found
2024-10-24 19:16:23,375 file.ManagerServant INFO Master manager not found
2024-10-24 19:16:33,405 file.ManagerServant INFO Master manager not found
2024-10-24 19:16:43,440 file.ManagerServant INFO Master manager not found
2024-10-24 19:16:53,507 file.ManagerServant INFO Master manager not found
2024-10-24 19:17:03,524 file.ManagerServant INFO Master manager not found
2024-10-24 19:17:13,585 file.ManagerServant INFO Master manager not found
2024-10-24 19:17:23,624 file.ManagerServant INFO Master manager not found
2024-10-24 19:17:33,662 file.ManagerServant INFO Master manager not found
2024-10-24 19:17:43,694 file.ManagerServant INFO Master manager not found
2024-10-24 19:17:53,747 file.ManagerServant INFO Master manager not found
2024-10-24 19:18:03,789 file.ManagerServant INFO Master manager not found
2024-10-24 19:18:13,832 file.ManagerServant INFO Master manager not found
2024-10-24 19:18:23,844 file.ManagerServant INFO Master manager not found
2024-10-24 19:18:33,895 file.ManagerServant INFO Master manager not found
2024-10-24 19:18:43,913 file.ManagerServant INFO Master manager not found
2024-10-24 19:18:53,940 file.ManagerServant INFO Master manager not found
2024-10-24 19:19:03,968 file.ManagerServant INFO Master manager not found
2024-10-24 19:19:14,038 file.ManagerServant INFO Master manager not found
2024-10-24 19:19:24,109 file.ManagerServant INFO Master manager not found
2024-10-24 19:19:34,167 file.ManagerServant INFO Master manager not found
2024-10-24 19:19:44,200 file.ManagerServant INFO Master manager not found
2024-10-24 19:19:54,210 file.ManagerServant INFO Master manager not found
2024-10-24 19:20:04,251 file.ManagerServant INFO Master manager not found
2024-10-24 19:23:02,276 file.ManagerServant INFO Master manager not found
2024-10-24 20:09:10,130 file.ManagerServant INFO Master manager not found
2024-10-24 20:09:14,496 file.ManagerServant INFO Master manager not found
2024-10-24 22:34:27,536 file.ManagerServant INFO Master manager not found
2024-10-24 22:34:31,688 file.ManagerServant INFO Master manager not found
2024-10-24 22:34:41,807 file.ManagerServant INFO Master manager not found
2024-10-24 22:34:51,871 file.ManagerServant INFO Master manager not found
2024-10-24 22:35:01,961 file.ManagerServant INFO Master manager not found
2024-10-24 22:35:12,036 file.ManagerServant INFO Master manager not found
