2024-11-07 16:08:03,593 file.manager INFO 2.0.2
2024-11-07 16:08:03,593 file.manager INFO Copyright (C) 2003-2024, Noriaki Ando and OpenRTM development team,
2024-11-07 16:08:03,593 file.manager INFO   Intelligent Systems Research Institute, AIST,
2024-11-07 16:08:03,593 file.manager INFO Copyright (C) 2024, Noriaki Ando and OpenRTM development team,
2024-11-07 16:08:03,593 file.manager INFO   Industrial Cyber-Physical Research Center, AIST,
2024-11-07 16:08:03,593 file.manager INFO   All right reserved.
2024-11-07 16:08:03,593 file.manager INFO Manager starting.
2024-11-07 16:08:03,593 file.manager INFO Starting local logging.
2024-11-07 16:08:03,599 file.manager.namingmanager INFO NameServer connection succeeded: corba/localhost
2024-11-07 16:08:07,717 file.ManagerServant INFO Master manager not found
2024-11-07 16:08:07,717 file.LocalServiceAdmin INFO All the local services are enabled.
2024-11-07 16:08:07,717 file.manager INFO Component type conf file: SevSeg.conf loaded.
2024-11-07 16:08:07,717 file.ec_base INFO setRate(1000000.000000) done
2024-11-07 16:08:07,717 file.ec_base INFO setRate(1000.000000) done
2024-11-07 16:08:07,717 file.rtobject INFO 1 execution context was created.
2024-11-07 16:08:07,717 file.rtobject INFO Initial active configuration set is default.
2024-11-07 16:08:21,845 file.ManagerServant INFO Master manager not found
2024-11-07 16:08:31,951 file.ManagerServant INFO Master manager not found
2024-11-07 16:08:42,047 file.ManagerServant INFO Master manager not found
2024-11-07 16:08:52,155 file.ManagerServant INFO Master manager not found
2024-11-07 16:09:02,170 file.ManagerServant INFO Master manager not found
2024-11-07 16:09:12,168 file.ManagerServant INFO Master manager not found
2024-11-07 16:09:22,305 file.ManagerServant INFO Master manager not found
2024-11-07 16:09:32,333 file.ManagerServant INFO Master manager not found
2024-11-07 16:09:42,371 file.ManagerServant INFO Master manager not found
2024-11-07 16:09:52,413 file.ManagerServant INFO Master manager not found
2024-11-07 16:10:02,436 file.ManagerServant INFO Master manager not found
2024-11-07 16:10:12,465 file.ManagerServant INFO Master manager not found
2024-11-07 16:10:22,447 file.ManagerServant INFO Master manager not found
2024-11-07 16:10:32,532 file.ManagerServant INFO Master manager not found
2024-11-07 16:10:42,632 file.ManagerServant INFO Master manager not found
2024-11-07 16:10:52,677 file.ManagerServant INFO Master manager not found
2024-11-07 16:11:02,635 file.ManagerServant INFO Master manager not found
2024-11-07 16:11:12,692 file.ManagerServant INFO Master manager not found
2024-11-07 16:11:22,779 file.ManagerServant INFO Master manager not found
2024-11-07 16:11:32,861 file.ManagerServant INFO Master manager not found
2024-11-07 16:11:42,941 file.ManagerServant INFO Master manager not found
2024-11-07 16:11:53,022 file.ManagerServant INFO Master manager not found
2024-11-07 16:12:03,087 file.ManagerServant INFO Master manager not found
2024-11-07 16:12:13,172 file.ManagerServant INFO Master manager not found
2024-11-07 16:12:23,280 file.ManagerServant INFO Master manager not found
2024-11-07 16:12:33,301 file.ManagerServant INFO Master manager not found
2024-11-07 16:12:43,332 file.ManagerServant INFO Master manager not found
2024-11-07 16:12:53,324 file.ManagerServant INFO Master manager not found
2024-11-07 16:13:03,389 file.ManagerServant INFO Master manager not found
2024-11-07 16:13:13,509 file.ManagerServant INFO Master manager not found
2024-11-07 16:13:23,492 file.ManagerServant INFO Master manager not found
2024-11-07 16:13:33,586 file.ManagerServant INFO Master manager not found
2024-11-07 16:13:43,662 file.ManagerServant INFO Master manager not found
2024-11-07 16:13:53,756 file.ManagerServant INFO Master manager not found
2024-11-07 16:14:03,819 file.ManagerServant INFO Master manager not found
2024-11-07 16:14:13,919 file.ManagerServant INFO Master manager not found
2024-11-07 16:14:24,032 file.ManagerServant INFO Master manager not found
2024-11-07 16:14:34,021 file.ManagerServant INFO Master manager not found
2024-11-07 16:14:44,112 file.ManagerServant INFO Master manager not found
2024-11-07 16:14:54,201 file.ManagerServant INFO Master manager not found
2024-11-07 16:15:04,271 file.ManagerServant INFO Master manager not found
2024-11-07 16:15:14,374 file.ManagerServant INFO Master manager not found
2024-11-07 16:15:24,352 file.ManagerServant INFO Master manager not found
2024-11-07 16:15:34,427 file.ManagerServant INFO Master manager not found
2024-11-07 16:15:44,504 file.ManagerServant INFO Master manager not found
2024-11-07 16:15:54,616 file.ManagerServant INFO Master manager not found
2024-11-07 16:16:04,596 file.ManagerServant INFO Master manager not found
2024-11-07 16:16:14,678 file.ManagerServant INFO Master manager not found
2024-11-07 16:16:24,808 file.ManagerServant INFO Master manager not found
2024-11-07 16:16:34,798 file.ManagerServant INFO Master manager not found
2024-11-07 16:16:44,876 file.ManagerServant INFO Master manager not found
2024-11-07 16:16:54,968 file.ManagerServant INFO Master manager not found
2024-11-07 16:17:05,087 file.ManagerServant INFO Master manager not found
2024-11-07 16:17:15,129 file.ManagerServant INFO Master manager not found
2024-11-07 16:17:25,136 file.ManagerServant INFO Master manager not found
2024-11-07 16:17:35,150 file.ManagerServant INFO Master manager not found
2024-11-07 16:17:45,160 file.ManagerServant INFO Master manager not found
2024-11-07 16:17:55,170 file.ManagerServant INFO Master manager not found
2024-11-07 16:18:05,161 file.ManagerServant INFO Master manager not found
2024-11-07 16:18:15,243 file.ManagerServant INFO Master manager not found
2024-11-07 16:18:25,342 file.ManagerServant INFO Master manager not found
2024-11-07 16:18:35,323 file.ManagerServant INFO Master manager not found
2024-11-07 16:18:45,459 file.ManagerServant INFO Master manager not found
2024-11-07 16:18:55,463 file.ManagerServant INFO Master manager not found
2024-11-07 16:19:05,565 file.ManagerServant INFO Master manager not found
2024-11-07 16:19:15,551 file.ManagerServant INFO Master manager not found
2024-11-07 16:19:25,683 file.ManagerServant INFO Master manager not found
2024-11-07 16:19:35,660 file.ManagerServant INFO Master manager not found
2024-11-07 16:19:45,743 file.ManagerServant INFO Master manager not found
2024-11-07 16:19:55,835 file.ManagerServant INFO Master manager not found
2024-11-07 16:20:05,919 file.ManagerServant INFO Master manager not found
2024-11-07 16:20:16,019 file.ManagerServant INFO Master manager not found
2024-11-07 16:20:26,094 file.ManagerServant INFO Master manager not found
2024-11-07 16:20:36,185 file.ManagerServant INFO Master manager not found
2024-11-07 16:20:46,301 file.ManagerServant INFO Master manager not found
2024-11-07 16:20:56,315 file.ManagerServant INFO Master manager not found
2024-11-07 16:21:06,306 file.ManagerServant INFO Master manager not found
2024-11-07 16:21:16,365 file.ManagerServant INFO Master manager not found
2024-11-07 16:21:26,431 file.ManagerServant INFO Master manager not found
2024-11-07 16:21:36,534 file.ManagerServant INFO Master manager not found
2024-11-07 16:21:46,545 file.ManagerServant INFO Master manager not found
2024-11-07 16:21:56,527 file.ManagerServant INFO Master manager not found
2024-11-07 16:22:06,636 file.ManagerServant INFO Master manager not found
2024-11-07 16:22:16,636 file.ManagerServant INFO Master manager not found
2024-11-07 16:22:26,634 file.ManagerServant INFO Master manager not found
2024-11-07 16:22:36,718 file.ManagerServant INFO Master manager not found
2024-11-07 16:22:46,826 file.ManagerServant INFO Master manager not found
2024-11-07 16:22:56,839 file.ManagerServant INFO Master manager not found
2024-11-07 16:23:06,861 file.ManagerServant INFO Master manager not found
2024-11-07 16:23:16,896 file.ManagerServant INFO Master manager not found
2024-11-07 16:23:26,929 file.ManagerServant INFO Master manager not found
2024-11-07 16:23:36,949 file.ManagerServant INFO Master manager not found
2024-11-07 16:23:46,951 file.ManagerServant INFO Master manager not found
2024-11-07 16:23:56,937 file.ManagerServant INFO Master manager not found
2024-11-07 16:24:07,029 file.ManagerServant INFO Master manager not found
2024-11-07 16:24:17,110 file.ManagerServant INFO Master manager not found
2024-11-07 16:24:27,242 file.ManagerServant INFO Master manager not found
2024-11-07 16:24:37,262 file.ManagerServant INFO Master manager not found
2024-11-07 16:24:47,245 file.ManagerServant INFO Master manager not found
2024-11-07 16:24:57,362 file.ManagerServant INFO Master manager not found
2024-11-07 16:25:07,363 file.ManagerServant INFO Master manager not found
2024-11-07 16:25:17,391 file.ManagerServant INFO Master manager not found
2024-11-07 16:25:27,391 file.ManagerServant INFO Master manager not found
2024-11-07 16:25:37,434 file.ManagerServant INFO Master manager not found
2024-11-07 16:25:47,440 file.ManagerServant INFO Master manager not found
2024-11-07 16:25:57,491 file.ManagerServant INFO Master manager not found
2024-11-07 16:26:07,525 file.ManagerServant INFO Master manager not found
2024-11-07 16:26:17,502 file.ManagerServant INFO Master manager not found
2024-11-07 16:26:27,574 file.ManagerServant INFO Master manager not found
2024-11-07 16:26:37,709 file.ManagerServant INFO Master manager not found
2024-11-07 16:26:47,681 file.ManagerServant INFO Master manager not found
2024-11-07 16:26:57,760 file.ManagerServant INFO Master manager not found
2024-11-07 16:27:07,839 file.ManagerServant INFO Master manager not found
2024-11-07 16:27:17,894 file.ManagerServant INFO Master manager not found
2024-11-07 16:27:27,987 file.ManagerServant INFO Master manager not found
2024-11-07 16:27:38,102 file.ManagerServant INFO Master manager not found
2024-11-07 16:27:48,077 file.ManagerServant INFO Master manager not found
2024-11-07 16:27:58,141 file.ManagerServant INFO Master manager not found
2024-11-07 16:28:08,229 file.ManagerServant INFO Master manager not found
2024-11-07 16:28:18,337 file.ManagerServant INFO Master manager not found
2024-11-07 16:28:28,318 file.ManagerServant INFO Master manager not found
2024-11-07 16:28:38,368 file.ManagerServant INFO Master manager not found
2024-11-07 16:28:48,428 file.ManagerServant INFO Master manager not found
2024-11-07 16:28:58,542 file.ManagerServant INFO Master manager not found
2024-11-07 16:29:08,506 file.ManagerServant INFO Master manager not found
2024-11-07 16:29:18,622 file.ManagerServant INFO Master manager not found
2024-11-07 16:29:28,600 file.ManagerServant INFO Master manager not found
2024-11-07 16:29:38,670 file.ManagerServant INFO Master manager not found
2024-11-07 16:29:48,741 file.ManagerServant INFO Master manager not found
2024-11-07 16:29:58,796 file.ManagerServant INFO Master manager not found
2024-11-07 16:30:08,886 file.ManagerServant INFO Master manager not found
2024-11-07 16:30:18,993 file.ManagerServant INFO Master manager not found
2024-11-07 16:30:28,962 file.ManagerServant INFO Master manager not found
2024-11-07 16:30:39,057 file.ManagerServant INFO Master manager not found
2024-11-07 16:30:49,153 file.ManagerServant INFO Master manager not found
2024-11-07 16:30:59,239 file.ManagerServant INFO Master manager not found
2024-11-07 16:31:09,363 file.ManagerServant INFO Master manager not found
2024-11-07 16:31:19,372 file.ManagerServant INFO Master manager not found
2024-11-07 16:31:29,361 file.ManagerServant INFO Master manager not found
2024-11-07 16:31:39,483 file.ManagerServant INFO Master manager not found
2024-11-07 16:31:49,472 file.ManagerServant INFO Master manager not found
2024-11-07 16:31:59,571 file.ManagerServant INFO Master manager not found
2024-11-07 16:32:09,569 file.ManagerServant INFO Master manager not found
2024-11-07 16:32:19,577 file.ManagerServant INFO Master manager not found
2024-11-07 16:32:29,693 file.ManagerServant INFO Master manager not found
2024-11-07 16:32:39,716 file.ManagerServant INFO Master manager not found
2024-11-07 16:32:49,742 file.ManagerServant INFO Master manager not found
2024-11-07 16:32:59,782 file.ManagerServant INFO Master manager not found
2024-11-07 16:33:09,828 file.ManagerServant INFO Master manager not found
2024-11-07 16:33:19,804 file.ManagerServant INFO Master manager not found
2024-11-07 16:33:29,900 file.ManagerServant INFO Master manager not found
2024-11-07 16:33:40,011 file.ManagerServant INFO Master manager not found
2024-11-07 16:33:50,054 file.ManagerServant INFO Master manager not found
2024-11-07 16:34:00,089 file.ManagerServant INFO Master manager not found
2024-11-07 16:34:10,123 file.ManagerServant INFO Master manager not found
2024-11-07 16:34:20,167 file.ManagerServant INFO Master manager not found
2024-11-07 16:34:30,201 file.ManagerServant INFO Master manager not found
2024-11-07 16:34:40,244 file.ManagerServant INFO Master manager not found
2024-11-07 16:34:50,212 file.ManagerServant INFO Master manager not found
2024-11-07 16:35:00,341 file.ManagerServant INFO Master manager not found
2024-11-07 16:35:10,332 file.ManagerServant INFO Master manager not found
2024-11-07 16:35:20,427 file.ManagerServant INFO Master manager not found
2024-11-07 16:35:30,534 file.ManagerServant INFO Master manager not found
2024-11-07 16:35:40,519 file.ManagerServant INFO Master manager not found
2024-11-07 16:35:50,652 file.ManagerServant INFO Master manager not found
2024-11-07 16:36:00,649 file.ManagerServant INFO Master manager not found
2024-11-07 16:36:10,754 file.ManagerServant INFO Master manager not found
2024-11-07 16:36:20,741 file.ManagerServant INFO Master manager not found
2024-11-07 16:36:30,814 file.ManagerServant INFO Master manager not found
2024-11-07 16:36:40,895 file.ManagerServant INFO Master manager not found
2024-11-07 16:36:51,002 file.ManagerServant INFO Master manager not found
2024-11-07 16:37:00,967 file.ManagerServant INFO Master manager not found
2024-11-07 16:37:11,106 file.ManagerServant INFO Master manager not found
2024-11-07 16:37:21,109 file.ManagerServant INFO Master manager not found
2024-11-07 16:37:31,083 file.ManagerServant INFO Master manager not found
2024-11-07 16:37:41,185 file.ManagerServant INFO Master manager not found
2024-11-07 16:37:51,185 file.ManagerServant INFO Master manager not found
2024-11-07 16:38:01,352 file.ManagerServant INFO Master manager not found
2024-11-07 16:38:11,348 file.ManagerServant INFO Master manager not found
2024-11-07 16:38:21,463 file.ManagerServant INFO Master manager not found
2024-11-07 16:38:31,454 file.ManagerServant INFO Master manager not found
2024-11-07 16:38:41,550 file.ManagerServant INFO Master manager not found
2024-11-07 16:38:51,632 file.ManagerServant INFO Master manager not found
2024-11-07 16:39:01,758 file.ManagerServant INFO Master manager not found
2024-11-07 16:39:11,792 file.ManagerServant INFO Master manager not found
2024-11-07 16:39:21,811 file.ManagerServant INFO Master manager not found
2024-11-07 16:39:31,841 file.ManagerServant INFO Master manager not found
2024-11-07 16:39:41,825 file.ManagerServant INFO Master manager not found
2024-11-07 16:39:51,933 file.ManagerServant INFO Master manager not found
2024-11-07 16:40:01,934 file.ManagerServant INFO Master manager not found
2024-11-07 16:40:11,960 file.ManagerServant INFO Master manager not found
2024-11-07 16:40:22,005 file.ManagerServant INFO Master manager not found
2024-11-07 16:40:32,050 file.ManagerServant INFO Master manager not found
2024-11-07 16:40:42,013 file.ManagerServant INFO Master manager not found
2024-11-07 16:40:52,163 file.ManagerServant INFO Master manager not found
2024-11-07 16:41:02,219 file.ManagerServant INFO Master manager not found
2024-11-07 16:41:12,216 file.ManagerServant INFO Master manager not found
2024-11-07 16:41:22,357 file.ManagerServant INFO Master manager not found
2024-11-07 16:41:32,393 file.ManagerServant INFO Master manager not found
2024-11-07 16:41:42,411 file.ManagerServant INFO Master manager not found
2024-11-07 16:41:52,410 file.ManagerServant INFO Master manager not found
2024-11-07 16:42:02,424 file.ManagerServant INFO Master manager not found
2024-11-07 16:42:12,466 file.ManagerServant INFO Master manager not found
2024-11-07 16:42:22,509 file.ManagerServant INFO Master manager not found
2024-11-07 16:42:32,519 file.ManagerServant INFO Master manager not found
2024-11-07 16:42:42,517 file.ManagerServant INFO Master manager not found
2024-11-07 16:42:52,640 file.ManagerServant INFO Master manager not found
2024-11-07 16:43:02,627 file.ManagerServant INFO Master manager not found
2024-11-07 16:43:12,761 file.ManagerServant INFO Master manager not found
2024-11-07 16:43:22,781 file.ManagerServant INFO Master manager not found
2024-11-07 16:43:32,811 file.ManagerServant INFO Master manager not found
2024-11-07 16:43:42,800 file.ManagerServant INFO Master manager not found
2024-11-07 16:43:52,916 file.ManagerServant INFO Master manager not found
2024-11-07 16:44:02,890 file.ManagerServant INFO Master manager not found
2024-11-07 16:44:13,013 file.ManagerServant INFO Master manager not found
2024-11-07 16:44:23,061 file.ManagerServant INFO Master manager not found
2024-11-07 16:44:33,106 file.ManagerServant INFO Master manager not found
2024-11-07 16:44:43,108 file.ManagerServant INFO Master manager not found
2024-11-07 16:44:53,106 file.ManagerServant INFO Master manager not found
2024-11-07 16:45:03,125 file.ManagerServant INFO Master manager not found
2024-11-07 16:45:13,131 file.ManagerServant INFO Master manager not found
2024-11-07 16:45:23,154 file.ManagerServant INFO Master manager not found
2024-11-07 16:45:33,132 file.ManagerServant INFO Master manager not found
2024-11-07 16:45:43,276 file.ManagerServant INFO Master manager not found
2024-11-07 16:45:53,323 file.ManagerServant INFO Master manager not found
2024-11-07 16:46:03,326 file.ManagerServant INFO Master manager not found
2024-11-07 16:46:13,332 file.ManagerServant INFO Master manager not found
2024-11-07 16:46:20,693 file.ec_worker ERROR State of the RTC is not ACTIVE_STATE.
2024-11-07 16:46:23,337 file.ManagerServant INFO Master manager not found
2024-11-07 16:46:33,328 file.ManagerServant INFO Master manager not found
2024-11-07 16:46:43,442 file.ManagerServant INFO Master manager not found
2024-11-07 16:46:53,438 file.ManagerServant INFO Master manager not found
2024-11-07 16:47:03,569 file.ManagerServant INFO Master manager not found
2024-11-07 16:47:13,544 file.ManagerServant INFO Master manager not found
2024-11-07 16:47:23,677 file.ManagerServant INFO Master manager not found
2024-11-07 16:47:33,670 file.ManagerServant INFO Master manager not found
2024-11-07 16:47:43,800 file.ManagerServant INFO Master manager not found
2024-11-07 16:47:53,828 file.ManagerServant INFO Master manager not found
2024-11-07 16:48:03,822 file.ManagerServant INFO Master manager not found
2024-11-07 16:48:13,950 file.ManagerServant INFO Master manager not found
2024-11-07 16:48:23,957 file.ManagerServant INFO Master manager not found
2024-11-07 16:48:33,966 file.ManagerServant INFO Master manager not found
2024-11-07 16:48:43,959 file.ManagerServant INFO Master manager not found
2024-11-07 16:48:54,060 file.ManagerServant INFO Master manager not found
2024-11-07 16:49:04,078 file.ManagerServant INFO Master manager not found
2024-11-07 16:49:14,091 file.ManagerServant INFO Master manager not found
2024-11-07 16:49:24,103 file.ManagerServant INFO Master manager not found
2024-11-07 16:49:34,130 file.ManagerServant INFO Master manager not found
2024-11-07 16:49:44,108 file.ManagerServant INFO Master manager not found
2024-11-07 16:49:54,217 file.ManagerServant INFO Master manager not found
2024-11-07 16:50:04,212 file.ManagerServant INFO Master manager not found
2024-11-07 16:50:14,294 file.ManagerServant INFO Master manager not found
2024-11-07 16:50:24,388 file.ManagerServant INFO Master manager not found
2024-11-07 16:50:34,457 file.ManagerServant INFO Master manager not found
2024-11-07 16:50:44,549 file.ManagerServant INFO Master manager not found
2024-11-07 16:50:54,608 file.ManagerServant INFO Master manager not found
2024-11-07 16:51:04,692 file.ManagerServant INFO Master manager not found
2024-11-07 16:51:14,776 file.ManagerServant INFO Master manager not found
2024-11-07 16:51:24,885 file.ManagerServant INFO Master manager not found
2024-11-07 16:51:34,862 file.ManagerServant INFO Master manager not found
2024-11-07 16:51:44,964 file.ManagerServant INFO Master manager not found
2024-11-07 16:51:55,045 file.ManagerServant INFO Master manager not found
2024-11-07 16:52:05,135 file.ManagerServant INFO Master manager not found
2024-11-07 16:52:15,228 file.ManagerServant INFO Master manager not found
2024-11-07 16:52:25,295 file.ManagerServant INFO Master manager not found
2024-11-07 16:52:35,405 file.ManagerServant INFO Master manager not found
2024-11-07 16:52:45,416 file.ManagerServant INFO Master manager not found
2024-11-07 16:52:55,421 file.ManagerServant INFO Master manager not found
2024-11-07 16:53:05,405 file.ManagerServant INFO Master manager not found
2024-11-07 16:53:15,538 file.ManagerServant INFO Master manager not found
2024-11-07 16:53:25,560 file.ManagerServant INFO Master manager not found
2024-11-07 16:53:35,600 file.ManagerServant INFO Master manager not found
2024-11-07 16:53:45,644 file.ManagerServant INFO Master manager not found
2024-11-07 16:53:55,641 file.ManagerServant INFO Master manager not found
2024-11-07 16:54:05,740 file.ManagerServant INFO Master manager not found
2024-11-07 16:54:08,225 file.ec_worker ERROR State of the RTC is not ACTIVE_STATE.
2024-11-07 16:54:15,866 file.ManagerServant INFO Master manager not found
2024-11-07 16:54:25,860 file.ManagerServant INFO Master manager not found
2024-11-07 16:54:35,954 file.ManagerServant INFO Master manager not found
2024-11-07 16:54:46,062 file.ManagerServant INFO Master manager not found
2024-11-07 16:54:56,058 file.ManagerServant INFO Master manager not found
2024-11-07 16:55:06,151 file.ManagerServant INFO Master manager not found
2024-11-07 16:55:16,260 file.ManagerServant INFO Master manager not found
2024-11-07 16:55:26,245 file.ManagerServant INFO Master manager not found
2024-11-07 16:55:36,343 file.ManagerServant INFO Master manager not found
2024-11-07 16:55:46,455 file.ManagerServant INFO Master manager not found
2024-11-07 16:55:56,446 file.ManagerServant INFO Master manager not found
2024-11-07 16:56:06,540 file.ManagerServant INFO Master manager not found
2024-11-07 16:56:16,606 file.ManagerServant INFO Master manager not found
2024-11-07 16:56:26,702 file.ManagerServant INFO Master manager not found
2024-11-07 16:56:36,790 file.ManagerServant INFO Master manager not found
2024-11-07 16:56:46,905 file.ManagerServant INFO Master manager not found
2024-11-07 16:56:56,886 file.ManagerServant INFO Master manager not found
2024-11-07 16:57:06,983 file.ManagerServant INFO Master manager not found
2024-11-07 16:57:17,069 file.ManagerServant INFO Master manager not found
2024-11-07 16:57:27,152 file.ManagerServant INFO Master manager not found
2024-11-07 16:57:37,232 file.ManagerServant INFO Master manager not found
2024-11-07 16:57:47,344 file.ManagerServant INFO Master manager not found
2024-11-07 16:57:57,332 file.ManagerServant INFO Master manager not found
2024-11-07 16:58:07,396 file.ManagerServant INFO Master manager not found
2024-11-07 16:58:17,477 file.ManagerServant INFO Master manager not found
2024-11-07 16:58:27,543 file.ManagerServant INFO Master manager not found
2024-11-07 16:58:37,606 file.ManagerServant INFO Master manager not found
2024-11-07 16:58:47,736 file.ManagerServant INFO Master manager not found
2024-11-07 16:58:57,777 file.ManagerServant INFO Master manager not found
2024-11-07 16:59:07,787 file.ManagerServant INFO Master manager not found
2024-11-07 16:59:17,834 file.ManagerServant INFO Master manager not found
2024-11-07 16:59:27,814 file.ManagerServant INFO Master manager not found
2024-11-07 16:59:37,885 file.ManagerServant INFO Master manager not found
2024-11-07 16:59:47,966 file.ManagerServant INFO Master manager not found
2024-11-07 16:59:58,065 file.ManagerServant INFO Master manager not found
2024-11-07 17:00:08,061 file.ManagerServant INFO Master manager not found
2024-11-07 17:00:18,156 file.ManagerServant INFO Master manager not found
2024-11-07 17:00:28,252 file.ManagerServant INFO Master manager not found
2024-11-07 17:00:38,390 file.ManagerServant INFO Master manager not found
2024-11-07 17:00:48,417 file.ManagerServant INFO Master manager not found
2024-11-07 17:00:58,413 file.ManagerServant INFO Master manager not found
2024-11-07 17:01:08,505 file.ManagerServant INFO Master manager not found
2024-11-07 17:01:18,601 file.ManagerServant INFO Master manager not found
2024-11-07 17:01:28,717 file.ManagerServant INFO Master manager not found
2024-11-07 17:01:38,727 file.ManagerServant INFO Master manager not found
2024-11-07 17:01:48,728 file.ManagerServant INFO Master manager not found
2024-11-07 17:01:58,782 file.ManagerServant INFO Master manager not found
2024-11-07 17:02:08,819 file.ManagerServant INFO Master manager not found
2024-11-07 17:02:18,808 file.ManagerServant INFO Master manager not found
2024-11-07 17:02:28,925 file.ManagerServant INFO Master manager not found
2024-11-07 17:02:38,966 file.ManagerServant INFO Master manager not found
2024-11-07 17:02:49,001 file.ManagerServant INFO Master manager not found
2024-11-07 17:02:59,012 file.ManagerServant INFO Master manager not found
2024-11-07 17:03:09,035 file.ManagerServant INFO Master manager not found
2024-11-07 17:03:19,023 file.ManagerServant INFO Master manager not found
2024-11-07 17:03:29,120 file.ManagerServant INFO Master manager not found
2024-11-07 17:03:39,217 file.ManagerServant INFO Master manager not found
