2024-11-07 15:19:03,919 file.manager INFO 2.0.2
2024-11-07 15:19:03,920 file.manager INFO Copyright (C) 2003-2024, Noriaki Ando and OpenRTM development team,
2024-11-07 15:19:03,920 file.manager INFO   Intelligent Systems Research Institute, AIST,
2024-11-07 15:19:03,920 file.manager INFO Copyright (C) 2024, Noriaki Ando and OpenRTM development team,
2024-11-07 15:19:03,920 file.manager INFO   Industrial Cyber-Physical Research Center, AIST,
2024-11-07 15:19:03,920 file.manager INFO   All right reserved.
2024-11-07 15:19:03,920 file.manager INFO Manager starting.
2024-11-07 15:19:03,920 file.manager INFO Starting local logging.
2024-11-07 15:19:03,924 file.manager.namingmanager INFO NameServer connection succeeded: corba/localhost
2024-11-07 15:19:08,027 file.ManagerServant INFO Master manager not found
2024-11-07 15:19:08,028 file.LocalServiceAdmin INFO All the local services are enabled.
2024-11-07 15:19:08,030 file.manager INFO Component type conf file: Motor.conf loaded.
2024-11-07 15:19:08,030 file.ec_base INFO setRate(1000000.000000) done
2024-11-07 15:19:08,030 file.ec_base INFO setRate(1000.000000) done
2024-11-07 15:19:08,030 file.rtobject INFO 1 execution context was created.
2024-11-07 15:19:08,032 file.rtobject INFO Initial active configuration set is default.
2024-11-07 15:19:22,120 file.ManagerServant INFO Master manager not found
2024-11-07 15:19:24,097 file.SdoServiceAdmin WARNING No available SDO service in the factory: 
2024-11-07 15:19:24,097 file.SdoServiceAdmin ERROR type  not exists.
2024-11-07 15:19:32,186 file.ManagerServant INFO Master manager not found
2024-11-07 15:19:42,314 file.ManagerServant INFO Master manager not found
2024-11-07 15:19:52,369 file.ManagerServant INFO Master manager not found
2024-11-07 15:20:02,397 file.ManagerServant INFO Master manager not found
2024-11-07 15:20:12,436 file.ManagerServant INFO Master manager not found
2024-11-07 15:20:22,422 file.ManagerServant INFO Master manager not found
2024-11-07 15:20:32,521 file.ManagerServant INFO Master manager not found
2024-11-07 15:20:42,650 file.ManagerServant INFO Master manager not found
2024-11-07 15:20:52,670 file.ManagerServant INFO Master manager not found
2024-11-07 15:21:02,687 file.ManagerServant INFO Master manager not found
2024-11-07 15:21:12,733 file.ManagerServant INFO Master manager not found
2024-11-07 15:21:22,798 file.ManagerServant INFO Master manager not found
2024-11-07 15:21:32,759 file.ManagerServant INFO Master manager not found
2024-11-07 15:21:42,906 file.ManagerServant INFO Master manager not found
2024-11-07 15:21:52,939 file.ManagerServant INFO Master manager not found
2024-11-07 15:22:02,912 file.ManagerServant INFO Master manager not found
2024-11-07 15:22:13,031 file.ManagerServant INFO Master manager not found
2024-11-07 15:22:23,021 file.ManagerServant INFO Master manager not found
2024-11-07 15:22:33,111 file.ManagerServant INFO Master manager not found
2024-11-07 15:22:43,217 file.ManagerServant INFO Master manager not found
2024-11-07 15:22:53,264 file.ManagerServant INFO Master manager not found
2024-11-07 15:23:03,259 file.ManagerServant INFO Master manager not found
2024-11-07 15:23:13,393 file.ManagerServant INFO Master manager not found
2024-11-07 15:23:23,398 file.ManagerServant INFO Master manager not found
2024-11-07 15:23:33,383 file.ManagerServant INFO Master manager not found
2024-11-07 15:23:43,473 file.ManagerServant INFO Master manager not found
2024-11-07 15:23:53,551 file.ManagerServant INFO Master manager not found
2024-11-07 15:24:03,640 file.ManagerServant INFO Master manager not found
2024-11-07 15:24:13,711 file.ManagerServant INFO Master manager not found
2024-11-07 15:24:23,824 file.ManagerServant INFO Master manager not found
2024-11-07 15:24:33,850 file.ManagerServant INFO Master manager not found
2024-11-07 15:24:43,862 file.ManagerServant INFO Master manager not found
2024-11-07 15:24:53,828 file.ManagerServant INFO Master manager not found
2024-11-07 15:25:03,902 file.ManagerServant INFO Master manager not found
2024-11-07 15:25:14,006 file.ManagerServant INFO Master manager not found
2024-11-07 15:25:23,961 file.ManagerServant INFO Master manager not found
2024-11-07 15:25:34,072 file.ManagerServant INFO Master manager not found
2024-11-07 15:25:44,067 file.ManagerServant INFO Master manager not found
2024-11-07 15:25:54,160 file.ManagerServant INFO Master manager not found
2024-11-07 15:26:04,247 file.ManagerServant INFO Master manager not found
2024-11-07 15:26:14,335 file.ManagerServant INFO Master manager not found
2024-11-07 15:26:24,408 file.ManagerServant INFO Master manager not found
2024-11-07 15:26:34,520 file.ManagerServant INFO Master manager not found
2024-11-07 15:26:44,569 file.ManagerServant INFO Master manager not found
2024-11-07 15:26:54,582 file.ManagerServant INFO Master manager not found
2024-11-07 15:27:04,561 file.ManagerServant INFO Master manager not found
2024-11-07 15:27:14,684 file.ManagerServant INFO Master manager not found
2024-11-07 15:27:24,707 file.ManagerServant INFO Master manager not found
2024-11-07 15:27:34,710 file.ManagerServant INFO Master manager not found
2024-11-07 15:27:44,709 file.ManagerServant INFO Master manager not found
2024-11-07 15:27:54,804 file.ManagerServant INFO Master manager not found
2024-11-07 15:28:04,926 file.ManagerServant INFO Master manager not found
2024-11-07 15:28:14,898 file.ManagerServant INFO Master manager not found
2024-11-07 15:28:25,021 file.ManagerServant INFO Master manager not found
2024-11-07 15:28:34,980 file.ManagerServant INFO Master manager not found
2024-11-07 15:28:45,067 file.ManagerServant INFO Master manager not found
2024-11-07 15:28:55,142 file.ManagerServant INFO Master manager not found
2024-11-07 15:29:05,239 file.ManagerServant INFO Master manager not found
2024-11-07 15:29:15,304 file.ManagerServant INFO Master manager not found
2024-11-07 15:29:25,419 file.ManagerServant INFO Master manager not found
2024-11-07 15:29:35,434 file.ManagerServant INFO Master manager not found
2024-11-07 15:29:45,413 file.ManagerServant INFO Master manager not found
2024-11-07 15:29:55,509 file.ManagerServant INFO Master manager not found
2024-11-07 15:30:05,583 file.ManagerServant INFO Master manager not found
2024-11-07 15:30:15,666 file.ManagerServant INFO Master manager not found
2024-11-07 15:30:25,765 file.ManagerServant INFO Master manager not found
2024-11-07 15:30:35,782 file.ManagerServant INFO Master manager not found
2024-11-07 15:30:45,763 file.ManagerServant INFO Master manager not found
2024-11-07 15:30:55,855 file.ManagerServant INFO Master manager not found
2024-11-07 15:31:05,931 file.ManagerServant INFO Master manager not found
2024-11-07 15:31:16,044 file.ManagerServant INFO Master manager not found
2024-11-07 15:31:26,052 file.ManagerServant INFO Master manager not found
2024-11-07 15:31:36,056 file.ManagerServant INFO Master manager not found
2024-11-07 15:31:46,093 file.ManagerServant INFO Master manager not found
2024-11-07 15:31:56,114 file.ManagerServant INFO Master manager not found
2024-11-07 15:32:06,138 file.ManagerServant INFO Master manager not found
2024-11-07 15:32:16,147 file.ManagerServant INFO Master manager not found
2024-11-07 15:32:26,143 file.ManagerServant INFO Master manager not found
2024-11-07 15:32:36,245 file.ManagerServant INFO Master manager not found
2024-11-07 15:32:46,258 file.ManagerServant INFO Master manager not found
2024-11-07 15:32:56,267 file.ManagerServant INFO Master manager not found
2024-11-07 15:33:06,254 file.ManagerServant INFO Master manager not found
2024-11-07 15:33:16,313 file.ManagerServant INFO Master manager not found
2024-11-07 15:33:26,420 file.ManagerServant INFO Master manager not found
2024-11-07 15:33:36,384 file.ManagerServant INFO Master manager not found
2024-11-07 15:33:46,484 file.ManagerServant INFO Master manager not found
2024-11-07 15:33:56,542 file.ManagerServant INFO Master manager not found
2024-11-07 15:34:06,630 file.ManagerServant INFO Master manager not found
2024-11-07 15:34:16,739 file.ManagerServant INFO Master manager not found
2024-11-07 15:34:26,712 file.ManagerServant INFO Master manager not found
