2024-11-07 15:34:38,750 file.manager INFO 2.0.2
2024-11-07 15:34:38,750 file.manager INFO Copyright (C) 2003-2024, Noriaki Ando and OpenRTM development team,
2024-11-07 15:34:38,750 file.manager INFO   Intelligent Systems Research Institute, AIST,
2024-11-07 15:34:38,750 file.manager INFO Copyright (C) 2024, Noriaki Ando and OpenRTM development team,
2024-11-07 15:34:38,750 file.manager INFO   Industrial Cyber-Physical Research Center, AIST,
2024-11-07 15:34:38,750 file.manager INFO   All right reserved.
2024-11-07 15:34:38,750 file.manager INFO Manager starting.
2024-11-07 15:34:38,750 file.manager INFO Starting local logging.
2024-11-07 15:34:38,754 file.manager.namingmanager INFO NameServer connection succeeded: corba/localhost
2024-11-07 15:34:42,896 file.ManagerServant INFO Master manager not found
2024-11-07 15:34:42,897 file.LocalServiceAdmin INFO All the local services are enabled.
2024-11-07 15:34:42,900 file.manager INFO Component type conf file: Motor.conf loaded.
2024-11-07 15:34:42,900 file.ec_base INFO setRate(1000000.000000) done
2024-11-07 15:34:42,900 file.ec_base INFO setRate(1000.000000) done
2024-11-07 15:34:42,901 file.rtobject INFO 1 execution context was created.
2024-11-07 15:34:42,901 file.rtobject INFO Initial active configuration set is default.
2024-11-07 15:34:57,042 file.ManagerServant INFO Master manager not found
2024-11-07 15:35:07,057 file.ManagerServant INFO Master manager not found
2024-11-07 15:35:10,556 file.SdoServiceAdmin WARNING No available SDO service in the factory: 
2024-11-07 15:35:10,556 file.SdoServiceAdmin ERROR type  not exists.
2024-11-07 15:35:17,099 file.ManagerServant INFO Master manager not found
2024-11-07 15:35:27,131 file.ManagerServant INFO Master manager not found
2024-11-07 15:35:37,178 file.ManagerServant INFO Master manager not found
2024-11-07 15:35:47,219 file.ManagerServant INFO Master manager not found
2024-11-07 15:35:57,196 file.ManagerServant INFO Master manager not found
2024-11-07 15:36:07,269 file.ManagerServant INFO Master manager not found
2024-11-07 15:36:17,382 file.ManagerServant INFO Master manager not found
2024-11-07 15:36:27,430 file.ManagerServant INFO Master manager not found
2024-11-07 15:36:37,429 file.ManagerServant INFO Master manager not found
2024-11-07 15:36:47,479 file.ManagerServant INFO Master manager not found
2024-11-07 15:36:57,520 file.ManagerServant INFO Master manager not found
2024-11-07 15:37:07,567 file.ManagerServant INFO Master manager not found
2024-11-07 15:37:17,571 file.ManagerServant INFO Master manager not found
2024-11-07 15:37:27,577 file.ManagerServant INFO Master manager not found
2024-11-07 15:37:37,561 file.ManagerServant INFO Master manager not found
2024-11-07 15:37:47,644 file.ManagerServant INFO Master manager not found
2024-11-07 15:37:57,764 file.ManagerServant INFO Master manager not found
2024-11-07 15:38:07,796 file.ManagerServant INFO Master manager not found
2024-11-07 15:38:17,818 file.ManagerServant INFO Master manager not found
2024-11-07 15:38:27,784 file.ManagerServant INFO Master manager not found
2024-11-07 15:38:37,884 file.ManagerServant INFO Master manager not found
2024-11-07 15:38:48,002 file.ManagerServant INFO Master manager not found
2024-11-07 15:38:57,975 file.ManagerServant INFO Master manager not found
2024-11-07 15:39:08,080 file.ManagerServant INFO Master manager not found
2024-11-07 15:39:18,049 file.ManagerServant INFO Master manager not found
2024-11-07 15:39:28,176 file.ManagerServant INFO Master manager not found
2024-11-07 15:39:38,173 file.ManagerServant INFO Master manager not found
2024-11-07 15:39:48,270 file.ManagerServant INFO Master manager not found
2024-11-07 15:39:58,351 file.ManagerServant INFO Master manager not found
2024-11-07 15:40:08,459 file.ManagerServant INFO Master manager not found
2024-11-07 15:40:18,479 file.ManagerServant INFO Master manager not found
2024-11-07 15:40:28,477 file.ManagerServant INFO Master manager not found
2024-11-07 15:40:38,580 file.ManagerServant INFO Master manager not found
2024-11-07 15:40:48,591 file.ManagerServant INFO Master manager not found
2024-11-07 15:40:58,585 file.ManagerServant INFO Master manager not found
2024-11-07 15:41:08,684 file.ManagerServant INFO Master manager not found
2024-11-07 15:41:18,779 file.ManagerServant INFO Master manager not found
2024-11-07 15:41:28,877 file.ManagerServant INFO Master manager not found
2024-11-07 15:41:39,004 file.ManagerServant INFO Master manager not found
2024-11-07 15:41:49,049 file.ManagerServant INFO Master manager not found
2024-11-07 15:41:59,040 file.ManagerServant INFO Master manager not found
2024-11-07 15:42:09,152 file.ManagerServant INFO Master manager not found
2024-11-07 15:42:19,130 file.ManagerServant INFO Master manager not found
2024-11-07 15:42:29,235 file.ManagerServant INFO Master manager not found
2024-11-07 15:42:39,276 file.ManagerServant INFO Master manager not found
2024-11-07 15:42:49,238 file.ManagerServant INFO Master manager not found
2024-11-07 15:42:59,358 file.ManagerServant INFO Master manager not found
2024-11-07 15:43:09,360 file.ManagerServant INFO Master manager not found
2024-11-07 15:43:19,364 file.ManagerServant INFO Master manager not found
2024-11-07 15:43:29,371 file.ManagerServant INFO Master manager not found
2024-11-07 15:43:39,368 file.ManagerServant INFO Master manager not found
2024-11-07 15:43:49,434 file.ManagerServant INFO Master manager not found
2024-11-07 15:43:59,525 file.ManagerServant INFO Master manager not found
2024-11-07 15:44:09,615 file.ManagerServant INFO Master manager not found
2024-11-07 15:44:19,704 file.ManagerServant INFO Master manager not found
2024-11-07 15:44:29,815 file.ManagerServant INFO Master manager not found
2024-11-07 15:44:39,833 file.ManagerServant INFO Master manager not found
2024-11-07 15:44:49,820 file.ManagerServant INFO Master manager not found
2024-11-07 15:44:59,911 file.ManagerServant INFO Master manager not found
2024-11-07 15:45:10,020 file.ManagerServant INFO Master manager not found
2024-11-07 15:45:20,039 file.ManagerServant INFO Master manager not found
2024-11-07 15:45:30,040 file.ManagerServant INFO Master manager not found
2024-11-07 15:45:40,148 file.ManagerServant INFO Master manager not found
2024-11-07 15:45:50,148 file.ManagerServant INFO Master manager not found
2024-11-07 15:46:00,240 file.ManagerServant INFO Master manager not found
2024-11-07 15:46:10,339 file.ManagerServant INFO Master manager not found
2024-11-07 15:46:20,467 file.ManagerServant INFO Master manager not found
2024-11-07 15:46:30,458 file.ManagerServant INFO Master manager not found
2024-11-07 15:46:40,528 file.ManagerServant INFO Master manager not found
2024-11-07 15:46:50,619 file.ManagerServant INFO Master manager not found
2024-11-07 15:47:00,756 file.ManagerServant INFO Master manager not found
2024-11-07 15:47:10,730 file.ManagerServant INFO Master manager not found
2024-11-07 15:47:20,796 file.ManagerServant INFO Master manager not found
2024-11-07 15:47:30,859 file.ManagerServant INFO Master manager not found
2024-11-07 15:47:40,918 file.ManagerServant INFO Master manager not found
2024-11-07 15:47:50,990 file.ManagerServant INFO Master manager not found
2024-11-07 15:48:01,073 file.ManagerServant INFO Master manager not found
2024-11-07 15:48:11,140 file.ManagerServant INFO Master manager not found
2024-11-07 15:48:21,260 file.ManagerServant INFO Master manager not found
2024-11-07 15:48:31,257 file.ManagerServant INFO Master manager not found
2024-11-07 15:48:41,334 file.ManagerServant INFO Master manager not found
2024-11-07 15:48:51,471 file.ManagerServant INFO Master manager not found
2024-11-07 15:49:01,477 file.ManagerServant INFO Master manager not found
2024-11-07 15:49:11,466 file.ManagerServant INFO Master manager not found
2024-11-07 15:49:21,562 file.ManagerServant INFO Master manager not found
2024-11-07 15:49:31,665 file.ManagerServant INFO Master manager not found
2024-11-07 15:49:41,700 file.ManagerServant INFO Master manager not found
2024-11-07 15:49:51,754 file.ManagerServant INFO Master manager not found
2024-11-07 15:50:01,768 file.ManagerServant INFO Master manager not found
2024-11-07 15:50:11,798 file.ManagerServant INFO Master manager not found
2024-11-07 15:50:21,835 file.ManagerServant INFO Master manager not found
2024-11-07 15:50:31,827 file.ManagerServant INFO Master manager not found
2024-11-07 15:50:41,905 file.ManagerServant INFO Master manager not found
2024-11-07 15:50:51,982 file.ManagerServant INFO Master manager not found
2024-11-07 15:51:02,105 file.ManagerServant INFO Master manager not found
2024-11-07 15:51:12,118 file.ManagerServant INFO Master manager not found
2024-11-07 15:51:22,110 file.ManagerServant INFO Master manager not found
2024-11-07 15:51:32,218 file.ManagerServant INFO Master manager not found
2024-11-07 15:51:42,239 file.ManagerServant INFO Master manager not found
2024-11-07 15:51:52,233 file.ManagerServant INFO Master manager not found
2024-11-07 15:52:02,304 file.ManagerServant INFO Master manager not found
2024-11-07 15:52:12,416 file.ManagerServant INFO Master manager not found
2024-11-07 15:52:22,417 file.ManagerServant INFO Master manager not found
2024-11-07 15:52:32,414 file.ManagerServant INFO Master manager not found
2024-11-07 15:52:42,523 file.ManagerServant INFO Master manager not found
2024-11-07 15:52:52,546 file.ManagerServant INFO Master manager not found
2024-11-07 15:53:02,566 file.ManagerServant INFO Master manager not found
2024-11-07 15:53:12,569 file.ManagerServant INFO Master manager not found
2024-11-07 15:53:22,593 file.ManagerServant INFO Master manager not found
2024-11-07 15:53:32,592 file.ManagerServant INFO Master manager not found
2024-11-07 15:53:42,616 file.ManagerServant INFO Master manager not found
2024-11-07 15:53:52,616 file.ManagerServant INFO Master manager not found
2024-11-07 15:54:02,702 file.ManagerServant INFO Master manager not found
2024-11-07 15:54:12,774 file.ManagerServant INFO Master manager not found
2024-11-07 15:54:22,847 file.ManagerServant INFO Master manager not found
2024-11-07 15:54:32,950 file.ManagerServant INFO Master manager not found
2024-11-07 15:54:42,934 file.ManagerServant INFO Master manager not found
2024-11-07 15:54:53,062 file.ManagerServant INFO Master manager not found
2024-11-07 15:55:03,072 file.ManagerServant INFO Master manager not found
2024-11-07 15:55:13,082 file.ManagerServant INFO Master manager not found
2024-11-07 15:55:23,069 file.ManagerServant INFO Master manager not found
2024-11-07 15:55:33,145 file.ManagerServant INFO Master manager not found
2024-11-07 15:55:43,253 file.ManagerServant INFO Master manager not found
2024-11-07 15:55:53,236 file.ManagerServant INFO Master manager not found
2024-11-07 15:56:03,370 file.ManagerServant INFO Master manager not found
2024-11-07 15:56:13,355 file.ManagerServant INFO Master manager not found
2024-11-07 15:56:23,453 file.ManagerServant INFO Master manager not found
2024-11-07 15:56:33,529 file.ManagerServant INFO Master manager not found
2024-11-07 15:56:43,609 file.ManagerServant INFO Master manager not found
2024-11-07 15:56:53,707 file.ManagerServant INFO Master manager not found
2024-11-07 15:57:03,781 file.ManagerServant INFO Master manager not found
2024-11-07 15:57:13,884 file.ManagerServant INFO Master manager not found
2024-11-07 15:57:23,862 file.ManagerServant INFO Master manager not found
2024-11-07 15:57:33,961 file.ManagerServant INFO Master manager not found
2024-11-07 15:57:43,992 file.ManagerServant INFO Master manager not found
2024-11-07 15:57:54,021 file.ManagerServant INFO Master manager not found
2024-11-07 15:58:04,032 file.ManagerServant INFO Master manager not found
2024-11-07 15:58:14,035 file.ManagerServant INFO Master manager not found
2024-11-07 15:58:24,047 file.ManagerServant INFO Master manager not found
2024-11-07 15:58:34,053 file.ManagerServant INFO Master manager not found
2024-11-07 15:58:44,032 file.ManagerServant INFO Master manager not found
2024-11-07 15:58:54,104 file.ManagerServant INFO Master manager not found
2024-11-07 15:59:04,208 file.ManagerServant INFO Master manager not found
2024-11-07 15:59:14,206 file.ManagerServant INFO Master manager not found
2024-11-07 15:59:24,303 file.ManagerServant INFO Master manager not found
2024-11-07 15:59:34,407 file.ManagerServant INFO Master manager not found
2024-11-07 15:59:44,380 file.ManagerServant INFO Master manager not found
2024-11-07 15:59:54,498 file.ManagerServant INFO Master manager not found
2024-11-07 16:00:04,480 file.ManagerServant INFO Master manager not found
2024-11-07 16:00:14,577 file.ManagerServant INFO Master manager not found
2024-11-07 16:00:24,676 file.ManagerServant INFO Master manager not found
2024-11-07 16:00:34,764 file.ManagerServant INFO Master manager not found
2024-11-07 16:00:44,837 file.ManagerServant INFO Master manager not found
2024-11-07 16:00:54,934 file.ManagerServant INFO Master manager not found
2024-11-07 16:01:05,030 file.ManagerServant INFO Master manager not found
2024-11-07 16:01:15,156 file.ManagerServant INFO Master manager not found
2024-11-07 16:01:25,161 file.ManagerServant INFO Master manager not found
2024-11-07 16:01:35,198 file.ManagerServant INFO Master manager not found
2024-11-07 16:01:45,240 file.ManagerServant INFO Master manager not found
2024-11-07 16:01:55,208 file.ManagerServant INFO Master manager not found
2024-11-07 16:02:05,314 file.ManagerServant INFO Master manager not found
2024-11-07 16:02:15,330 file.ManagerServant INFO Master manager not found
2024-11-07 16:02:25,377 file.ManagerServant INFO Master manager not found
2024-11-07 16:02:35,360 file.ManagerServant INFO Master manager not found
2024-11-07 16:02:45,455 file.ManagerServant INFO Master manager not found
2024-11-07 16:02:55,561 file.ManagerServant INFO Master manager not found
2024-11-07 16:03:05,562 file.ManagerServant INFO Master manager not found
2024-11-07 16:03:15,671 file.ManagerServant INFO Master manager not found
2024-11-07 16:03:25,665 file.ManagerServant INFO Master manager not found
2024-11-07 16:03:35,763 file.ManagerServant INFO Master manager not found
2024-11-07 16:03:45,843 file.ManagerServant INFO Master manager not found
2024-11-07 16:03:55,937 file.ManagerServant INFO Master manager not found
2024-11-07 16:04:06,028 file.ManagerServant INFO Master manager not found
2024-11-07 16:04:16,131 file.ManagerServant INFO Master manager not found
2024-11-07 16:04:26,149 file.ManagerServant INFO Master manager not found
2024-11-07 16:04:36,148 file.ManagerServant INFO Master manager not found
2024-11-07 16:04:46,236 file.ManagerServant INFO Master manager not found
2024-11-07 16:04:56,348 file.ManagerServant INFO Master manager not found
2024-11-07 16:05:06,336 file.ManagerServant INFO Master manager not found
2024-11-07 16:05:16,432 file.ManagerServant INFO Master manager not found
2024-11-07 16:05:26,566 file.ManagerServant INFO Master manager not found
2024-11-07 16:05:36,582 file.ManagerServant INFO Master manager not found
2024-11-07 16:05:46,610 file.ManagerServant INFO Master manager not found
2024-11-07 16:05:56,636 file.ManagerServant INFO Master manager not found
2024-11-07 16:06:06,684 file.ManagerServant INFO Master manager not found
2024-11-07 16:06:16,669 file.ManagerServant INFO Master manager not found
2024-11-07 16:06:26,780 file.ManagerServant INFO Master manager not found
