2024-11-07 16:08:15,210 file.manager INFO 2.0.2
2024-11-07 16:08:15,210 file.manager INFO Copyright (C) 2003-2024, Noriaki Ando and OpenRTM development team,
2024-11-07 16:08:15,210 file.manager INFO   Intelligent Systems Research Institute, AIST,
2024-11-07 16:08:15,210 file.manager INFO Copyright (C) 2024, Noriaki Ando and OpenRTM development team,
2024-11-07 16:08:15,210 file.manager INFO   Industrial Cyber-Physical Research Center, AIST,
2024-11-07 16:08:15,210 file.manager INFO   All right reserved.
2024-11-07 16:08:15,210 file.manager INFO Manager starting.
2024-11-07 16:08:15,210 file.manager INFO Starting local logging.
2024-11-07 16:08:15,210 file.manager.namingmanager INFO NameServer connection succeeded: corba/localhost
2024-11-07 16:08:19,331 file.ManagerServant INFO Master manager not found
2024-11-07 16:08:19,331 file.LocalServiceAdmin INFO All the local services are enabled.
2024-11-07 16:08:19,331 file.manager INFO Component type conf file: Motor.conf loaded.
2024-11-07 16:08:19,331 file.ec_base INFO setRate(1000000.000000) done
2024-11-07 16:08:19,331 file.ec_base INFO setRate(1000.000000) done
2024-11-07 16:08:19,331 file.rtobject INFO 1 execution context was created.
2024-11-07 16:08:19,331 file.rtobject INFO Initial active configuration set is default.
2024-11-07 16:08:33,457 file.ManagerServant INFO Master manager not found
2024-11-07 16:08:43,558 file.ManagerServant INFO Master manager not found
2024-11-07 16:08:53,569 file.ManagerServant INFO Master manager not found
2024-11-07 16:09:03,569 file.ManagerServant INFO Master manager not found
2024-11-07 16:09:13,688 file.ManagerServant INFO Master manager not found
2024-11-07 16:09:23,708 file.ManagerServant INFO Master manager not found
2024-11-07 16:09:33,751 file.ManagerServant INFO Master manager not found
2024-11-07 16:09:43,780 file.ManagerServant INFO Master manager not found
2024-11-07 16:09:53,797 file.ManagerServant INFO Master manager not found
2024-11-07 16:10:03,805 file.ManagerServant INFO Master manager not found
2024-11-07 16:10:13,817 file.ManagerServant INFO Master manager not found
2024-11-07 16:10:23,810 file.ManagerServant INFO Master manager not found
2024-11-07 16:10:33,921 file.ManagerServant INFO Master manager not found
2024-11-07 16:10:43,926 file.ManagerServant INFO Master manager not found
2024-11-07 16:10:53,938 file.ManagerServant INFO Master manager not found
2024-11-07 16:11:03,914 file.ManagerServant INFO Master manager not found
2024-11-07 16:11:13,993 file.ManagerServant INFO Master manager not found
2024-11-07 16:11:24,083 file.ManagerServant INFO Master manager not found
2024-11-07 16:11:34,192 file.ManagerServant INFO Master manager not found
2024-11-07 16:11:44,147 file.ManagerServant INFO Master manager not found
2024-11-07 16:11:54,271 file.ManagerServant INFO Master manager not found
2024-11-07 16:12:04,302 file.ManagerServant INFO Master manager not found
2024-11-07 16:12:14,297 file.ManagerServant INFO Master manager not found
2024-11-07 16:12:24,395 file.ManagerServant INFO Master manager not found
2024-11-07 16:12:34,515 file.ManagerServant INFO Master manager not found
2024-11-07 16:12:44,491 file.ManagerServant INFO Master manager not found
2024-11-07 16:12:54,608 file.ManagerServant INFO Master manager not found
2024-11-07 16:13:04,605 file.ManagerServant INFO Master manager not found
2024-11-07 16:13:14,714 file.ManagerServant INFO Master manager not found
2024-11-07 16:13:24,693 file.ManagerServant INFO Master manager not found
2024-11-07 16:13:34,775 file.ManagerServant INFO Master manager not found
2024-11-07 16:13:44,894 file.ManagerServant INFO Master manager not found
2024-11-07 16:13:54,915 file.ManagerServant INFO Master manager not found
2024-11-07 16:14:04,870 file.ManagerServant INFO Master manager not found
2024-11-07 16:14:14,923 file.ManagerServant INFO Master manager not found
2024-11-07 16:14:24,987 file.ManagerServant INFO Master manager not found
2024-11-07 16:14:35,065 file.ManagerServant INFO Master manager not found
2024-11-07 16:14:45,187 file.ManagerServant INFO Master manager not found
2024-11-07 16:14:55,172 file.ManagerServant INFO Master manager not found
2024-11-07 16:15:05,231 file.ManagerServant INFO Master manager not found
2024-11-07 16:15:15,325 file.ManagerServant INFO Master manager not found
2024-11-07 16:15:25,414 file.ManagerServant INFO Master manager not found
2024-11-07 16:15:35,507 file.ManagerServant INFO Master manager not found
2024-11-07 16:15:45,606 file.ManagerServant INFO Master manager not found
2024-11-07 16:15:55,730 file.ManagerServant INFO Master manager not found
2024-11-07 16:16:05,731 file.ManagerServant INFO Master manager not found
2024-11-07 16:16:15,714 file.ManagerServant INFO Master manager not found
2024-11-07 16:16:23,985 file.SdoServiceAdmin WARNING No available SDO service in the factory: 
2024-11-07 16:16:23,986 file.SdoServiceAdmin ERROR type  not exists.
2024-11-07 16:16:25,831 file.ManagerServant INFO Master manager not found
2024-11-07 16:16:35,824 file.ManagerServant INFO Master manager not found
2024-11-07 16:16:45,925 file.ManagerServant INFO Master manager not found
2024-11-07 16:16:56,031 file.ManagerServant INFO Master manager not found
2024-11-07 16:17:06,053 file.ManagerServant INFO Master manager not found
2024-11-07 16:17:16,089 file.ManagerServant INFO Master manager not found
2024-11-07 16:17:26,145 file.ManagerServant INFO Master manager not found
2024-11-07 16:17:36,190 file.ManagerServant INFO Master manager not found
2024-11-07 16:17:46,188 file.ManagerServant INFO Master manager not found
2024-11-07 16:17:56,166 file.ManagerServant INFO Master manager not found
2024-11-07 16:18:06,233 file.ManagerServant INFO Master manager not found
2024-11-07 16:18:16,295 file.ManagerServant INFO Master manager not found
2024-11-07 16:18:26,405 file.ManagerServant INFO Master manager not found
2024-11-07 16:18:36,388 file.ManagerServant INFO Master manager not found
2024-11-07 16:18:46,518 file.ManagerServant INFO Master manager not found
2024-11-07 16:18:56,535 file.ManagerServant INFO Master manager not found
2024-11-07 16:19:06,548 file.ManagerServant INFO Master manager not found
2024-11-07 16:19:16,534 file.ManagerServant INFO Master manager not found
2024-11-07 16:19:26,614 file.ManagerServant INFO Master manager not found
2024-11-07 16:19:36,707 file.ManagerServant INFO Master manager not found
2024-11-07 16:19:46,809 file.ManagerServant INFO Master manager not found
2024-11-07 16:19:56,814 file.ManagerServant INFO Master manager not found
2024-11-07 16:20:06,817 file.ManagerServant INFO Master manager not found
2024-11-07 16:20:16,772 file.ManagerServant INFO Master manager not found
2024-11-07 16:20:26,845 file.ManagerServant INFO Master manager not found
2024-11-07 16:20:36,955 file.ManagerServant INFO Master manager not found
2024-11-07 16:20:46,970 file.ManagerServant INFO Master manager not found
2024-11-07 16:20:56,971 file.ManagerServant INFO Master manager not found
2024-11-07 16:21:06,944 file.ManagerServant INFO Master manager not found
2024-11-07 16:21:17,048 file.ManagerServant INFO Master manager not found
2024-11-07 16:21:27,012 file.ManagerServant INFO Master manager not found
2024-11-07 16:21:37,114 file.ManagerServant INFO Master manager not found
2024-11-07 16:21:47,194 file.ManagerServant INFO Master manager not found
2024-11-07 16:21:57,304 file.ManagerServant INFO Master manager not found
2024-11-07 16:22:07,300 file.ManagerServant INFO Master manager not found
2024-11-07 16:22:17,379 file.ManagerServant INFO Master manager not found
2024-11-07 16:22:27,457 file.ManagerServant INFO Master manager not found
2024-11-07 16:22:37,517 file.ManagerServant INFO Master manager not found
2024-11-07 16:22:47,638 file.ManagerServant INFO Master manager not found
2024-11-07 16:22:57,653 file.ManagerServant INFO Master manager not found
2024-11-07 16:23:07,683 file.ManagerServant INFO Master manager not found
2024-11-07 16:23:17,713 file.ManagerServant INFO Master manager not found
2024-11-07 16:23:27,740 file.ManagerServant INFO Master manager not found
2024-11-07 16:23:37,746 file.ManagerServant INFO Master manager not found
2024-11-07 16:23:47,763 file.ManagerServant INFO Master manager not found
2024-11-07 16:23:57,734 file.ManagerServant INFO Master manager not found
2024-11-07 16:24:07,811 file.ManagerServant INFO Master manager not found
2024-11-07 16:24:17,907 file.ManagerServant INFO Master manager not found
2024-11-07 16:24:28,052 file.ManagerServant INFO Master manager not found
2024-11-07 16:24:38,039 file.ManagerServant INFO Master manager not found
2024-11-07 16:24:48,116 file.ManagerServant INFO Master manager not found
2024-11-07 16:24:58,223 file.ManagerServant INFO Master manager not found
2024-11-07 16:25:08,207 file.ManagerServant INFO Master manager not found
2024-11-07 16:25:18,337 file.ManagerServant INFO Master manager not found
2024-11-07 16:25:28,341 file.ManagerServant INFO Master manager not found
2024-11-07 16:25:38,348 file.ManagerServant INFO Master manager not found
2024-11-07 16:25:48,353 file.ManagerServant INFO Master manager not found
2024-11-07 16:25:58,405 file.ManagerServant INFO Master manager not found
2024-11-07 16:26:08,426 file.ManagerServant INFO Master manager not found
2024-11-07 16:26:18,426 file.ManagerServant INFO Master manager not found
2024-11-07 16:26:28,416 file.ManagerServant INFO Master manager not found
2024-11-07 16:26:38,533 file.ManagerServant INFO Master manager not found
2024-11-07 16:26:48,523 file.ManagerServant INFO Master manager not found
2024-11-07 16:26:58,608 file.ManagerServant INFO Master manager not found
2024-11-07 16:27:08,713 file.ManagerServant INFO Master manager not found
2024-11-07 16:27:18,709 file.ManagerServant INFO Master manager not found
2024-11-07 16:27:28,813 file.ManagerServant INFO Master manager not found
2024-11-07 16:27:38,834 file.ManagerServant INFO Master manager not found
2024-11-07 16:27:48,863 file.ManagerServant INFO Master manager not found
2024-11-07 16:27:58,827 file.ManagerServant INFO Master manager not found
2024-11-07 16:28:08,916 file.ManagerServant INFO Master manager not found
2024-11-07 16:28:19,009 file.ManagerServant INFO Master manager not found
2024-11-07 16:28:29,132 file.ManagerServant INFO Master manager not found
2024-11-07 16:28:39,090 file.ManagerServant INFO Master manager not found
2024-11-07 16:28:49,179 file.ManagerServant INFO Master manager not found
2024-11-07 16:28:59,305 file.ManagerServant INFO Master manager not found
2024-11-07 16:29:09,278 file.ManagerServant INFO Master manager not found
2024-11-07 16:29:19,362 file.ManagerServant INFO Master manager not found
2024-11-07 16:29:29,455 file.ManagerServant INFO Master manager not found
2024-11-07 16:29:39,519 file.ManagerServant INFO Master manager not found
2024-11-07 16:29:49,624 file.ManagerServant INFO Master manager not found
2024-11-07 16:29:59,581 file.ManagerServant INFO Master manager not found
2024-11-07 16:30:09,700 file.ManagerServant INFO Master manager not found
2024-11-07 16:30:19,661 file.ManagerServant INFO Master manager not found
2024-11-07 16:30:29,750 file.ManagerServant INFO Master manager not found
2024-11-07 16:30:39,871 file.ManagerServant INFO Master manager not found
2024-11-07 16:30:49,885 file.ManagerServant INFO Master manager not found
2024-11-07 16:30:59,916 file.ManagerServant INFO Master manager not found
2024-11-07 16:31:09,942 file.ManagerServant INFO Master manager not found
2024-11-07 16:31:19,936 file.ManagerServant INFO Master manager not found
2024-11-07 16:31:30,050 file.ManagerServant INFO Master manager not found
2024-11-07 16:31:40,076 file.ManagerServant INFO Master manager not found
2024-11-07 16:31:50,064 file.ManagerServant INFO Master manager not found
2024-11-07 16:32:00,189 file.ManagerServant INFO Master manager not found
2024-11-07 16:32:10,195 file.ManagerServant INFO Master manager not found
2024-11-07 16:32:20,193 file.ManagerServant INFO Master manager not found
2024-11-07 16:32:30,331 file.ManagerServant INFO Master manager not found
2024-11-07 16:32:40,321 file.ManagerServant INFO Master manager not found
2024-11-07 16:32:50,459 file.ManagerServant INFO Master manager not found
2024-11-07 16:33:00,515 file.ManagerServant INFO Master manager not found
2024-11-07 16:33:10,559 file.ManagerServant INFO Master manager not found
2024-11-07 16:33:20,555 file.ManagerServant INFO Master manager not found
2024-11-07 16:33:30,652 file.ManagerServant INFO Master manager not found
2024-11-07 16:33:40,807 file.ManagerServant INFO Master manager not found
2024-11-07 16:33:50,833 file.ManagerServant INFO Master manager not found
2024-11-07 16:34:00,869 file.ManagerServant INFO Master manager not found
2024-11-07 16:34:10,886 file.ManagerServant INFO Master manager not found
2024-11-07 16:34:20,899 file.ManagerServant INFO Master manager not found
2024-11-07 16:34:30,947 file.ManagerServant INFO Master manager not found
2024-11-07 16:34:40,991 file.ManagerServant INFO Master manager not found
2024-11-07 16:34:50,993 file.ManagerServant INFO Master manager not found
2024-11-07 16:35:00,983 file.ManagerServant INFO Master manager not found
2024-11-07 16:35:11,100 file.ManagerServant INFO Master manager not found
2024-11-07 16:35:21,082 file.ManagerServant INFO Master manager not found
2024-11-07 16:35:31,175 file.ManagerServant INFO Master manager not found
2024-11-07 16:35:41,276 file.ManagerServant INFO Master manager not found
2024-11-07 16:35:51,290 file.ManagerServant INFO Master manager not found
2024-11-07 16:36:01,278 file.ManagerServant INFO Master manager not found
2024-11-07 16:36:11,382 file.ManagerServant INFO Master manager not found
2024-11-07 16:36:21,463 file.ManagerServant INFO Master manager not found
2024-11-07 16:36:31,560 file.ManagerServant INFO Master manager not found
2024-11-07 16:36:41,637 file.ManagerServant INFO Master manager not found
2024-11-07 16:36:51,713 file.ManagerServant INFO Master manager not found
2024-11-07 16:37:01,775 file.ManagerServant INFO Master manager not found
2024-11-07 16:37:11,873 file.ManagerServant INFO Master manager not found
2024-11-07 16:37:21,968 file.ManagerServant INFO Master manager not found
2024-11-07 16:37:32,057 file.ManagerServant INFO Master manager not found
2024-11-07 16:37:42,197 file.ManagerServant INFO Master manager not found
2024-11-07 16:37:52,254 file.ManagerServant INFO Master manager not found
2024-11-07 16:38:02,290 file.ManagerServant INFO Master manager not found
2024-11-07 16:38:12,270 file.ManagerServant INFO Master manager not found
2024-11-07 16:38:22,400 file.ManagerServant INFO Master manager not found
2024-11-07 16:38:32,423 file.ManagerServant INFO Master manager not found
2024-11-07 16:38:42,396 file.ManagerServant INFO Master manager not found
2024-11-07 16:38:52,507 file.ManagerServant INFO Master manager not found
2024-11-07 16:39:02,528 file.ManagerServant INFO Master manager not found
2024-11-07 16:39:12,550 file.ManagerServant INFO Master manager not found
2024-11-07 16:39:22,588 file.ManagerServant INFO Master manager not found
2024-11-07 16:39:32,579 file.ManagerServant INFO Master manager not found
2024-11-07 16:39:42,667 file.ManagerServant INFO Master manager not found
2024-11-07 16:39:52,768 file.ManagerServant INFO Master manager not found
2024-11-07 16:40:02,786 file.ManagerServant INFO Master manager not found
2024-11-07 16:40:12,797 file.ManagerServant INFO Master manager not found
2024-11-07 16:40:22,815 file.ManagerServant INFO Master manager not found
2024-11-07 16:40:32,825 file.ManagerServant INFO Master manager not found
2024-11-07 16:40:42,810 file.ManagerServant INFO Master manager not found
2024-11-07 16:40:52,960 file.ManagerServant INFO Master manager not found
2024-11-07 16:41:03,000 file.ManagerServant INFO Master manager not found
2024-11-07 16:41:13,015 file.ManagerServant INFO Master manager not found
2024-11-07 16:41:23,042 file.ManagerServant INFO Master manager not found
2024-11-07 16:41:33,064 file.ManagerServant INFO Master manager not found
2024-11-07 16:41:43,096 file.ManagerServant INFO Master manager not found
2024-11-07 16:41:53,099 file.ManagerServant INFO Master manager not found
2024-11-07 16:42:03,109 file.ManagerServant INFO Master manager not found
2024-11-07 16:42:13,132 file.ManagerServant INFO Master manager not found
2024-11-07 16:42:23,176 file.ManagerServant INFO Master manager not found
2024-11-07 16:42:33,167 file.ManagerServant INFO Master manager not found
2024-11-07 16:42:43,238 file.ManagerServant INFO Master manager not found
2024-11-07 16:42:53,346 file.ManagerServant INFO Master manager not found
2024-11-07 16:43:03,333 file.ManagerServant INFO Master manager not found
2024-11-07 16:43:13,477 file.ManagerServant INFO Master manager not found
2024-11-07 16:43:23,513 file.ManagerServant INFO Master manager not found
2024-11-07 16:43:33,524 file.ManagerServant INFO Master manager not found
2024-11-07 16:43:43,520 file.ManagerServant INFO Master manager not found
2024-11-07 16:43:53,612 file.ManagerServant INFO Master manager not found
2024-11-07 16:44:03,696 file.ManagerServant INFO Master manager not found
2024-11-07 16:44:13,836 file.ManagerServant INFO Master manager not found
2024-11-07 16:44:23,868 file.ManagerServant INFO Master manager not found
2024-11-07 16:44:33,883 file.ManagerServant INFO Master manager not found
2024-11-07 16:44:43,874 file.ManagerServant INFO Master manager not found
2024-11-07 16:44:53,983 file.ManagerServant INFO Master manager not found
2024-11-07 16:45:04,001 file.ManagerServant INFO Master manager not found
2024-11-07 16:45:13,990 file.ManagerServant INFO Master manager not found
2024-11-07 16:45:24,076 file.ManagerServant INFO Master manager not found
2024-11-07 16:45:34,141 file.ManagerServant INFO Master manager not found
2024-11-07 16:45:44,289 file.ManagerServant INFO Master manager not found
2024-11-07 16:45:54,320 file.ManagerServant INFO Master manager not found
2024-11-07 16:46:04,297 file.ManagerServant INFO Master manager not found
2024-11-07 16:46:14,375 file.ManagerServant INFO Master manager not found
2024-11-07 16:46:20,690 file.ec_worker ERROR State of the RTC is not ACTIVE_STATE.
2024-11-07 16:46:24,475 file.ManagerServant INFO Master manager not found
2024-11-07 16:46:34,454 file.ManagerServant INFO Master manager not found
2024-11-07 16:46:44,566 file.ManagerServant INFO Master manager not found
2024-11-07 16:46:54,588 file.ManagerServant INFO Master manager not found
2024-11-07 16:47:04,621 file.ManagerServant INFO Master manager not found
2024-11-07 16:47:14,625 file.ManagerServant INFO Master manager not found
2024-11-07 16:47:24,646 file.ManagerServant INFO Master manager not found
2024-11-07 16:47:34,646 file.ManagerServant INFO Master manager not found
2024-11-07 16:47:44,671 file.ManagerServant INFO Master manager not found
2024-11-07 16:47:54,670 file.ManagerServant INFO Master manager not found
2024-11-07 16:48:04,775 file.ManagerServant INFO Master manager not found
2024-11-07 16:48:14,784 file.ManagerServant INFO Master manager not found
2024-11-07 16:48:24,773 file.ManagerServant INFO Master manager not found
2024-11-07 16:48:34,873 file.ManagerServant INFO Master manager not found
2024-11-07 16:48:44,971 file.ManagerServant INFO Master manager not found
2024-11-07 16:48:55,063 file.ManagerServant INFO Master manager not found
2024-11-07 16:49:05,168 file.ManagerServant INFO Master manager not found
2024-11-07 16:49:15,182 file.ManagerServant INFO Master manager not found
2024-11-07 16:49:25,212 file.ManagerServant INFO Master manager not found
2024-11-07 16:49:35,250 file.ManagerServant INFO Master manager not found
2024-11-07 16:49:45,247 file.ManagerServant INFO Master manager not found
2024-11-07 16:49:55,369 file.ManagerServant INFO Master manager not found
2024-11-07 16:50:05,346 file.ManagerServant INFO Master manager not found
2024-11-07 16:50:15,459 file.ManagerServant INFO Master manager not found
2024-11-07 16:50:25,448 file.ManagerServant INFO Master manager not found
2024-11-07 16:50:35,569 file.ManagerServant INFO Master manager not found
2024-11-07 16:50:45,538 file.ManagerServant INFO Master manager not found
2024-11-07 16:50:55,619 file.ManagerServant INFO Master manager not found
2024-11-07 16:51:05,723 file.ManagerServant INFO Master manager not found
2024-11-07 16:51:15,710 file.ManagerServant INFO Master manager not found
2024-11-07 16:51:25,789 file.ManagerServant INFO Master manager not found
2024-11-07 16:51:35,865 file.ManagerServant INFO Master manager not found
2024-11-07 16:51:46,007 file.ManagerServant INFO Master manager not found
2024-11-07 16:51:55,979 file.ManagerServant INFO Master manager not found
2024-11-07 16:52:06,047 file.ManagerServant INFO Master manager not found
2024-11-07 16:52:16,160 file.ManagerServant INFO Master manager not found
2024-11-07 16:52:26,146 file.ManagerServant INFO Master manager not found
2024-11-07 16:52:36,236 file.ManagerServant INFO Master manager not found
2024-11-07 16:52:46,337 file.ManagerServant INFO Master manager not found
2024-11-07 16:52:56,338 file.ManagerServant INFO Master manager not found
2024-11-07 16:53:06,298 file.ManagerServant INFO Master manager not found
2024-11-07 16:53:16,418 file.ManagerServant INFO Master manager not found
2024-11-07 16:53:26,414 file.ManagerServant INFO Master manager not found
2024-11-07 16:53:36,548 file.ManagerServant INFO Master manager not found
2024-11-07 16:53:46,590 file.ManagerServant INFO Master manager not found
2024-11-07 16:53:56,577 file.ManagerServant INFO Master manager not found
2024-11-07 16:54:06,679 file.ManagerServant INFO Master manager not found
2024-11-07 16:54:08,223 file.ec_worker ERROR State of the RTC is not ACTIVE_STATE.
2024-11-07 16:54:16,799 file.ManagerServant INFO Master manager not found
2024-11-07 16:54:26,795 file.ManagerServant INFO Master manager not found
2024-11-07 16:54:36,907 file.ManagerServant INFO Master manager not found
2024-11-07 16:54:46,878 file.ManagerServant INFO Master manager not found
2024-11-07 16:54:56,952 file.ManagerServant INFO Master manager not found
2024-11-07 16:55:07,067 file.ManagerServant INFO Master manager not found
2024-11-07 16:55:17,058 file.ManagerServant INFO Master manager not found
2024-11-07 16:55:27,188 file.ManagerServant INFO Master manager not found
2024-11-07 16:55:37,144 file.ManagerServant INFO Master manager not found
2024-11-07 16:55:47,220 file.ManagerServant INFO Master manager not found
2024-11-07 16:55:57,308 file.ManagerServant INFO Master manager not found
2024-11-07 16:56:07,391 file.ManagerServant INFO Master manager not found
2024-11-07 16:56:17,501 file.ManagerServant INFO Master manager not found
2024-11-07 16:56:27,498 file.ManagerServant INFO Master manager not found
2024-11-07 16:56:37,464 file.ManagerServant INFO Master manager not found
2024-11-07 16:56:47,570 file.ManagerServant INFO Master manager not found
2024-11-07 16:56:57,577 file.ManagerServant INFO Master manager not found
2024-11-07 16:57:07,574 file.ManagerServant INFO Master manager not found
2024-11-07 16:57:17,681 file.ManagerServant INFO Master manager not found
2024-11-07 16:57:27,690 file.ManagerServant INFO Master manager not found
2024-11-07 16:57:37,669 file.ManagerServant INFO Master manager not found
2024-11-07 16:57:47,751 file.ManagerServant INFO Master manager not found
2024-11-07 16:57:57,833 file.ManagerServant INFO Master manager not found
2024-11-07 16:58:07,898 file.ManagerServant INFO Master manager not found
2024-11-07 16:58:17,963 file.ManagerServant INFO Master manager not found
2024-11-07 16:58:28,028 file.ManagerServant INFO Master manager not found
2024-11-07 16:58:38,109 file.ManagerServant INFO Master manager not found
2024-11-07 16:58:48,234 file.ManagerServant INFO Master manager not found
2024-11-07 16:58:58,259 file.ManagerServant INFO Master manager not found
2024-11-07 16:59:08,300 file.ManagerServant INFO Master manager not found
2024-11-07 16:59:18,331 file.ManagerServant INFO Master manager not found
2024-11-07 16:59:28,342 file.ManagerServant INFO Master manager not found
2024-11-07 16:59:38,313 file.ManagerServant INFO Master manager not found
2024-11-07 16:59:48,381 file.ManagerServant INFO Master manager not found
2024-11-07 16:59:58,484 file.ManagerServant INFO Master manager not found
2024-11-07 17:00:08,470 file.ManagerServant INFO Master manager not found
2024-11-07 17:00:18,547 file.ManagerServant INFO Master manager not found
2024-11-07 17:00:28,676 file.ManagerServant INFO Master manager not found
2024-11-07 17:00:38,691 file.ManagerServant INFO Master manager not found
2024-11-07 17:00:48,715 file.ManagerServant INFO Master manager not found
2024-11-07 17:00:58,705 file.ManagerServant INFO Master manager not found
2024-11-07 17:01:08,797 file.ManagerServant INFO Master manager not found
2024-11-07 17:01:18,893 file.ManagerServant INFO Master manager not found
2024-11-07 17:01:29,027 file.ManagerServant INFO Master manager not found
2024-11-07 17:01:39,021 file.ManagerServant INFO Master manager not found
2024-11-07 17:01:49,128 file.ManagerServant INFO Master manager not found
2024-11-07 17:01:59,144 file.ManagerServant INFO Master manager not found
2024-11-07 17:02:09,190 file.ManagerServant INFO Master manager not found
2024-11-07 17:02:19,175 file.ManagerServant INFO Master manager not found
2024-11-07 17:02:29,280 file.ManagerServant INFO Master manager not found
2024-11-07 17:02:39,325 file.ManagerServant INFO Master manager not found
2024-11-07 17:02:49,343 file.ManagerServant INFO Master manager not found
2024-11-07 17:02:59,346 file.ManagerServant INFO Master manager not found
2024-11-07 17:03:09,360 file.ManagerServant INFO Master manager not found
2024-11-07 17:03:19,368 file.ManagerServant INFO Master manager not found
2024-11-07 17:03:29,470 file.ManagerServant INFO Master manager not found
2024-11-07 17:03:39,447 file.ManagerServant INFO Master manager not found
