2024-11-07 17:21:58,392 file.manager INFO 2.0.2
2024-11-07 17:21:58,392 file.manager INFO Copyright (C) 2003-2024, Noriaki Ando and OpenRTM development team,
2024-11-07 17:21:58,392 file.manager INFO   Intelligent Systems Research Institute, AIST,
2024-11-07 17:21:58,392 file.manager INFO Copyright (C) 2024, Noriaki Ando and OpenRTM development team,
2024-11-07 17:21:58,392 file.manager INFO   Industrial Cyber-Physical Research Center, AIST,
2024-11-07 17:21:58,392 file.manager INFO   All right reserved.
2024-11-07 17:21:58,392 file.manager INFO Manager starting.
2024-11-07 17:21:58,392 file.manager INFO Starting local logging.
2024-11-07 17:21:58,400 file.manager.namingmanager INFO NameServer connection succeeded: corba/localhost
2024-11-07 17:22:02,502 file.ManagerServant INFO Master manager not found
2024-11-07 17:22:02,503 file.LocalServiceAdmin INFO All the local services are enabled.
2024-11-07 17:22:02,503 file.manager INFO Component type conf file: Motor.conf loaded.
2024-11-07 17:22:02,503 file.ec_base INFO setRate(1000000.000000) done
2024-11-07 17:22:02,503 file.ec_base INFO setRate(1000.000000) done
2024-11-07 17:22:02,503 file.rtobject INFO 1 execution context was created.
2024-11-07 17:22:02,503 file.rtobject INFO Initial active configuration set is default.
2024-11-07 17:22:16,636 file.ManagerServant INFO Master manager not found
2024-11-07 17:22:26,638 file.ManagerServant INFO Master manager not found
2024-11-07 17:22:36,767 file.ManagerServant INFO Master manager not found
2024-11-07 17:22:46,777 file.ManagerServant INFO Master manager not found
2024-11-07 17:22:56,788 file.ManagerServant INFO Master manager not found
2024-11-07 17:23:01,168 file.SdoServiceAdmin WARNING No available SDO service in the factory: 
2024-11-07 17:23:01,169 file.SdoServiceAdmin ERROR type  not exists.
2024-11-07 17:23:06,828 file.ManagerServant INFO Master manager not found
2024-11-07 17:23:16,818 file.ManagerServant INFO Master manager not found
2024-11-07 17:23:26,908 file.ManagerServant INFO Master manager not found
2024-11-07 17:23:37,036 file.ManagerServant INFO Master manager not found
2024-11-07 17:23:47,064 file.ManagerServant INFO Master manager not found
2024-11-07 17:23:57,057 file.ManagerServant INFO Master manager not found
2024-11-07 17:24:07,198 file.ManagerServant INFO Master manager not found
2024-11-07 17:24:17,239 file.ManagerServant INFO Master manager not found
2024-11-07 17:24:27,252 file.ManagerServant INFO Master manager not found
2024-11-07 17:24:37,234 file.ManagerServant INFO Master manager not found
2024-11-07 17:24:47,326 file.ManagerServant INFO Master manager not found
2024-11-07 17:24:57,400 file.ManagerServant INFO Master manager not found
2024-11-07 17:25:07,504 file.ManagerServant INFO Master manager not found
2024-11-07 17:25:17,509 file.ManagerServant INFO Master manager not found
2024-11-07 17:25:27,510 file.ManagerServant INFO Master manager not found
2024-11-07 17:25:37,483 file.ManagerServant INFO Master manager not found
2024-11-07 17:25:47,563 file.ManagerServant INFO Master manager not found
2024-11-07 17:25:57,692 file.ManagerServant INFO Master manager not found
2024-11-07 17:26:07,732 file.ManagerServant INFO Master manager not found
2024-11-07 17:26:17,781 file.ManagerServant INFO Master manager not found
2024-11-07 17:26:27,780 file.ManagerServant INFO Master manager not found
2024-11-07 17:26:37,774 file.ManagerServant INFO Master manager not found
2024-11-07 17:26:47,871 file.ManagerServant INFO Master manager not found
2024-11-07 17:26:57,987 file.ManagerServant INFO Master manager not found
2024-11-07 17:27:08,013 file.ManagerServant INFO Master manager not found
2024-11-07 17:27:17,997 file.ManagerServant INFO Master manager not found
2024-11-07 17:27:28,081 file.ManagerServant INFO Master manager not found
2024-11-07 17:27:38,157 file.ManagerServant INFO Master manager not found
2024-11-07 17:27:48,279 file.ManagerServant INFO Master manager not found
2024-11-07 17:27:58,275 file.ManagerServant INFO Master manager not found
2024-11-07 17:28:08,399 file.ManagerServant INFO Master manager not found
2024-11-07 17:28:18,417 file.ManagerServant INFO Master manager not found
2024-11-07 17:28:28,401 file.ManagerServant INFO Master manager not found
2024-11-07 17:28:38,539 file.ManagerServant INFO Master manager not found
2024-11-07 17:28:48,570 file.ManagerServant INFO Master manager not found
2024-11-07 17:28:58,575 file.ManagerServant INFO Master manager not found
2024-11-07 17:29:08,592 file.ManagerServant INFO Master manager not found
2024-11-07 17:29:18,628 file.ManagerServant INFO Master manager not found
2024-11-07 17:29:28,689 file.ManagerServant INFO Master manager not found
2024-11-07 17:29:38,731 file.ManagerServant INFO Master manager not found
2024-11-07 17:29:48,787 file.ManagerServant INFO Master manager not found
2024-11-07 17:29:58,817 file.ManagerServant INFO Master manager not found
2024-11-07 17:30:08,835 file.ManagerServant INFO Master manager not found
2024-11-07 17:30:18,844 file.ManagerServant INFO Master manager not found
2024-11-07 17:30:28,840 file.ManagerServant INFO Master manager not found
2024-11-07 17:30:38,957 file.ManagerServant INFO Master manager not found
2024-11-07 17:30:48,983 file.ManagerServant INFO Master manager not found
2024-11-07 17:30:59,006 file.ManagerServant INFO Master manager not found
2024-11-07 17:31:09,031 file.ManagerServant INFO Master manager not found
2024-11-07 17:31:19,028 file.ManagerServant INFO Master manager not found
2024-11-07 17:31:29,127 file.ManagerServant INFO Master manager not found
2024-11-07 17:31:39,215 file.ManagerServant INFO Master manager not found
2024-11-07 17:31:49,292 file.ManagerServant INFO Master manager not found
2024-11-07 17:31:59,397 file.ManagerServant INFO Master manager not found
2024-11-07 17:32:09,405 file.ManagerServant INFO Master manager not found
2024-11-07 17:32:19,431 file.ManagerServant INFO Master manager not found
2024-11-07 17:32:29,416 file.ManagerServant INFO Master manager not found
2024-11-07 17:32:39,526 file.ManagerServant INFO Master manager not found
2024-11-07 17:32:49,518 file.ManagerServant INFO Master manager not found
2024-11-07 17:32:59,608 file.ManagerServant INFO Master manager not found
2024-11-07 17:33:09,711 file.ManagerServant INFO Master manager not found
2024-11-07 17:33:19,683 file.ManagerServant INFO Master manager not found
2024-11-07 17:33:29,798 file.ManagerServant INFO Master manager not found
2024-11-07 17:33:39,804 file.ManagerServant INFO Master manager not found
2024-11-07 17:33:49,787 file.ManagerServant INFO Master manager not found
2024-11-07 17:33:59,886 file.ManagerServant INFO Master manager not found
2024-11-07 17:34:09,988 file.ManagerServant INFO Master manager not found
2024-11-07 17:34:19,990 file.ManagerServant INFO Master manager not found
2024-11-07 17:34:30,004 file.ManagerServant INFO Master manager not found
2024-11-07 17:34:40,033 file.ManagerServant INFO Master manager not found
2024-11-07 17:34:50,020 file.ManagerServant INFO Master manager not found
2024-11-07 17:35:00,121 file.ManagerServant INFO Master manager not found
2024-11-07 17:35:10,232 file.ManagerServant INFO Master manager not found
2024-11-07 17:35:20,243 file.ManagerServant INFO Master manager not found
2024-11-07 17:35:30,256 file.ManagerServant INFO Master manager not found
2024-11-07 17:35:40,249 file.ManagerServant INFO Master manager not found
2024-11-07 17:35:50,357 file.ManagerServant INFO Master manager not found
2024-11-07 17:36:00,359 file.ManagerServant INFO Master manager not found
2024-11-07 17:36:10,355 file.ManagerServant INFO Master manager not found
2024-11-07 17:36:20,478 file.ManagerServant INFO Master manager not found
2024-11-07 17:36:30,469 file.ManagerServant INFO Master manager not found
2024-11-07 17:36:40,537 file.ManagerServant INFO Master manager not found
2024-11-07 17:36:50,639 file.ManagerServant INFO Master manager not found
2024-11-07 17:37:00,616 file.ManagerServant INFO Master manager not found
2024-11-07 17:37:10,720 file.ManagerServant INFO Master manager not found
2024-11-07 17:37:20,822 file.ManagerServant INFO Master manager not found
2024-11-07 17:37:30,797 file.ManagerServant INFO Master manager not found
2024-11-07 17:37:40,905 file.ManagerServant INFO Master manager not found
2024-11-07 17:37:50,918 file.ManagerServant INFO Master manager not found
2024-11-07 17:38:00,916 file.ManagerServant INFO Master manager not found
2024-11-07 17:38:11,001 file.ManagerServant INFO Master manager not found
2024-11-07 17:38:21,110 file.ManagerServant INFO Master manager not found
2024-11-07 17:38:31,112 file.ManagerServant INFO Master manager not found
2024-11-07 17:38:41,126 file.ManagerServant INFO Master manager not found
2024-11-07 17:38:51,133 file.ManagerServant INFO Master manager not found
2024-11-07 17:39:01,137 file.ManagerServant INFO Master manager not found
2024-11-07 17:39:11,134 file.ManagerServant INFO Master manager not found
2024-11-07 17:39:21,235 file.ManagerServant INFO Master manager not found
2024-11-07 17:39:31,328 file.ManagerServant INFO Master manager not found
2024-11-07 17:39:41,433 file.ManagerServant INFO Master manager not found
2024-11-07 17:39:51,438 file.ManagerServant INFO Master manager not found
2024-11-07 17:40:01,438 file.ManagerServant INFO Master manager not found
2024-11-07 17:40:11,464 file.ManagerServant INFO Master manager not found
2024-11-07 17:40:21,469 file.ManagerServant INFO Master manager not found
2024-11-07 17:40:31,460 file.ManagerServant INFO Master manager not found
2024-11-07 17:40:41,577 file.ManagerServant INFO Master manager not found
2024-11-07 17:40:51,569 file.ManagerServant INFO Master manager not found
2024-11-07 17:41:01,715 file.ManagerServant INFO Master manager not found
2024-11-07 17:41:11,731 file.ManagerServant INFO Master manager not found
2024-11-07 17:41:21,735 file.ManagerServant INFO Master manager not found
2024-11-07 17:41:31,762 file.ManagerServant INFO Master manager not found
2024-11-07 17:41:41,749 file.ManagerServant INFO Master manager not found
2024-11-07 17:41:51,868 file.ManagerServant INFO Master manager not found
2024-11-07 17:42:01,869 file.ManagerServant INFO Master manager not found
2024-11-07 17:42:11,889 file.ManagerServant INFO Master manager not found
2024-11-07 17:42:21,900 file.ManagerServant INFO Master manager not found
2024-11-07 17:42:31,944 file.ManagerServant INFO Master manager not found
2024-11-07 17:42:41,970 file.ManagerServant INFO Master manager not found
2024-11-07 17:42:51,995 file.ManagerServant INFO Master manager not found
2024-11-07 17:43:01,986 file.ManagerServant INFO Master manager not found
2024-11-07 17:43:12,082 file.ManagerServant INFO Master manager not found
2024-11-07 17:43:22,206 file.ManagerServant INFO Master manager not found
2024-11-07 17:43:32,208 file.ManagerServant INFO Master manager not found
2024-11-07 17:43:42,214 file.ManagerServant INFO Master manager not found
2024-11-07 17:43:52,237 file.ManagerServant INFO Master manager not found
2024-11-07 17:44:02,250 file.ManagerServant INFO Master manager not found
2024-11-07 17:44:12,232 file.ManagerServant INFO Master manager not found
2024-11-07 17:44:22,326 file.ManagerServant INFO Master manager not found
2024-11-07 17:44:32,469 file.ManagerServant INFO Master manager not found
2024-11-07 17:44:42,538 file.ManagerServant INFO Master manager not found
2024-11-07 17:44:52,576 file.ManagerServant INFO Master manager not found
2024-11-07 17:45:02,594 file.ManagerServant INFO Master manager not found
2024-11-07 17:45:12,592 file.ManagerServant INFO Master manager not found
2024-11-07 17:45:22,631 file.ManagerServant INFO Master manager not found
2024-11-07 17:45:32,658 file.ManagerServant INFO Master manager not found
2024-11-07 17:45:42,678 file.ManagerServant INFO Master manager not found
2024-11-07 17:45:52,698 file.ManagerServant INFO Master manager not found
2024-11-07 17:46:02,704 file.ManagerServant INFO Master manager not found
2024-11-07 17:46:12,697 file.ManagerServant INFO Master manager not found
2024-11-07 17:46:22,800 file.ManagerServant INFO Master manager not found
2024-11-07 17:46:32,816 file.ManagerServant INFO Master manager not found
2024-11-07 17:46:42,829 file.ManagerServant INFO Master manager not found
2024-11-07 17:46:52,823 file.ManagerServant INFO Master manager not found
2024-11-07 17:47:02,955 file.ManagerServant INFO Master manager not found
2024-11-07 17:47:12,982 file.ManagerServant INFO Master manager not found
2024-11-07 17:47:22,995 file.ManagerServant INFO Master manager not found
2024-11-07 17:47:32,998 file.ManagerServant INFO Master manager not found
2024-11-07 17:47:43,047 file.ManagerServant INFO Master manager not found
2024-11-07 17:47:53,095 file.ManagerServant INFO Master manager not found
2024-11-07 17:48:03,086 file.ManagerServant INFO Master manager not found
2024-11-07 17:48:13,207 file.ManagerServant INFO Master manager not found
2024-11-07 17:48:23,235 file.ManagerServant INFO Master manager not found
2024-11-07 17:48:33,258 file.ManagerServant INFO Master manager not found
2024-11-07 17:48:43,312 file.ManagerServant INFO Master manager not found
2024-11-07 17:48:53,351 file.ManagerServant INFO Master manager not found
2024-11-07 17:49:03,385 file.ManagerServant INFO Master manager not found
2024-11-07 17:49:13,383 file.ManagerServant INFO Master manager not found
2024-11-07 17:49:23,541 file.ManagerServant INFO Master manager not found
2024-11-07 17:49:33,557 file.ManagerServant INFO Master manager not found
2024-11-07 17:49:43,596 file.ManagerServant INFO Master manager not found
2024-11-07 17:49:53,627 file.ManagerServant INFO Master manager not found
2024-11-07 17:50:03,678 file.ManagerServant INFO Master manager not found
2024-11-07 17:50:13,687 file.ManagerServant INFO Master manager not found
2024-11-07 17:50:23,696 file.ManagerServant INFO Master manager not found
2024-11-07 17:50:33,729 file.ManagerServant INFO Master manager not found
2024-11-07 17:50:43,758 file.ManagerServant INFO Master manager not found
2024-11-07 17:50:53,814 file.ManagerServant INFO Master manager not found
2024-11-07 17:51:03,809 file.ManagerServant INFO Master manager not found
2024-11-07 17:51:13,953 file.ManagerServant INFO Master manager not found
2024-11-07 17:51:23,973 file.ManagerServant INFO Master manager not found
2024-11-07 17:51:33,992 file.ManagerServant INFO Master manager not found
2024-11-07 17:51:44,053 file.ManagerServant INFO Master manager not found
2024-11-07 17:51:54,119 file.ManagerServant INFO Master manager not found
2024-11-07 17:52:04,144 file.ManagerServant INFO Master manager not found
2024-11-07 17:52:14,144 file.ManagerServant INFO Master manager not found
2024-11-07 17:52:24,177 file.ManagerServant INFO Master manager not found
2024-11-07 17:52:34,198 file.ManagerServant INFO Master manager not found
2024-11-07 17:52:44,236 file.ManagerServant INFO Master manager not found
2024-11-07 17:52:54,262 file.ManagerServant INFO Master manager not found
2024-11-07 17:53:04,290 file.ManagerServant INFO Master manager not found
2024-11-07 17:53:14,322 file.ManagerServant INFO Master manager not found
2024-11-07 17:53:24,341 file.ManagerServant INFO Master manager not found
2024-11-07 17:53:34,345 file.ManagerServant INFO Master manager not found
2024-11-07 17:53:44,331 file.ManagerServant INFO Master manager not found
2024-11-07 17:53:54,400 file.ManagerServant INFO Master manager not found
2024-11-07 17:54:04,470 file.ManagerServant INFO Master manager not found
2024-11-07 17:54:14,572 file.ManagerServant INFO Master manager not found
2024-11-07 17:54:24,578 file.ManagerServant INFO Master manager not found
2024-11-07 17:54:34,578 file.ManagerServant INFO Master manager not found
2024-11-07 17:54:44,591 file.ManagerServant INFO Master manager not found
2024-11-07 17:54:54,631 file.ManagerServant INFO Master manager not found
2024-11-07 17:55:04,637 file.ManagerServant INFO Master manager not found
2024-11-07 17:55:14,624 file.ManagerServant INFO Master manager not found
2024-11-07 17:55:24,731 file.ManagerServant INFO Master manager not found
2024-11-07 17:55:34,744 file.ManagerServant INFO Master manager not found
2024-11-07 17:55:44,770 file.ManagerServant INFO Master manager not found
2024-11-07 17:55:54,782 file.ManagerServant INFO Master manager not found
2024-11-07 17:56:04,810 file.ManagerServant INFO Master manager not found
2024-11-07 17:56:14,823 file.ManagerServant INFO Master manager not found
2024-11-07 17:56:24,829 file.ManagerServant INFO Master manager not found
2024-11-07 17:56:34,864 file.ManagerServant INFO Master manager not found
2024-11-07 17:56:44,886 file.ManagerServant INFO Master manager not found
2024-11-07 17:56:54,904 file.ManagerServant INFO Master manager not found
2024-11-07 17:57:04,942 file.ManagerServant INFO Master manager not found
2024-11-07 17:57:14,942 file.ManagerServant INFO Master manager not found
2024-11-07 17:57:25,067 file.ManagerServant INFO Master manager not found
2024-11-07 17:57:35,067 file.ManagerServant INFO Master manager not found
2024-11-07 17:57:45,177 file.ManagerServant INFO Master manager not found
2024-11-07 17:57:55,219 file.ManagerServant INFO Master manager not found
2024-11-07 17:58:05,233 file.ManagerServant INFO Master manager not found
2024-11-07 17:58:15,220 file.ManagerServant INFO Master manager not found
2024-11-07 17:58:25,328 file.ManagerServant INFO Master manager not found
2024-11-07 17:58:35,328 file.ManagerServant INFO Master manager not found
2024-11-07 17:58:45,431 file.ManagerServant INFO Master manager not found
2024-11-07 17:58:55,509 file.ManagerServant INFO Master manager not found
2024-11-07 17:59:05,598 file.ManagerServant INFO Master manager not found
2024-11-07 17:59:15,701 file.ManagerServant INFO Master manager not found
2024-11-07 17:59:25,682 file.ManagerServant INFO Master manager not found
2024-11-07 17:59:35,778 file.ManagerServant INFO Master manager not found
2024-11-07 17:59:45,848 file.ManagerServant INFO Master manager not found
2024-11-07 17:59:55,947 file.ManagerServant INFO Master manager not found
2024-11-07 18:00:05,940 file.ManagerServant INFO Master manager not found
2024-11-07 18:00:16,052 file.ManagerServant INFO Master manager not found
2024-11-07 18:00:26,052 file.ManagerServant INFO Master manager not found
2024-11-07 18:00:36,189 file.ManagerServant INFO Master manager not found
2024-11-07 18:00:46,186 file.ManagerServant INFO Master manager not found
2024-11-07 18:00:56,283 file.ManagerServant INFO Master manager not found
2024-11-07 18:01:06,413 file.ManagerServant INFO Master manager not found
2024-11-07 18:01:16,419 file.ManagerServant INFO Master manager not found
2024-11-07 18:01:26,417 file.ManagerServant INFO Master manager not found
2024-11-07 18:01:36,537 file.ManagerServant INFO Master manager not found
2024-11-07 18:01:46,535 file.ManagerServant INFO Master manager not found
2024-11-07 18:01:56,568 file.ManagerServant INFO Master manager not found
2024-11-07 18:02:06,584 file.ManagerServant INFO Master manager not found
2024-11-07 18:02:16,627 file.ManagerServant INFO Master manager not found
2024-11-07 18:02:26,642 file.ManagerServant INFO Master manager not found
2024-11-07 18:02:36,661 file.ManagerServant INFO Master manager not found
2024-11-07 18:02:46,665 file.ManagerServant INFO Master manager not found
2024-11-07 18:02:56,684 file.ManagerServant INFO Master manager not found
2024-11-07 18:03:06,697 file.ManagerServant INFO Master manager not found
2024-11-07 18:03:16,721 file.ManagerServant INFO Master manager not found
2024-11-07 18:03:26,730 file.ManagerServant INFO Master manager not found
2024-11-07 18:03:36,742 file.ManagerServant INFO Master manager not found
2024-11-07 18:03:46,764 file.ManagerServant INFO Master manager not found
2024-11-07 18:03:56,783 file.ManagerServant INFO Master manager not found
2024-11-07 18:04:06,808 file.ManagerServant INFO Master manager not found
2024-11-07 18:04:16,830 file.ManagerServant INFO Master manager not found
2024-11-07 18:04:26,856 file.ManagerServant INFO Master manager not found
2024-11-07 18:04:36,890 file.ManagerServant INFO Master manager not found
2024-11-07 18:04:46,909 file.ManagerServant INFO Master manager not found
2024-11-07 18:04:56,933 file.ManagerServant INFO Master manager not found
2024-11-07 18:05:06,927 file.ManagerServant INFO Master manager not found
2024-11-07 18:05:17,036 file.ManagerServant INFO Master manager not found
2024-11-07 18:05:27,067 file.ManagerServant INFO Master manager not found
2024-11-07 18:05:37,071 file.ManagerServant INFO Master manager not found
2024-11-07 18:05:47,070 file.ManagerServant INFO Master manager not found
2024-11-07 18:05:57,157 file.ManagerServant INFO Master manager not found
2024-11-07 18:06:07,236 file.ManagerServant INFO Master manager not found
2024-11-07 18:06:17,324 file.ManagerServant INFO Master manager not found
2024-11-07 18:06:27,407 file.ManagerServant INFO Master manager not found
2024-11-07 18:06:37,497 file.ManagerServant INFO Master manager not found
2024-11-07 18:06:47,589 file.ManagerServant INFO Master manager not found
2024-11-07 18:06:57,695 file.ManagerServant INFO Master manager not found
2024-11-07 18:07:07,699 file.ManagerServant INFO Master manager not found
2024-11-07 18:07:17,732 file.ManagerServant INFO Master manager not found
2024-11-07 18:07:27,731 file.ManagerServant INFO Master manager not found
2024-11-07 18:07:37,757 file.ManagerServant INFO Master manager not found
2024-11-07 18:07:47,802 file.ManagerServant INFO Master manager not found
2024-11-07 18:07:57,834 file.ManagerServant INFO Master manager not found
2024-11-07 18:08:07,844 file.ManagerServant INFO Master manager not found
2024-11-07 18:08:17,842 file.ManagerServant INFO Master manager not found
2024-11-07 18:08:27,954 file.ManagerServant INFO Master manager not found
2024-11-07 18:08:37,989 file.ManagerServant INFO Master manager not found
2024-11-07 18:08:48,009 file.ManagerServant INFO Master manager not found
2024-11-07 18:08:58,011 file.ManagerServant INFO Master manager not found
2024-11-07 18:09:08,148 file.ManagerServant INFO Master manager not found
2024-11-07 18:09:18,158 file.ManagerServant INFO Master manager not found
2024-11-07 18:09:28,160 file.ManagerServant INFO Master manager not found
2024-11-07 18:09:38,177 file.ManagerServant INFO Master manager not found
2024-11-07 18:09:48,189 file.ManagerServant INFO Master manager not found
2024-11-07 18:09:58,194 file.ManagerServant INFO Master manager not found
2024-11-07 18:10:08,218 file.ManagerServant INFO Master manager not found
2024-11-07 18:10:18,240 file.ManagerServant INFO Master manager not found
2024-11-07 18:10:28,263 file.ManagerServant INFO Master manager not found
2024-11-07 18:10:38,265 file.ManagerServant INFO Master manager not found
2024-11-07 18:10:48,293 file.ManagerServant INFO Master manager not found
2024-11-07 18:10:58,334 file.ManagerServant INFO Master manager not found
2024-11-07 18:11:08,316 file.ManagerServant INFO Master manager not found
2024-11-07 18:11:18,400 file.ManagerServant INFO Master manager not found
2024-11-07 18:11:28,470 file.ManagerServant INFO Master manager not found
2024-11-07 18:11:38,577 file.ManagerServant INFO Master manager not found
2024-11-07 18:11:48,582 file.ManagerServant INFO Master manager not found
2024-11-07 18:11:58,575 file.ManagerServant INFO Master manager not found
2024-11-07 18:12:08,674 file.ManagerServant INFO Master manager not found
2024-11-07 18:12:18,670 file.ManagerServant INFO Master manager not found
2024-11-07 18:12:28,767 file.ManagerServant INFO Master manager not found
2024-11-07 18:12:38,767 file.ManagerServant INFO Master manager not found
2024-11-07 18:12:48,793 file.ManagerServant INFO Master manager not found
2024-11-07 18:12:58,797 file.ManagerServant INFO Master manager not found
2024-11-07 18:13:08,817 file.ManagerServant INFO Master manager not found
2024-11-07 18:13:18,841 file.ManagerServant INFO Master manager not found
2024-11-07 18:13:28,847 file.ManagerServant INFO Master manager not found
2024-11-07 18:13:38,856 file.ManagerServant INFO Master manager not found
2024-11-07 18:13:48,853 file.ManagerServant INFO Master manager not found
2024-11-07 18:13:58,875 file.ManagerServant INFO Master manager not found
2024-11-07 18:14:08,913 file.ManagerServant INFO Master manager not found
2024-11-07 18:14:18,916 file.ManagerServant INFO Master manager not found
2024-11-07 18:14:28,930 file.ManagerServant INFO Master manager not found
2024-11-07 18:14:38,932 file.ManagerServant INFO Master manager not found
2024-11-07 18:14:48,956 file.ManagerServant INFO Master manager not found
2024-11-07 18:14:58,973 file.ManagerServant INFO Master manager not found
2024-11-07 18:15:08,975 file.ManagerServant INFO Master manager not found
2024-11-07 18:15:18,993 file.ManagerServant INFO Master manager not found
2024-11-07 18:15:28,999 file.ManagerServant INFO Master manager not found
2024-11-07 18:15:39,021 file.ManagerServant INFO Master manager not found
2024-11-07 18:15:49,030 file.ManagerServant INFO Master manager not found
2024-11-07 18:15:59,040 file.ManagerServant INFO Master manager not found
2024-11-07 18:16:09,019 file.ManagerServant INFO Master manager not found
2024-11-07 18:16:19,156 file.ManagerServant INFO Master manager not found
2024-11-07 18:16:29,210 file.ManagerServant INFO Master manager not found
2024-11-07 18:16:39,239 file.ManagerServant INFO Master manager not found
2024-11-07 18:16:49,251 file.ManagerServant INFO Master manager not found
2024-11-07 18:16:59,276 file.ManagerServant INFO Master manager not found
2024-11-07 18:17:09,295 file.ManagerServant INFO Master manager not found
2024-11-07 18:17:19,299 file.ManagerServant INFO Master manager not found
2024-11-07 18:17:29,340 file.ManagerServant INFO Master manager not found
2024-11-07 18:17:39,396 file.ManagerServant INFO Master manager not found
2024-11-07 18:17:49,455 file.ManagerServant INFO Master manager not found
2024-11-07 18:17:59,476 file.ManagerServant INFO Master manager not found
2024-11-07 18:18:09,496 file.ManagerServant INFO Master manager not found
2024-11-07 18:18:19,522 file.ManagerServant INFO Master manager not found
2024-11-07 18:18:29,562 file.ManagerServant INFO Master manager not found
2024-11-07 18:18:39,582 file.ManagerServant INFO Master manager not found
2024-11-07 18:18:49,624 file.ManagerServant INFO Master manager not found
2024-11-07 18:18:59,665 file.ManagerServant INFO Master manager not found
2024-11-07 18:19:09,688 file.ManagerServant INFO Master manager not found
2024-11-07 18:19:19,728 file.ManagerServant INFO Master manager not found
2024-11-07 18:19:29,774 file.ManagerServant INFO Master manager not found
2024-11-07 18:19:39,799 file.ManagerServant INFO Master manager not found
2024-11-07 18:19:49,773 file.ManagerServant INFO Master manager not found
2024-11-07 18:19:59,855 file.ManagerServant INFO Master manager not found
2024-11-07 18:20:09,920 file.ManagerServant INFO Master manager not found
2024-11-07 18:20:20,005 file.ManagerServant INFO Master manager not found
2024-11-07 18:20:30,100 file.ManagerServant INFO Master manager not found
2024-11-07 18:20:40,181 file.ManagerServant INFO Master manager not found
2024-11-07 18:20:50,304 file.ManagerServant INFO Master manager not found
2024-11-07 18:21:00,318 file.ManagerServant INFO Master manager not found
2024-11-07 18:21:10,335 file.ManagerServant INFO Master manager not found
2024-11-07 18:21:20,306 file.ManagerServant INFO Master manager not found
2024-11-07 18:21:30,396 file.ManagerServant INFO Master manager not found
2024-11-07 18:21:40,513 file.ManagerServant INFO Master manager not found
2024-11-07 18:21:50,531 file.ManagerServant INFO Master manager not found
2024-11-07 18:22:00,550 file.ManagerServant INFO Master manager not found
2024-11-07 18:22:10,587 file.ManagerServant INFO Master manager not found
2024-11-07 18:22:20,552 file.ManagerServant INFO Master manager not found
2024-11-07 18:22:30,672 file.ManagerServant INFO Master manager not found
2024-11-07 18:22:40,678 file.ManagerServant INFO Master manager not found
2024-11-07 18:22:50,675 file.ManagerServant INFO Master manager not found
2024-11-07 18:23:00,811 file.ManagerServant INFO Master manager not found
2024-11-07 18:23:10,831 file.ManagerServant INFO Master manager not found
2024-11-07 18:23:20,818 file.ManagerServant INFO Master manager not found
2024-11-07 18:23:30,922 file.ManagerServant INFO Master manager not found
2024-11-07 18:23:40,942 file.ManagerServant INFO Master manager not found
2024-11-07 18:23:50,964 file.ManagerServant INFO Master manager not found
2024-11-07 18:24:00,991 file.ManagerServant INFO Master manager not found
2024-11-07 18:24:11,011 file.ManagerServant INFO Master manager not found
2024-11-07 18:24:21,043 file.ManagerServant INFO Master manager not found
2024-11-07 18:24:31,085 file.ManagerServant INFO Master manager not found
2024-11-07 18:24:41,122 file.ManagerServant INFO Master manager not found
2024-11-07 18:24:51,122 file.ManagerServant INFO Master manager not found
2024-11-07 18:25:01,239 file.ManagerServant INFO Master manager not found
2024-11-07 18:25:11,262 file.ManagerServant INFO Master manager not found
2024-11-07 18:25:21,260 file.ManagerServant INFO Master manager not found
2024-11-07 18:25:31,304 file.ManagerServant INFO Master manager not found
2024-11-07 18:25:41,302 file.ManagerServant INFO Master manager not found
2024-11-07 18:25:51,367 file.ManagerServant INFO Master manager not found
2024-11-07 18:26:01,413 file.ManagerServant INFO Master manager not found
2024-11-07 18:26:11,445 file.ManagerServant INFO Master manager not found
2024-11-07 18:26:21,488 file.ManagerServant INFO Master manager not found
2024-11-07 18:26:31,509 file.ManagerServant INFO Master manager not found
2024-11-07 18:26:41,539 file.ManagerServant INFO Master manager not found
2024-11-07 18:26:51,578 file.ManagerServant INFO Master manager not found
2024-11-07 18:27:01,604 file.ManagerServant INFO Master manager not found
2024-11-07 18:27:11,654 file.ManagerServant INFO Master manager not found
2024-11-07 18:27:21,684 file.ManagerServant INFO Master manager not found
2024-11-07 18:27:31,678 file.ManagerServant INFO Master manager not found
2024-11-07 18:27:41,771 file.ManagerServant INFO Master manager not found
2024-11-07 18:27:51,893 file.ManagerServant INFO Master manager not found
2024-11-07 18:28:01,910 file.ManagerServant INFO Master manager not found
2024-11-07 18:28:11,943 file.ManagerServant INFO Master manager not found
2024-11-07 18:28:21,971 file.ManagerServant INFO Master manager not found
2024-11-07 18:28:31,986 file.ManagerServant INFO Master manager not found
2024-11-07 18:28:41,987 file.ManagerServant INFO Master manager not found
2024-11-07 18:28:52,095 file.ManagerServant INFO Master manager not found
2024-11-07 18:29:02,088 file.ManagerServant INFO Master manager not found
2024-11-07 18:29:12,211 file.ManagerServant INFO Master manager not found
2024-11-07 18:29:22,195 file.ManagerServant INFO Master manager not found
2024-11-07 18:29:32,299 file.ManagerServant INFO Master manager not found
2024-11-07 18:29:42,317 file.ManagerServant INFO Master manager not found
2024-11-07 18:29:52,375 file.ManagerServant INFO Master manager not found
