2024-10-24 18:27:43,746 file.manager INFO 2.0.2
2024-10-24 18:27:43,746 file.manager INFO Copyright (C) 2003-2024, Noriaki Ando and OpenRTM development team,
2024-10-24 18:27:43,746 file.manager INFO   Intelligent Systems Research Institute, AIST,
2024-10-24 18:27:43,746 file.manager INFO Copyright (C) 2024, Noriaki Ando and OpenRTM development team,
2024-10-24 18:27:43,746 file.manager INFO   Industrial Cyber-Physical Research Center, AIST,
2024-10-24 18:27:43,746 file.manager INFO   All right reserved.
2024-10-24 18:27:43,746 file.manager INFO Manager starting.
2024-10-24 18:27:43,746 file.manager INFO Starting local logging.
2024-10-24 18:27:43,750 file.manager.namingmanager INFO NameServer connection succeeded: corba/localhost
2024-10-24 18:27:47,857 file.ManagerServant INFO Master manager not found
2024-10-24 18:27:47,857 file.LocalServiceAdmin INFO All the local services are enabled.
2024-10-24 18:27:47,863 file.manager INFO Component type conf file: Motor.conf loaded.
2024-10-24 18:27:47,863 file.ec_base INFO setRate(1000000.000000) done
2024-10-24 18:27:47,863 file.ec_base INFO setRate(1000.000000) done
2024-10-24 18:27:47,863 file.rtobject INFO 1 execution context was created.
2024-10-24 18:27:47,863 file.rtobject INFO Initial active configuration set is default.
2024-10-24 18:28:01,966 file.ManagerServant INFO Master manager not found
2024-10-24 18:28:12,027 file.ManagerServant INFO Master manager not found
2024-10-24 18:28:14,060 file.SdoServiceAdmin WARNING No available SDO service in the factory: 
2024-10-24 18:28:14,060 file.SdoServiceAdmin ERROR type  not exists.
2024-10-24 18:28:22,110 file.ManagerServant INFO Master manager not found
2024-10-24 18:28:32,268 file.ManagerServant INFO Master manager not found
2024-10-24 18:28:42,291 file.ManagerServant INFO Master manager not found
2024-10-24 18:28:52,329 file.ManagerServant INFO Master manager not found
2024-10-24 18:29:02,354 file.ManagerServant INFO Master manager not found
2024-10-24 18:29:12,385 file.ManagerServant INFO Master manager not found
2024-10-24 18:29:22,414 file.ManagerServant INFO Master manager not found
2024-10-24 18:29:32,445 file.ManagerServant INFO Master manager not found
2024-10-24 18:29:42,431 file.ManagerServant INFO Master manager not found
2024-10-24 18:29:52,555 file.ManagerServant INFO Master manager not found
2024-10-24 18:30:02,562 file.ManagerServant INFO Master manager not found
2024-10-24 18:30:12,591 file.ManagerServant INFO Master manager not found
2024-10-24 18:30:22,581 file.ManagerServant INFO Master manager not found
2024-10-24 18:30:32,710 file.ManagerServant INFO Master manager not found
2024-10-24 18:30:42,727 file.ManagerServant INFO Master manager not found
2024-10-24 18:30:52,780 file.ManagerServant INFO Master manager not found
2024-10-24 18:31:02,769 file.ManagerServant INFO Master manager not found
2024-10-24 18:31:12,848 file.ManagerServant INFO Master manager not found
2024-10-24 18:31:22,976 file.ManagerServant INFO Master manager not found
2024-10-24 18:31:32,964 file.ManagerServant INFO Master manager not found
2024-10-24 18:31:43,055 file.ManagerServant INFO Master manager not found
2024-10-24 18:31:53,126 file.ManagerServant INFO Master manager not found
2024-10-24 18:32:03,234 file.ManagerServant INFO Master manager not found
2024-10-24 18:32:13,273 file.ManagerServant INFO Master manager not found
2024-10-24 18:32:23,271 file.ManagerServant INFO Master manager not found
2024-10-24 18:32:33,367 file.ManagerServant INFO Master manager not found
2024-10-24 18:32:43,446 file.ManagerServant INFO Master manager not found
2024-10-24 18:32:53,532 file.ManagerServant INFO Master manager not found
2024-10-24 18:33:03,613 file.ManagerServant INFO Master manager not found
2024-10-24 18:33:13,711 file.ManagerServant INFO Master manager not found
2024-10-24 18:33:23,828 file.ManagerServant INFO Master manager not found
2024-10-24 18:33:33,811 file.ManagerServant INFO Master manager not found
2024-10-24 18:33:43,945 file.ManagerServant INFO Master manager not found
2024-10-24 18:33:53,937 file.ManagerServant INFO Master manager not found
2024-10-24 18:34:04,039 file.ManagerServant INFO Master manager not found
2024-10-24 18:34:13,996 file.ManagerServant INFO Master manager not found
2024-10-24 18:34:24,130 file.ManagerServant INFO Master manager not found
