2024-11-07 14:38:48,721 file.manager INFO 2.0.2
2024-11-07 14:38:48,721 file.manager INFO Copyright (C) 2003-2024, Noriaki Ando and OpenRTM development team,
2024-11-07 14:38:48,721 file.manager INFO   Intelligent Systems Research Institute, AIST,
2024-11-07 14:38:48,721 file.manager INFO Copyright (C) 2024, Noriaki Ando and OpenRTM development team,
2024-11-07 14:38:48,721 file.manager INFO   Industrial Cyber-Physical Research Center, AIST,
2024-11-07 14:38:48,721 file.manager INFO   All right reserved.
2024-11-07 14:38:48,721 file.manager INFO Manager starting.
2024-11-07 14:38:48,721 file.manager INFO Starting local logging.
2024-11-07 14:38:52,800 file.manager.namingmanager INFO NameServer connection failed: corba/localhost
2024-11-07 14:38:56,874 file.ManagerServant INFO Master manager not found
2024-11-07 14:38:56,874 file.LocalServiceAdmin INFO All the local services are enabled.
2024-11-07 14:38:56,874 file.manager INFO Component type conf file: Motor.conf loaded.
2024-11-07 14:38:56,874 file.ec_base INFO setRate(1000000.000000) done
2024-11-07 14:38:56,874 file.ec_base INFO setRate(1000.000000) done
2024-11-07 14:38:56,874 file.rtobject INFO 1 execution context was created.
2024-11-07 14:38:56,874 file.rtobject INFO Initial active configuration set is default.
2024-11-07 14:39:10,999 file.manager.namingmanager INFO NameServer connection failed: corba/localhost
2024-11-07 14:39:15,048 file.ManagerServant INFO Master manager not found
2024-11-07 14:39:21,009 file.manager.namingmanager INFO NameServer connection failed: corba/localhost
2024-11-07 14:39:25,103 file.ManagerServant INFO Master manager not found
2024-11-07 14:39:31,107 file.manager.namingmanager INFO NameServer connection failed: corba/localhost
2024-11-07 14:39:35,180 file.ManagerServant INFO Master manager not found
2024-11-07 14:39:41,176 file.manager.namingmanager INFO NameServer connection failed: corba/localhost
2024-11-07 14:39:45,220 file.ManagerServant INFO Master manager not found
2024-11-07 14:39:51,193 file.manager.namingmanager INFO NameServer connection failed: corba/localhost
2024-11-07 14:39:55,248 file.ManagerServant INFO Master manager not found
2024-11-07 14:40:01,220 file.manager.namingmanager INFO NameServer connection failed: corba/localhost
2024-11-07 14:40:05,285 file.ManagerServant INFO Master manager not found
2024-11-07 14:40:11,273 file.manager.namingmanager INFO NameServer connection failed: corba/localhost
2024-11-07 14:40:15,363 file.ManagerServant INFO Master manager not found
2024-11-07 14:40:21,317 file.manager.namingmanager INFO NameServer connection failed: corba/localhost
2024-11-07 14:40:25,363 file.ManagerServant INFO Master manager not found
2024-11-07 14:40:31,423 file.manager.namingmanager INFO NameServer connection failed: corba/localhost
2024-11-07 14:40:35,492 file.ManagerServant INFO Master manager not found
2024-11-07 14:40:41,449 file.manager.namingmanager INFO NameServer connection failed: corba/localhost
2024-11-07 14:40:45,528 file.ManagerServant INFO Master manager not found
2024-11-07 14:40:51,515 file.manager.namingmanager INFO NameServer connection failed: corba/localhost
2024-11-07 14:40:55,606 file.ManagerServant INFO Master manager not found
2024-11-07 14:40:57,544 file.manager.namingmanager INFO NameServer connection succeeded: corba/localhost
2024-11-07 14:40:57,544 file.manager.namingmanager INFO Connected to a name server: corba/localhost
2024-11-07 14:41:01,618 file.ManagerServant INFO Master manager not found
2024-11-07 14:41:11,630 file.ManagerServant INFO Master manager not found
2024-11-07 14:41:21,656 file.ManagerServant INFO Master manager not found
2024-11-07 14:41:31,686 file.ManagerServant INFO Master manager not found
2024-11-07 14:41:41,710 file.ManagerServant INFO Master manager not found
2024-11-07 14:41:51,744 file.ManagerServant INFO Master manager not found
2024-11-07 14:42:01,721 file.ManagerServant INFO Master manager not found
2024-11-07 14:42:11,820 file.ManagerServant INFO Master manager not found
2024-11-07 14:42:21,910 file.ManagerServant INFO Master manager not found
2024-11-07 14:42:31,988 file.ManagerServant INFO Master manager not found
2024-11-07 14:42:42,081 file.ManagerServant INFO Master manager not found
2024-11-07 14:42:52,163 file.ManagerServant INFO Master manager not found
2024-11-07 14:43:02,286 file.ManagerServant INFO Master manager not found
2024-11-07 14:43:12,276 file.ManagerServant INFO Master manager not found
2024-11-07 14:43:22,400 file.ManagerServant INFO Master manager not found
2024-11-07 14:43:32,406 file.ManagerServant INFO Master manager not found
2024-11-07 14:43:42,447 file.ManagerServant INFO Master manager not found
2024-11-07 14:43:52,460 file.ManagerServant INFO Master manager not found
2024-11-07 14:44:02,492 file.ManagerServant INFO Master manager not found
2024-11-07 14:44:12,509 file.ManagerServant INFO Master manager not found
2024-11-07 14:44:22,532 file.ManagerServant INFO Master manager not found
2024-11-07 14:44:32,548 file.ManagerServant INFO Master manager not found
2024-11-07 14:44:42,586 file.ManagerServant INFO Master manager not found
2024-11-07 14:44:52,630 file.ManagerServant INFO Master manager not found
2024-11-07 14:45:02,654 file.ManagerServant INFO Master manager not found
2024-11-07 14:45:12,710 file.ManagerServant INFO Master manager not found
2024-11-07 14:45:22,738 file.ManagerServant INFO Master manager not found
2024-11-07 14:45:32,792 file.ManagerServant INFO Master manager not found
2024-11-07 14:45:42,806 file.ManagerServant INFO Master manager not found
2024-11-07 14:45:52,835 file.ManagerServant INFO Master manager not found
2024-11-07 14:46:02,874 file.ManagerServant INFO Master manager not found
2024-11-07 14:46:12,926 file.ManagerServant INFO Master manager not found
2024-11-07 14:46:22,972 file.ManagerServant INFO Master manager not found
2024-11-07 14:46:33,034 file.ManagerServant INFO Master manager not found
2024-11-07 14:46:43,058 file.ManagerServant INFO Master manager not found
2024-11-07 14:46:53,094 file.ManagerServant INFO Master manager not found
2024-11-07 14:47:03,133 file.ManagerServant INFO Master manager not found
2024-11-07 14:47:13,169 file.ManagerServant INFO Master manager not found
2024-11-07 14:47:23,173 file.ManagerServant INFO Master manager not found
2024-11-07 14:47:33,192 file.ManagerServant INFO Master manager not found
2024-11-07 14:47:43,223 file.ManagerServant INFO Master manager not found
2024-11-07 14:47:53,222 file.ManagerServant INFO Master manager not found
2024-11-07 14:48:03,337 file.ManagerServant INFO Master manager not found
2024-11-07 14:48:13,337 file.ManagerServant INFO Master manager not found
2024-11-07 14:48:23,353 file.ManagerServant INFO Master manager not found
2024-11-07 14:48:33,359 file.ManagerServant INFO Master manager not found
2024-11-07 14:48:43,362 file.ManagerServant INFO Master manager not found
2024-11-07 14:48:53,461 file.ManagerServant INFO Master manager not found
2024-11-07 14:49:03,468 file.ManagerServant INFO Master manager not found
2024-11-07 14:49:13,468 file.ManagerServant INFO Master manager not found
2024-11-07 14:49:23,475 file.ManagerServant INFO Master manager not found
2024-11-07 14:49:33,484 file.ManagerServant INFO Master manager not found
2024-11-07 14:49:43,475 file.ManagerServant INFO Master manager not found
2024-11-07 14:49:53,589 file.ManagerServant INFO Master manager not found
2024-11-07 14:50:03,575 file.ManagerServant INFO Master manager not found
2024-11-07 14:50:13,704 file.ManagerServant INFO Master manager not found
2024-11-07 14:50:23,720 file.ManagerServant INFO Master manager not found
2024-11-07 14:50:33,735 file.ManagerServant INFO Master manager not found
2024-11-07 14:50:43,739 file.ManagerServant INFO Master manager not found
2024-11-07 14:50:53,756 file.ManagerServant INFO Master manager not found
2024-11-07 14:51:03,764 file.ManagerServant INFO Master manager not found
2024-11-07 14:51:13,753 file.ManagerServant INFO Master manager not found
2024-11-07 14:51:23,867 file.ManagerServant INFO Master manager not found
2024-11-07 14:51:33,903 file.ManagerServant INFO Master manager not found
2024-11-07 14:51:43,936 file.ManagerServant INFO Master manager not found
2024-11-07 14:51:53,952 file.ManagerServant INFO Master manager not found
2024-11-07 14:52:03,986 file.ManagerServant INFO Master manager not found
2024-11-07 14:52:14,017 file.ManagerServant INFO Master manager not found
2024-11-07 14:52:24,017 file.ManagerServant INFO Master manager not found
2024-11-07 14:52:34,111 file.ManagerServant INFO Master manager not found
2024-11-07 14:52:44,194 file.ManagerServant INFO Master manager not found
2024-11-07 14:52:54,288 file.ManagerServant INFO Master manager not found
2024-11-07 14:53:04,382 file.ManagerServant INFO Master manager not found
2024-11-07 14:53:14,490 file.ManagerServant INFO Master manager not found
2024-11-07 14:53:24,518 file.ManagerServant INFO Master manager not found
2024-11-07 14:53:34,515 file.ManagerServant INFO Master manager not found
2024-11-07 14:53:44,608 file.ManagerServant INFO Master manager not found
2024-11-07 14:53:54,738 file.ManagerServant INFO Master manager not found
2024-11-07 14:54:04,767 file.ManagerServant INFO Master manager not found
2024-11-07 14:54:14,796 file.ManagerServant INFO Master manager not found
2024-11-07 14:54:24,823 file.ManagerServant INFO Master manager not found
2024-11-07 14:54:34,849 file.ManagerServant INFO Master manager not found
2024-11-07 14:54:44,874 file.ManagerServant INFO Master manager not found
2024-11-07 14:54:54,885 file.ManagerServant INFO Master manager not found
2024-11-07 14:55:04,881 file.ManagerServant INFO Master manager not found
2024-11-07 14:55:14,975 file.ManagerServant INFO Master manager not found
2024-11-07 14:55:25,074 file.ManagerServant INFO Master manager not found
2024-11-07 14:55:35,088 file.ManagerServant INFO Master manager not found
2024-11-07 14:55:45,079 file.ManagerServant INFO Master manager not found
2024-11-07 14:55:55,236 file.ManagerServant INFO Master manager not found
2024-11-07 14:56:05,280 file.ManagerServant INFO Master manager not found
2024-11-07 14:56:15,290 file.ManagerServant INFO Master manager not found
2024-11-07 14:56:25,285 file.ManagerServant INFO Master manager not found
2024-11-07 14:56:35,389 file.ManagerServant INFO Master manager not found
2024-11-07 14:56:45,517 file.ManagerServant INFO Master manager not found
2024-11-07 14:56:55,516 file.ManagerServant INFO Master manager not found
2024-11-07 14:57:05,530 file.ManagerServant INFO Master manager not found
2024-11-07 14:57:15,549 file.ManagerServant INFO Master manager not found
2024-11-07 14:57:25,541 file.ManagerServant INFO Master manager not found
2024-11-07 14:57:35,645 file.ManagerServant INFO Master manager not found
2024-11-07 14:57:45,659 file.ManagerServant INFO Master manager not found
2024-11-07 14:57:55,694 file.ManagerServant INFO Master manager not found
2024-11-07 14:58:05,699 file.ManagerServant INFO Master manager not found
2024-11-07 14:58:15,703 file.ManagerServant INFO Master manager not found
2024-11-07 14:58:25,682 file.ManagerServant INFO Master manager not found
2024-11-07 14:58:35,777 file.ManagerServant INFO Master manager not found
2024-11-07 14:58:45,866 file.ManagerServant INFO Master manager not found
2024-11-07 14:58:55,957 file.ManagerServant INFO Master manager not found
2024-11-07 14:59:06,060 file.ManagerServant INFO Master manager not found
2024-11-07 14:59:16,045 file.ManagerServant INFO Master manager not found
2024-11-07 14:59:26,142 file.ManagerServant INFO Master manager not found
2024-11-07 14:59:36,251 file.ManagerServant INFO Master manager not found
2024-11-07 14:59:46,251 file.ManagerServant INFO Master manager not found
2024-11-07 14:59:56,269 file.ManagerServant INFO Master manager not found
2024-11-07 15:00:06,238 file.ManagerServant INFO Master manager not found
2024-11-07 15:00:16,345 file.ManagerServant INFO Master manager not found
2024-11-07 15:00:26,382 file.ManagerServant INFO Master manager not found
2024-11-07 15:00:36,384 file.ManagerServant INFO Master manager not found
2024-11-07 15:00:46,374 file.ManagerServant INFO Master manager not found
2024-11-07 15:00:56,475 file.ManagerServant INFO Master manager not found
2024-11-07 15:01:06,456 file.ManagerServant INFO Master manager not found
2024-11-07 15:01:16,619 file.ManagerServant INFO Master manager not found
2024-11-07 15:01:26,599 file.ManagerServant INFO Master manager not found
2024-11-07 15:01:36,698 file.ManagerServant INFO Master manager not found
2024-11-07 15:01:46,764 file.ManagerServant INFO Master manager not found
2024-11-07 15:01:56,859 file.ManagerServant INFO Master manager not found
2024-11-07 15:02:06,955 file.ManagerServant INFO Master manager not found
2024-11-07 15:02:17,072 file.ManagerServant INFO Master manager not found
2024-11-07 15:02:27,050 file.ManagerServant INFO Master manager not found
2024-11-07 15:02:37,130 file.ManagerServant INFO Master manager not found
2024-11-07 15:02:47,228 file.ManagerServant INFO Master manager not found
2024-11-07 15:02:57,330 file.ManagerServant INFO Master manager not found
2024-11-07 15:03:07,318 file.ManagerServant INFO Master manager not found
2024-11-07 15:03:17,428 file.ManagerServant INFO Master manager not found
2024-11-07 15:03:27,444 file.ManagerServant INFO Master manager not found
2024-11-07 15:03:37,471 file.ManagerServant INFO Master manager not found
2024-11-07 15:03:47,472 file.ManagerServant INFO Master manager not found
2024-11-07 15:03:57,441 file.ManagerServant INFO Master manager not found
2024-11-07 15:04:07,512 file.ManagerServant INFO Master manager not found
2024-11-07 15:04:17,596 file.ManagerServant INFO Master manager not found
2024-11-07 15:04:27,686 file.ManagerServant INFO Master manager not found
2024-11-07 15:04:37,763 file.ManagerServant INFO Master manager not found
2024-11-07 15:04:47,881 file.ManagerServant INFO Master manager not found
2024-11-07 15:04:57,880 file.ManagerServant INFO Master manager not found
2024-11-07 15:05:07,924 file.ManagerServant INFO Master manager not found
2024-11-07 15:05:17,941 file.ManagerServant INFO Master manager not found
2024-11-07 15:05:27,953 file.ManagerServant INFO Master manager not found
2024-11-07 15:05:37,971 file.ManagerServant INFO Master manager not found
2024-11-07 15:05:47,952 file.ManagerServant INFO Master manager not found
2024-11-07 15:05:58,046 file.ManagerServant INFO Master manager not found
2024-11-07 15:06:08,135 file.ManagerServant INFO Master manager not found
2024-11-07 15:06:18,220 file.ManagerServant INFO Master manager not found
2024-11-07 15:06:28,335 file.ManagerServant INFO Master manager not found
2024-11-07 15:06:38,321 file.ManagerServant INFO Master manager not found
2024-11-07 15:06:48,419 file.ManagerServant INFO Master manager not found
2024-11-07 15:06:58,504 file.ManagerServant INFO Master manager not found
2024-11-07 15:07:08,597 file.ManagerServant INFO Master manager not found
2024-11-07 15:07:18,670 file.ManagerServant INFO Master manager not found
2024-11-07 15:07:28,741 file.ManagerServant INFO Master manager not found
2024-11-07 15:07:38,852 file.ManagerServant INFO Master manager not found
2024-11-07 15:07:48,852 file.ManagerServant INFO Master manager not found
2024-11-07 15:07:58,951 file.ManagerServant INFO Master manager not found
2024-11-07 15:08:09,067 file.ManagerServant INFO Master manager not found
2024-11-07 15:08:19,070 file.ManagerServant INFO Master manager not found
2024-11-07 15:08:29,083 file.ManagerServant INFO Master manager not found
2024-11-07 15:08:39,087 file.ManagerServant INFO Master manager not found
2024-11-07 15:08:49,087 file.ManagerServant INFO Master manager not found
2024-11-07 15:08:59,115 file.ManagerServant INFO Master manager not found
2024-11-07 15:09:09,113 file.ManagerServant INFO Master manager not found
2024-11-07 15:09:19,215 file.ManagerServant INFO Master manager not found
2024-11-07 15:09:29,186 file.ManagerServant INFO Master manager not found
2024-11-07 15:09:39,333 file.ManagerServant INFO Master manager not found
2024-11-07 15:09:49,313 file.ManagerServant INFO Master manager not found
2024-11-07 15:09:59,386 file.ManagerServant INFO Master manager not found
2024-11-07 15:10:09,482 file.ManagerServant INFO Master manager not found
2024-11-07 15:10:19,578 file.ManagerServant INFO Master manager not found
2024-11-07 15:10:29,678 file.ManagerServant INFO Master manager not found
2024-11-07 15:10:39,694 file.ManagerServant INFO Master manager not found
2024-11-07 15:10:49,687 file.ManagerServant INFO Master manager not found
2024-11-07 15:10:59,792 file.ManagerServant INFO Master manager not found
2024-11-07 15:11:09,921 file.ManagerServant INFO Master manager not found
2024-11-07 15:11:19,942 file.ManagerServant INFO Master manager not found
2024-11-07 15:11:29,911 file.ManagerServant INFO Master manager not found
2024-11-07 15:11:40,038 file.ManagerServant INFO Master manager not found
2024-11-07 15:11:50,065 file.ManagerServant INFO Master manager not found
2024-11-07 15:12:00,111 file.ManagerServant INFO Master manager not found
2024-11-07 15:12:10,117 file.ManagerServant INFO Master manager not found
2024-11-07 15:12:20,128 file.ManagerServant INFO Master manager not found
2024-11-07 15:12:30,117 file.ManagerServant INFO Master manager not found
2024-11-07 15:12:40,211 file.ManagerServant INFO Master manager not found
2024-11-07 15:12:50,265 file.ManagerServant INFO Master manager not found
2024-11-07 15:13:00,348 file.ManagerServant INFO Master manager not found
2024-11-07 15:13:10,446 file.ManagerServant INFO Master manager not found
2024-11-07 15:13:20,558 file.ManagerServant INFO Master manager not found
2024-11-07 15:13:30,573 file.ManagerServant INFO Master manager not found
2024-11-07 15:13:40,586 file.ManagerServant INFO Master manager not found
2024-11-07 15:13:50,558 file.ManagerServant INFO Master manager not found
2024-11-07 15:14:00,621 file.ManagerServant INFO Master manager not found
2024-11-07 15:14:10,713 file.ManagerServant INFO Master manager not found
2024-11-07 15:14:20,774 file.ManagerServant INFO Master manager not found
2024-11-07 15:14:30,880 file.ManagerServant INFO Master manager not found
2024-11-07 15:14:40,856 file.ManagerServant INFO Master manager not found
2024-11-07 15:14:50,943 file.ManagerServant INFO Master manager not found
2024-11-07 15:15:01,035 file.ManagerServant INFO Master manager not found
2024-11-07 15:15:11,115 file.ManagerServant INFO Master manager not found
2024-11-07 15:15:21,214 file.ManagerServant INFO Master manager not found
2024-11-07 15:15:31,205 file.ManagerServant INFO Master manager not found
2024-11-07 15:15:41,287 file.ManagerServant INFO Master manager not found
2024-11-07 15:15:51,399 file.ManagerServant INFO Master manager not found
2024-11-07 15:16:01,390 file.ManagerServant INFO Master manager not found
2024-11-07 15:16:11,469 file.ManagerServant INFO Master manager not found
2024-11-07 15:16:21,559 file.ManagerServant INFO Master manager not found
2024-11-07 15:16:31,658 file.ManagerServant INFO Master manager not found
2024-11-07 15:16:41,780 file.ManagerServant INFO Master manager not found
2024-11-07 15:16:51,788 file.ManagerServant INFO Master manager not found
2024-11-07 15:17:01,800 file.ManagerServant INFO Master manager not found
2024-11-07 15:17:11,806 file.ManagerServant INFO Master manager not found
2024-11-07 15:17:21,809 file.ManagerServant INFO Master manager not found
2024-11-07 15:17:31,826 file.ManagerServant INFO Master manager not found
