2024-10-24 18:38:53,138 file.manager INFO 2.0.2
2024-10-24 18:38:53,138 file.manager INFO Copyright (C) 2003-2024, Noriaki Ando and OpenRTM development team,
2024-10-24 18:38:53,138 file.manager INFO   Intelligent Systems Research Institute, AIST,
2024-10-24 18:38:53,138 file.manager INFO Copyright (C) 2024, Noriaki Ando and OpenRTM development team,
2024-10-24 18:38:53,138 file.manager INFO   Industrial Cyber-Physical Research Center, AIST,
2024-10-24 18:38:53,138 file.manager INFO   All right reserved.
2024-10-24 18:38:53,138 file.manager INFO Manager starting.
2024-10-24 18:38:53,138 file.manager INFO Starting local logging.
2024-10-24 18:38:53,142 file.manager.namingmanager INFO NameServer connection succeeded: corba/localhost
2024-10-24 18:38:57,261 file.ManagerServant INFO Master manager not found
2024-10-24 18:38:57,262 file.LocalServiceAdmin INFO All the local services are enabled.
2024-10-24 18:38:57,268 file.manager INFO Component type conf file: Motor.conf loaded.
2024-10-24 18:38:57,268 file.ec_base INFO setRate(1000000.000000) done
2024-10-24 18:38:57,268 file.ec_base INFO setRate(1000.000000) done
2024-10-24 18:38:57,268 file.rtobject INFO 1 execution context was created.
2024-10-24 18:38:57,268 file.rtobject INFO Initial active configuration set is default.
2024-10-24 18:39:11,392 file.ManagerServant INFO Master manager not found
2024-10-24 18:39:21,364 file.ManagerServant INFO Master manager not found
2024-10-24 18:39:21,688 file.SdoServiceAdmin WARNING No available SDO service in the factory: 
2024-10-24 18:39:21,688 file.SdoServiceAdmin ERROR type  not exists.
2024-10-24 18:39:31,441 file.ManagerServant INFO Master manager not found
2024-10-24 18:39:41,577 file.ManagerServant INFO Master manager not found
2024-10-24 18:39:51,609 file.ManagerServant INFO Master manager not found
2024-10-24 18:40:01,622 file.ManagerServant INFO Master manager not found
2024-10-24 18:40:11,577 file.ManagerServant INFO Master manager not found
2024-10-24 18:40:21,673 file.ManagerServant INFO Master manager not found
2024-10-24 18:40:31,794 file.ManagerServant INFO Master manager not found
2024-10-24 18:40:41,778 file.ManagerServant INFO Master manager not found
2024-10-24 18:40:51,855 file.ManagerServant INFO Master manager not found
2024-10-24 18:41:01,997 file.ManagerServant INFO Master manager not found
2024-10-24 18:41:11,970 file.ManagerServant INFO Master manager not found
2024-10-24 18:41:22,097 file.ManagerServant INFO Master manager not found
2024-10-24 18:41:32,089 file.ManagerServant INFO Master manager not found
2024-10-24 18:41:42,165 file.ManagerServant INFO Master manager not found
2024-10-24 18:41:52,262 file.ManagerServant INFO Master manager not found
2024-10-24 18:42:02,264 file.ManagerServant INFO Master manager not found
2024-10-24 18:42:12,268 file.ManagerServant INFO Master manager not found
2024-10-24 18:42:22,265 file.ManagerServant INFO Master manager not found
2024-10-24 18:42:32,342 file.ManagerServant INFO Master manager not found
2024-10-24 18:42:42,473 file.ManagerServant INFO Master manager not found
2024-10-24 18:42:52,509 file.ManagerServant INFO Master manager not found
2024-10-24 18:43:02,523 file.ManagerServant INFO Master manager not found
2024-10-24 18:43:12,527 file.ManagerServant INFO Master manager not found
2024-10-24 18:43:22,552 file.ManagerServant INFO Master manager not found
2024-10-24 18:43:32,623 file.ManagerServant INFO Master manager not found
2024-10-24 18:43:42,670 file.ManagerServant INFO Master manager not found
2024-10-24 18:43:52,713 file.ManagerServant INFO Master manager not found
2024-10-24 18:44:02,769 file.ManagerServant INFO Master manager not found
2024-10-24 18:44:12,816 file.ManagerServant INFO Master manager not found
2024-10-24 18:44:22,823 file.ManagerServant INFO Master manager not found
2024-10-24 18:44:32,825 file.ManagerServant INFO Master manager not found
2024-10-24 18:44:42,841 file.ManagerServant INFO Master manager not found
2024-10-24 18:44:52,834 file.ManagerServant INFO Master manager not found
2024-10-24 18:45:02,927 file.ManagerServant INFO Master manager not found
2024-10-24 18:45:13,057 file.ManagerServant INFO Master manager not found
2024-10-24 18:45:23,108 file.ManagerServant INFO Master manager not found
2024-10-24 18:45:33,127 file.ManagerServant INFO Master manager not found
2024-10-24 18:45:43,152 file.ManagerServant INFO Master manager not found
2024-10-24 18:45:53,155 file.ManagerServant INFO Master manager not found
2024-10-24 18:46:03,181 file.ManagerServant INFO Master manager not found
2024-10-24 18:46:13,216 file.ManagerServant INFO Master manager not found
2024-10-24 18:46:23,244 file.ManagerServant INFO Master manager not found
2024-10-24 18:46:33,300 file.ManagerServant INFO Master manager not found
2024-10-24 18:46:43,350 file.ManagerServant INFO Master manager not found
2024-10-24 18:46:53,391 file.ManagerServant INFO Master manager not found
2024-10-24 18:47:03,433 file.ManagerServant INFO Master manager not found
2024-10-24 18:47:13,476 file.ManagerServant INFO Master manager not found
2024-10-24 18:47:23,494 file.ManagerServant INFO Master manager not found
2024-10-24 18:47:33,545 file.ManagerServant INFO Master manager not found
2024-10-24 18:47:43,599 file.ManagerServant INFO Master manager not found
2024-10-24 18:47:53,655 file.ManagerServant INFO Master manager not found
2024-10-24 18:48:03,707 file.ManagerServant INFO Master manager not found
2024-10-24 18:48:13,731 file.ManagerServant INFO Master manager not found
2024-10-24 18:48:23,759 file.ManagerServant INFO Master manager not found
2024-10-24 18:48:33,781 file.ManagerServant INFO Master manager not found
2024-10-24 18:48:43,823 file.ManagerServant INFO Master manager not found
2024-10-24 18:48:53,866 file.ManagerServant INFO Master manager not found
2024-10-24 18:49:03,879 file.ManagerServant INFO Master manager not found
2024-10-24 18:49:13,885 file.ManagerServant INFO Master manager not found
2024-10-24 18:49:23,898 file.ManagerServant INFO Master manager not found
2024-10-24 18:49:33,925 file.ManagerServant INFO Master manager not found
2024-10-24 18:49:43,924 file.ManagerServant INFO Master manager not found
2024-10-24 18:49:53,971 file.ManagerServant INFO Master manager not found
2024-10-24 18:50:03,965 file.ManagerServant INFO Master manager not found
2024-10-24 18:50:13,987 file.ManagerServant INFO Master manager not found
2024-10-24 18:50:24,025 file.ManagerServant INFO Master manager not found
2024-10-24 18:50:34,047 file.ManagerServant INFO Master manager not found
2024-10-24 18:50:44,070 file.ManagerServant INFO Master manager not found
2024-10-24 18:50:54,126 file.ManagerServant INFO Master manager not found
2024-10-24 18:51:04,157 file.ManagerServant INFO Master manager not found
2024-10-24 18:51:14,167 file.ManagerServant INFO Master manager not found
2024-10-24 18:51:24,183 file.ManagerServant INFO Master manager not found
2024-10-24 18:51:34,197 file.ManagerServant INFO Master manager not found
2024-10-24 18:51:44,233 file.ManagerServant INFO Master manager not found
2024-10-24 18:51:54,276 file.ManagerServant INFO Master manager not found
2024-10-24 18:52:04,292 file.ManagerServant INFO Master manager not found
2024-10-24 18:52:14,311 file.ManagerServant INFO Master manager not found
2024-10-24 18:52:24,313 file.ManagerServant INFO Master manager not found
2024-10-24 18:52:34,341 file.ManagerServant INFO Master manager not found
2024-10-24 18:52:44,364 file.ManagerServant INFO Master manager not found
2024-10-24 18:52:54,363 file.ManagerServant INFO Master manager not found
2024-10-24 18:53:04,376 file.ManagerServant INFO Master manager not found
2024-10-24 18:53:14,376 file.ManagerServant INFO Master manager not found
2024-10-24 18:53:24,512 file.ManagerServant INFO Master manager not found
2024-10-24 18:53:34,539 file.ManagerServant INFO Master manager not found
2024-10-24 18:53:44,563 file.ManagerServant INFO Master manager not found
2024-10-24 18:53:54,559 file.ManagerServant INFO Master manager not found
2024-10-24 18:54:04,699 file.ManagerServant INFO Master manager not found
2024-10-24 18:54:14,710 file.ManagerServant INFO Master manager not found
2024-10-24 18:54:24,711 file.ManagerServant INFO Master manager not found
2024-10-24 18:54:34,717 file.ManagerServant INFO Master manager not found
2024-10-24 18:54:44,776 file.ManagerServant INFO Master manager not found
2024-10-24 18:54:54,808 file.ManagerServant INFO Master manager not found
2024-10-24 18:55:04,839 file.ManagerServant INFO Master manager not found
2024-10-24 18:55:14,841 file.ManagerServant INFO Master manager not found
2024-10-24 18:55:24,889 file.ManagerServant INFO Master manager not found
2024-10-24 18:55:34,930 file.ManagerServant INFO Master manager not found
2024-10-24 18:55:44,976 file.ManagerServant INFO Master manager not found
2024-10-24 18:55:55,021 file.ManagerServant INFO Master manager not found
2024-10-24 18:56:05,053 file.ManagerServant INFO Master manager not found
2024-10-24 18:56:15,080 file.ManagerServant INFO Master manager not found
2024-10-24 18:56:25,123 file.ManagerServant INFO Master manager not found
2024-10-24 18:56:35,149 file.ManagerServant INFO Master manager not found
2024-10-24 18:56:45,187 file.ManagerServant INFO Master manager not found
2024-10-24 18:56:55,215 file.ManagerServant INFO Master manager not found
2024-10-24 18:57:05,259 file.ManagerServant INFO Master manager not found
2024-10-24 18:57:15,281 file.ManagerServant INFO Master manager not found
2024-10-24 18:57:25,324 file.ManagerServant INFO Master manager not found
2024-10-24 18:57:35,309 file.ManagerServant INFO Master manager not found
2024-10-24 18:57:45,407 file.ManagerServant INFO Master manager not found
2024-10-24 18:57:55,508 file.ManagerServant INFO Master manager not found
2024-10-24 18:58:05,496 file.ManagerServant INFO Master manager not found
2024-10-24 18:58:15,608 file.ManagerServant INFO Master manager not found
2024-10-24 18:58:25,616 file.ManagerServant INFO Master manager not found
2024-10-24 18:58:35,647 file.ManagerServant INFO Master manager not found
2024-10-24 18:58:45,661 file.ManagerServant INFO Master manager not found
2024-10-24 18:58:55,700 file.ManagerServant INFO Master manager not found
2024-10-24 18:59:05,727 file.ManagerServant INFO Master manager not found
2024-10-24 18:59:15,723 file.ManagerServant INFO Master manager not found
2024-10-24 18:59:25,828 file.ManagerServant INFO Master manager not found
2024-10-24 18:59:35,839 file.ManagerServant INFO Master manager not found
2024-10-24 18:59:45,834 file.ManagerServant INFO Master manager not found
2024-10-24 18:59:55,957 file.ManagerServant INFO Master manager not found
2024-10-24 19:00:05,989 file.ManagerServant INFO Master manager not found
2024-10-24 19:00:15,992 file.ManagerServant INFO Master manager not found
2024-10-24 19:00:26,014 file.ManagerServant INFO Master manager not found
2024-10-24 19:00:36,028 file.ManagerServant INFO Master manager not found
2024-10-24 19:00:46,023 file.ManagerServant INFO Master manager not found
2024-10-24 19:00:56,185 file.ManagerServant INFO Master manager not found
2024-10-24 19:01:06,227 file.ManagerServant INFO Master manager not found
2024-10-24 19:01:16,221 file.ManagerServant INFO Master manager not found
2024-10-24 19:01:26,309 file.ManagerServant INFO Master manager not found
2024-10-24 19:01:36,419 file.ManagerServant INFO Master manager not found
2024-10-24 19:01:46,438 file.ManagerServant INFO Master manager not found
2024-10-24 19:01:56,451 file.ManagerServant INFO Master manager not found
2024-10-24 19:02:06,455 file.ManagerServant INFO Master manager not found
2024-10-24 19:02:16,473 file.ManagerServant INFO Master manager not found
2024-10-24 19:02:26,476 file.ManagerServant INFO Master manager not found
2024-10-24 19:02:36,450 file.ManagerServant INFO Master manager not found
2024-10-24 19:02:46,562 file.ManagerServant INFO Master manager not found
2024-10-24 19:02:56,599 file.ManagerServant INFO Master manager not found
2024-10-24 19:03:06,628 file.ManagerServant INFO Master manager not found
2024-10-24 19:03:16,636 file.ManagerServant INFO Master manager not found
2024-10-24 19:03:26,653 file.ManagerServant INFO Master manager not found
2024-10-24 19:03:36,710 file.ManagerServant INFO Master manager not found
2024-10-24 19:03:46,714 file.ManagerServant INFO Master manager not found
2024-10-24 19:03:56,746 file.ManagerServant INFO Master manager not found
2024-10-24 19:04:06,745 file.ManagerServant INFO Master manager not found
2024-10-24 19:04:16,842 file.ManagerServant INFO Master manager not found
2024-10-24 19:04:26,945 file.ManagerServant INFO Master manager not found
2024-10-24 19:04:37,058 file.ManagerServant INFO Master manager not found
2024-10-24 19:04:47,083 file.ManagerServant INFO Master manager not found
2024-10-24 19:04:57,125 file.ManagerServant INFO Master manager not found
2024-10-24 19:05:07,163 file.ManagerServant INFO Master manager not found
2024-10-24 19:05:17,166 file.ManagerServant INFO Master manager not found
2024-10-24 19:05:27,199 file.ManagerServant INFO Master manager not found
2024-10-24 19:05:37,225 file.ManagerServant INFO Master manager not found
2024-10-24 19:05:47,233 file.ManagerServant INFO Master manager not found
2024-10-24 19:05:57,234 file.ManagerServant INFO Master manager not found
2024-10-24 19:06:07,254 file.ManagerServant INFO Master manager not found
2024-10-24 19:06:17,286 file.ManagerServant INFO Master manager not found
2024-10-24 19:06:27,317 file.ManagerServant INFO Master manager not found
2024-10-24 19:06:37,348 file.ManagerServant INFO Master manager not found
2024-10-24 19:06:47,346 file.ManagerServant INFO Master manager not found
2024-10-24 19:06:57,439 file.ManagerServant INFO Master manager not found
2024-10-24 19:07:07,577 file.ManagerServant INFO Master manager not found
2024-10-24 19:07:17,566 file.ManagerServant INFO Master manager not found
2024-10-24 19:07:27,654 file.ManagerServant INFO Master manager not found
2024-10-24 19:07:37,758 file.ManagerServant INFO Master manager not found
2024-10-24 19:07:47,796 file.ManagerServant INFO Master manager not found
2024-10-24 19:07:57,837 file.ManagerServant INFO Master manager not found
2024-10-24 19:08:07,871 file.ManagerServant INFO Master manager not found
2024-10-24 19:08:17,895 file.ManagerServant INFO Master manager not found
2024-10-24 19:08:27,918 file.ManagerServant INFO Master manager not found
2024-10-24 19:08:37,939 file.ManagerServant INFO Master manager not found
2024-10-24 19:08:47,934 file.ManagerServant INFO Master manager not found
2024-10-24 19:08:58,025 file.ManagerServant INFO Master manager not found
2024-10-24 19:09:08,149 file.ManagerServant INFO Master manager not found
2024-10-24 19:09:18,184 file.ManagerServant INFO Master manager not found
2024-10-24 19:09:28,193 file.ManagerServant INFO Master manager not found
2024-10-24 19:09:38,205 file.ManagerServant INFO Master manager not found
2024-10-24 19:09:48,236 file.ManagerServant INFO Master manager not found
2024-10-24 19:09:58,252 file.ManagerServant INFO Master manager not found
2024-10-24 19:10:08,277 file.ManagerServant INFO Master manager not found
2024-10-24 19:10:18,305 file.ManagerServant INFO Master manager not found
2024-10-24 19:10:28,313 file.ManagerServant INFO Master manager not found
2024-10-24 19:10:38,306 file.ManagerServant INFO Master manager not found
2024-10-24 19:10:48,433 file.ManagerServant INFO Master manager not found
2024-10-24 19:10:58,465 file.ManagerServant INFO Master manager not found
2024-10-24 19:11:08,510 file.ManagerServant INFO Master manager not found
